#------------------------------------------------------------------------------
# irace: An implementation in R of (Elitist) Iterated Racing
# Version: 4.4.3.dd8d85f
# Copyright (C) 2010-2025
# Manuel Lopez-Ibanez     <manuel.lopez-ibanez@manchester.ac.uk>
# Jeremie Dubois-Lacoste
# Leslie Perez Caceres    <leslie.perez.caceres@ulb.ac.be>
#
# This is free software, and you are welcome to redistribute it under certain
# conditions.  See the GNU General Public License for details. There is NO
# WARRANTY; not even for MERCHANTABILITY or FITNESS FOR A PARTICULAR PURPOSE.
#
# irace builds upon previous code from the race package:
#     race: Racing methods for the selection of the best
#     Copyright (C) 2003 Mauro Birattari
#------------------------------------------------------------------------------
# installed at: /home/fabio/R/x86_64-pc-linux-gnu-library/4.3/irace
# called with: --scenario scenario_wide.txt
# 2026-07-02 13:48:22 CEST: Reading parameter file '/home/fabio/Master_Thesis/parameters_wide.txt'.
# 2026-07-02 13:48:23 CEST: Initialization
# Elitist race
# Elitist new instances: 1
# Elitist limit: 2
# nbIterations: 4
# minNbSurvival: 4
# nbParameters: 5
# seed: 1019830898
# confidence level: 0.95
# budget: 5000
# mu: 5
# deterministic: FALSE

# 2026-07-02 13:48:23 CEST: Iteration 1 of 4
# experimentsUsed: 0
# remainingBudget: 5000
# currentBudget: 1250
# nbConfigurations: 208
# Markers:
     x No test is performed.
     c Configurations are discarded only due to capping.
     - The test is performed and some configurations are discarded.
     = The test is performed but no configuration is discarded.
     ! The test is performed and configurations could be discarded but elite configurations are preserved.
     . Alive configurations were already evaluated on this instance and nothing is discarded.
     : All alive configurations are elite, but some need to be evaluated on this instance.

+-+-----------+-----------+-----------+----------------+-----------+--------+-----+----+------+
| |   Instance|      Alive|       Best|       Mean best| Exp so far|  W time|  rho|KenW|  Qvar|
+-+-----------+-----------+-----------+----------------+-----------+--------+-----+----+------+
|x|          1|        208|        158|     487.0000000|        208|00:02:26|   NA|  NA|    NA|
|x|          2|        208|        171|     890.5000000|        416|00:18:38|+0.01|0.51|1.0319|
|x|          3|        208|        171|     849.0000000|        624|00:00:52|+0.19|0.46|0.8597|
|x|          4|        208|        135|     1084.250000|        832|00:02:14|+0.15|0.36|0.9858|
|-|          5|         66|        135|     903.0000000|       1040|00:00:45|-0.03|0.18|1.1002|
|-|          6|         29|        171|     1123.000000|       1106|00:00:36|+0.01|0.18|1.0127|
|-|          7|         20|        171|     1124.142857|       1135|00:00:10|-0.07|0.08|1.0131|
|=|          8|         20|        171|     1117.500000|       1155|00:00:06|-0.07|0.06|1.0097|
|=|          9|         20|        171|     1028.777778|       1175|00:00:05|-0.06|0.05|0.8909|
+-+-----------+-----------+-----------+----------------+-----------+--------+-----+----+------+
Best-so-far configuration:         171    mean value:      1028.777778
Description of the best-so-far configuration:
    .ID. start_temp_factor min_temp_factor cooling_rate neighbors_accepted_ratio swap_rate .PARENT.
171  171            0.0011           1e-04       0.9927                   0.1422    0.2118       NA

# 2026-07-02 14:14:19 CEST: Elite configurations (first number is the configuration ID; listed from best to worst according to the sum of ranks):
    start_temp_factor min_temp_factor cooling_rate neighbors_accepted_ratio swap_rate
171            0.0011           1e-04       0.9927                   0.1422    0.2118
53             0.0019           1e-04       0.9946                   0.2448    0.5985
7              0.0028           1e-04       0.9941                   0.2174    0.8641
66             0.0015           1e-04       0.9911                   0.2038    0.1063
# 2026-07-02 14:14:19 CEST: Iteration 2 of 4
# experimentsUsed: 1175
# remainingBudget: 3825
# currentBudget: 1275
# nbConfigurations: 131
# Markers:
     x No test is performed.
     c Configurations are discarded only due to capping.
     - The test is performed and some configurations are discarded.
     = The test is performed but no configuration is discarded.
     ! The test is performed and configurations could be discarded but elite configurations are preserved.
     . Alive configurations were already evaluated on this instance and nothing is discarded.
     : All alive configurations are elite, but some need to be evaluated on this instance.

+-+-----------+-----------+-----------+----------------+-----------+--------+-----+----+------+
| |   Instance|      Alive|       Best|       Mean best| Exp so far|  W time|  rho|KenW|  Qvar|
+-+-----------+-----------+-----------+----------------+-----------+--------+-----+----+------+
|x|         10|        131|        242|     2000.000000|        131|00:01:17|   NA|  NA|    NA|
|x|          2|        131|        273|     1608.000000|        258|00:14:54|+0.28|0.64|1.0939|
|x|          5|        131|        317|     1163.333333|        385|00:00:39|+0.31|0.54|0.8792|
|x|          1|        131|        304|     962.7500000|        512|00:02:18|+0.39|0.54|0.7054|
|-|          4|         74|        228|     1094.200000|        639|00:01:59|-0.10|0.12|1.0109|
|=|          6|         74|        304|     1178.833333|        709|00:00:47|-0.04|0.13|0.9248|
|=|          8|         74|        304|     1054.857143|        779|00:00:28|-0.05|0.10|0.9952|
|=|          9|         74|        304|     962.8750000|        849|00:00:20|-0.04|0.09|0.8697|
|=|          3|         74|        256|     1060.111111|        919|00:00:26|-0.02|0.09|0.8515|
|=|          7|         74|        256|     1066.200000|        989|00:00:25|-0.01|0.09|0.8464|
|=|         11|         74|        304|     1128.272727|       1063|00:00:36|-0.01|0.08|0.8596|
+-+-----------+-----------+-----------+----------------+-----------+--------+-----+----+------+
Best-so-far configuration:         304    mean value:      1128.272727
Description of the best-so-far configuration:
    .ID. start_temp_factor min_temp_factor cooling_rate neighbors_accepted_ratio swap_rate .PARENT.
304  304             0.001           1e-04        0.993                   0.2366     0.202      171

# 2026-07-02 14:38:33 CEST: Elite configurations (first number is the configuration ID; listed from best to worst according to the sum of ranks):
    start_temp_factor min_temp_factor cooling_rate neighbors_accepted_ratio swap_rate
304            0.0010           1e-04       0.9930                   0.2366    0.2020
256            0.0011           1e-04       0.9937                   0.1393    0.4693
210            0.0012           1e-04       0.9952                   0.2655    0.5840
228            0.0009           1e-04       0.9919                   0.1773    0.0718
# 2026-07-02 14:38:33 CEST: Iteration 3 of 4
# experimentsUsed: 2238
# remainingBudget: 2762
# currentBudget: 1381
# nbConfigurations: 118
# Markers:
     x No test is performed.
     c Configurations are discarded only due to capping.
     - The test is performed and some configurations are discarded.
     = The test is performed but no configuration is discarded.
     ! The test is performed and configurations could be discarded but elite configurations are preserved.
     . Alive configurations were already evaluated on this instance and nothing is discarded.
     : All alive configurations are elite, but some need to be evaluated on this instance.

+-+-----------+-----------+-----------+----------------+-----------+--------+-----+----+------+
| |   Instance|      Alive|       Best|       Mean best| Exp so far|  W time|  rho|KenW|  Qvar|
+-+-----------+-----------+-----------+----------------+-----------+--------+-----+----+------+
|x|         12|        118|        402|     406.0000000|        118|00:00:51|   NA|  NA|    NA|
