#------------------------------------------------------------------------------
# irace: An implementation in R of (Elitist) Iterated Racing
# Version: 4.4.3.dd8d85f
# Copyright (C) 2010-2025
# Manuel Lopez-Ibanez     <manuel.lopez-ibanez@manchester.ac.uk>
# Jeremie Dubois-Lacoste
# Leslie Perez Caceres    <leslie.perez.caceres@ulb.ac.be>
#
# This is free software, and you are welcome to redistribute it under certain
# conditions.  See the GNU General Public License for details. There is NO
# WARRANTY; not even for MERCHANTABILITY or FITNESS FOR A PARTICULAR PURPOSE.
#
# irace builds upon previous code from the race package:
#     race: Racing methods for the selection of the best
#     Copyright (C) 2003 Mauro Birattari
#------------------------------------------------------------------------------
# installed at: /home/fabio/R/x86_64-pc-linux-gnu-library/4.3/irace
# called with: --scenario scenario_wide.txt --recovery-file irace.Rdata
# 2026-07-02 14:45:29 CEST: Reading parameter file '/home/fabio/Master_Thesis/parameters_wide.txt'.
Error: == irace == log file and recovery file should be different '/home/fabio/Master_Thesis/irace.Rdata'
Execution halted
#------------------------------------------------------------------------------
# irace: An implementation in R of (Elitist) Iterated Racing
# Version: 4.4.3.dd8d85f
# Copyright (C) 2010-2025
# Manuel Lopez-Ibanez     <manuel.lopez-ibanez@manchester.ac.uk>
# Jeremie Dubois-Lacoste
# Leslie Perez Caceres    <leslie.perez.caceres@ulb.ac.be>
#
# This is free software, and you are welcome to redistribute it under certain
# conditions.  See the GNU General Public License for details. There is NO
# WARRANTY; not even for MERCHANTABILITY or FITNESS FOR A PARTICULAR PURPOSE.
#
# irace builds upon previous code from the race package:
#     race: Racing methods for the selection of the best
#     Copyright (C) 2003 Mauro Birattari
#------------------------------------------------------------------------------
# installed at: /home/fabio/R/x86_64-pc-linux-gnu-library/4.3/irace
# called with: --scenario scenario_wide.txt --recovery-file recovery.Rdata --log-file irace_wide_run2.Rdata
# 2026-07-02 14:46:04 CEST: Reading parameter file '/home/fabio/Master_Thesis/parameters_wide.txt'.
# 2026-07-02 14:46:04 CEST: Recovering from file: '/home/fabio/Master_Thesis/recovery.Rdata'
# 2026-07-02 14:46:05 CEST: Initialization
# Elitist race
# Elitist new instances: 1
# Elitist limit: 2
# nbIterations: 4
# minNbSurvival: 4
# nbParameters: 5
# seed: 1019830898
# confidence level: 0.95
# budget: 5000
# mu: 5
# deterministic: FALSE

# 2026-07-02 14:46:05 CEST: Iteration 1 of 4
# experimentsUsed: 0
# remainingBudget: 5000
# currentBudget: 1250
# nbConfigurations: 208
# Markers:
     x No test is performed.
     c Configurations are discarded only due to capping.
     - The test is performed and some configurations are discarded.
     = The test is performed but no configuration is discarded.
     ! The test is performed and configurations could be discarded but elite configurations are preserved.
     . Alive configurations were already evaluated on this instance and nothing is discarded.
     : All alive configurations are elite, but some need to be evaluated on this instance.

+-+-----------+-----------+-----------+----------------+-----------+--------+-----+----+------+
| |   Instance|      Alive|       Best|       Mean best| Exp so far|  W time|  rho|KenW|  Qvar|
+-+-----------+-----------+-----------+----------------+-----------+--------+-----+----+------+
|x|          1|        208|        158|     487.0000000|        208|00:00:00|   NA|  NA|    NA|
|x|          2|        208|        171|     890.5000000|        416|00:00:00|+0.01|0.51|1.0319|
|x|          3|        208|        171|     849.0000000|        624|00:00:00|+0.19|0.46|0.8597|
|x|          4|        208|        135|     1084.250000|        832|00:00:00|+0.15|0.36|0.9858|
|-|          5|         66|        135|     903.0000000|       1040|00:00:00|-0.03|0.18|1.1002|
|-|          6|         29|        171|     1123.000000|       1106|00:00:00|+0.01|0.18|1.0127|
|-|          7|         20|        171|     1124.142857|       1135|00:00:00|-0.07|0.08|1.0131|
|=|          8|         20|        171|     1117.500000|       1155|00:00:00|-0.07|0.06|1.0097|
|=|          9|         20|        171|     1028.777778|       1175|00:00:00|-0.06|0.05|0.8909|
+-+-----------+-----------+-----------+----------------+-----------+--------+-----+----+------+
Best-so-far configuration:         171    mean value:      1028.777778
Description of the best-so-far configuration:
    .ID. start_temp_factor min_temp_factor cooling_rate neighbors_accepted_ratio swap_rate .PARENT.
171  171            0.0011           1e-04       0.9927                   0.1422    0.2118       NA

# 2026-07-02 14:46:06 CEST: Elite configurations (first number is the configuration ID; listed from best to worst according to the sum of ranks):
    start_temp_factor min_temp_factor cooling_rate neighbors_accepted_ratio swap_rate
171            0.0011           1e-04       0.9927                   0.1422    0.2118
53             0.0019           1e-04       0.9946                   0.2448    0.5985
7              0.0028           1e-04       0.9941                   0.2174    0.8641
66             0.0015           1e-04       0.9911                   0.2038    0.1063
# 2026-07-02 14:46:06 CEST: Iteration 2 of 4
# experimentsUsed: 1175
# remainingBudget: 3825
# currentBudget: 1275
# nbConfigurations: 131
# Markers:
     x No test is performed.
     c Configurations are discarded only due to capping.
     - The test is performed and some configurations are discarded.
     = The test is performed but no configuration is discarded.
     ! The test is performed and configurations could be discarded but elite configurations are preserved.
     . Alive configurations were already evaluated on this instance and nothing is discarded.
     : All alive configurations are elite, but some need to be evaluated on this instance.

+-+-----------+-----------+-----------+----------------+-----------+--------+-----+----+------+
| |   Instance|      Alive|       Best|       Mean best| Exp so far|  W time|  rho|KenW|  Qvar|
+-+-----------+-----------+-----------+----------------+-----------+--------+-----+----+------+
|x|         10|        131|        242|     2000.000000|        131|00:00:00|   NA|  NA|    NA|
|x|          2|        131|        273|     1608.000000|        258|00:00:00|+0.28|0.64|1.0939|
|x|          5|        131|        317|     1163.333333|        385|00:00:00|+0.31|0.54|0.8792|
|x|          1|        131|        304|     962.7500000|        512|00:00:00|+0.39|0.54|0.7054|
|-|          4|         74|        228|     1094.200000|        639|00:00:00|-0.10|0.12|1.0109|
|=|          6|         74|        304|     1178.833333|        709|00:00:00|-0.04|0.13|0.9248|
|=|          8|         74|        304|     1054.857143|        779|00:00:00|-0.05|0.10|0.9952|
|=|          9|         74|        304|     962.8750000|        849|00:00:00|-0.04|0.09|0.8697|
|=|          3|         74|        256|     1060.111111|        919|00:00:00|-0.02|0.09|0.8515|
|=|          7|         74|        256|     1066.200000|        989|00:00:00|-0.01|0.09|0.8464|
|=|         11|         74|        304|     1128.272727|       1063|00:00:00|-0.01|0.08|0.8596|
+-+-----------+-----------+-----------+----------------+-----------+--------+-----+----+------+
Best-so-far configuration:         304    mean value:      1128.272727
Description of the best-so-far configuration:
    .ID. start_temp_factor min_temp_factor cooling_rate neighbors_accepted_ratio swap_rate .PARENT.
304  304             0.001           1e-04        0.993                   0.2366     0.202      171

# 2026-07-02 14:46:06 CEST: Elite configurations (first number is the configuration ID; listed from best to worst according to the sum of ranks):
    start_temp_factor min_temp_factor cooling_rate neighbors_accepted_ratio swap_rate
304            0.0010           1e-04       0.9930                   0.2366    0.2020
256            0.0011           1e-04       0.9937                   0.1393    0.4693
210            0.0012           1e-04       0.9952                   0.2655    0.5840
228            0.0009           1e-04       0.9919                   0.1773    0.0718
# 2026-07-02 14:46:06 CEST: Iteration 3 of 4
# experimentsUsed: 2238
# remainingBudget: 2762
# currentBudget: 1381
# nbConfigurations: 118
# Markers:
     x No test is performed.
     c Configurations are discarded only due to capping.
     - The test is performed and some configurations are discarded.
     = The test is performed but no configuration is discarded.
     ! The test is performed and configurations could be discarded but elite configurations are preserved.
     . Alive configurations were already evaluated on this instance and nothing is discarded.
     : All alive configurations are elite, but some need to be evaluated on this instance.

+-+-----------+-----------+-----------+----------------+-----------+--------+-----+----+------+
| |   Instance|      Alive|       Best|       Mean best| Exp so far|  W time|  rho|KenW|  Qvar|
+-+-----------+-----------+-----------+----------------+-----------+--------+-----+----+------+
# 2026-07-02 14:46:06 CEST: Recovery completed.
|x|         12|        118|        402|     406.0000000|        118|00:00:00|   NA|  NA|    NA|
|x|          9|        118|        402|     362.5000000|        232|00:00:56|+0.00|0.50|0.4958|
|x|         10|        118|        380|     908.6666667|        346|00:02:16|+0.29|0.53|0.4423|
|x|          4|        118|        385|     1059.750000|        460|00:02:06|-0.10|0.18|0.8537|
|=|          6|        118|        256|     1197.400000|        574|00:01:23|-0.05|0.16|0.8331|
|=|          1|        118|        370|     1209.000000|        688|00:02:31|-0.00|0.16|0.7903|
|=|          3|        118|        256|     1035.857143|        802|00:00:43|+0.01|0.15|0.8111|
|=|          2|        118|        408|     1168.500000|        916|00:14:50|+0.02|0.14|0.8346|
|=|          8|        118|        256|     1092.777778|       1030|00:00:47|-0.01|0.10|0.8925|
|=|         11|        118|        304|     1208.400000|       1144|00:01:01|+0.01|0.11|0.9026|
|=|          7|        118|        400|     1222.909091|       1258|00:00:45|+0.01|0.10|0.9037|
|=|          5|        118|        304|     1115.250000|       1372|00:00:35|+0.01|0.09|0.9058|
+-+-----------+-----------+-----------+----------------+-----------+--------+-----+----+------+
Best-so-far configuration:         304    mean value:      1115.250000
Description of the best-so-far configuration:
    .ID. start_temp_factor min_temp_factor cooling_rate neighbors_accepted_ratio swap_rate .PARENT.
304  304             0.001           1e-04        0.993                   0.2366     0.202      171

# 2026-07-02 15:14:04 CEST: Elite configurations (first number is the configuration ID; listed from best to worst according to the sum of ranks):
    start_temp_factor min_temp_factor cooling_rate neighbors_accepted_ratio swap_rate
304            0.0010           1e-04       0.9930                   0.2366    0.2020
256            0.0011           1e-04       0.9937                   0.1393    0.4693
400            0.0011           1e-04       0.9958                   0.2815    0.5910
342            0.0013           1e-04       0.9955                   0.2523    0.5562
# 2026-07-02 15:14:04 CEST: Iteration 4 of 4
# experimentsUsed: 3610
# remainingBudget: 1390
# currentBudget: 1390
# nbConfigurations: 110
# Markers:
     x No test is performed.
     c Configurations are discarded only due to capping.
     - The test is performed and some configurations are discarded.
     = The test is performed but no configuration is discarded.
     ! The test is performed and configurations could be discarded but elite configurations are preserved.
     . Alive configurations were already evaluated on this instance and nothing is discarded.
     : All alive configurations are elite, but some need to be evaluated on this instance.

+-+-----------+-----------+-----------+----------------+-----------+--------+-----+----+------+
| |   Instance|      Alive|       Best|       Mean best| Exp so far|  W time|  rho|KenW|  Qvar|
+-+-----------+-----------+-----------+----------------+-----------+--------+-----+----+------+
|x|         13|        110|        304|     71.00000000|        110|00:00:25|   NA|  NA|    NA|
|x|         10|        110|        464|     1030.500000|        216|00:01:24|+0.06|0.53|0.8896|
|x|          3|        110|        551|     948.6666667|        322|00:00:41|+0.04|0.36|0.9410|
#------------------------------------------------------------------------------
# irace: An implementation in R of (Elitist) Iterated Racing
# Version: 4.4.3.dd8d85f
# Copyright (C) 2010-2025
# Manuel Lopez-Ibanez     <manuel.lopez-ibanez@manchester.ac.uk>
# Jeremie Dubois-Lacoste
# Leslie Perez Caceres    <leslie.perez.caceres@ulb.ac.be>
#
# This is free software, and you are welcome to redistribute it under certain
# conditions.  See the GNU General Public License for details. There is NO
# WARRANTY; not even for MERCHANTABILITY or FITNESS FOR A PARTICULAR PURPOSE.
#
# irace builds upon previous code from the race package:
#     race: Racing methods for the selection of the best
#     Copyright (C) 2003 Mauro Birattari
#------------------------------------------------------------------------------
# installed at: /home/fabio/R/x86_64-pc-linux-gnu-library/4.3/irace
# called with: --scenario scenario_wide.txt --recovery-file recovery2.Rdata --log-file irace_wide_run3.Rdata
# 2026-07-02 15:27:48 CEST: Reading parameter file '/home/fabio/Master_Thesis/parameters_wide.txt'.
# 2026-07-02 15:27:48 CEST: Recovering from file: '/home/fabio/Master_Thesis/recovery2.Rdata'
# 2026-07-02 15:27:48 CEST: Initialization
# Elitist race
# Elitist new instances: 1
# Elitist limit: 2
# nbIterations: 4
# minNbSurvival: 4
# nbParameters: 5
# seed: 1019830898
# confidence level: 0.95
# budget: 5000
# mu: 5
# deterministic: FALSE

# 2026-07-02 15:27:48 CEST: Iteration 1 of 4
# experimentsUsed: 0
# remainingBudget: 5000
# currentBudget: 1250
# nbConfigurations: 208
# Markers:
     x No test is performed.
     c Configurations are discarded only due to capping.
     - The test is performed and some configurations are discarded.
     = The test is performed but no configuration is discarded.
     ! The test is performed and configurations could be discarded but elite configurations are preserved.
     . Alive configurations were already evaluated on this instance and nothing is discarded.
     : All alive configurations are elite, but some need to be evaluated on this instance.

+-+-----------+-----------+-----------+----------------+-----------+--------+-----+----+------+
| |   Instance|      Alive|       Best|       Mean best| Exp so far|  W time|  rho|KenW|  Qvar|
+-+-----------+-----------+-----------+----------------+-----------+--------+-----+----+------+
|x|          1|        208|        158|     487.0000000|        208|00:00:00|   NA|  NA|    NA|
|x|          2|        208|        171|     890.5000000|        416|00:00:00|+0.01|0.51|1.0319|
|x|          3|        208|        171|     849.0000000|        624|00:00:00|+0.19|0.46|0.8597|
|x|          4|        208|        135|     1084.250000|        832|00:00:00|+0.15|0.36|0.9858|
|-|          5|         66|        135|     903.0000000|       1040|00:00:00|-0.03|0.18|1.1002|
|-|          6|         29|        171|     1123.000000|       1106|00:00:00|+0.01|0.18|1.0127|
|-|          7|         20|        171|     1124.142857|       1135|00:00:00|-0.07|0.08|1.0131|
|=|          8|         20|        171|     1117.500000|       1155|00:00:00|-0.07|0.06|1.0097|
|=|          9|         20|        171|     1028.777778|       1175|00:00:00|-0.06|0.05|0.8909|
+-+-----------+-----------+-----------+----------------+-----------+--------+-----+----+------+
Best-so-far configuration:         171    mean value:      1028.777778
Description of the best-so-far configuration:
    .ID. start_temp_factor min_temp_factor cooling_rate neighbors_accepted_ratio swap_rate .PARENT.
171  171            0.0011           1e-04       0.9927                   0.1422    0.2118       NA

# 2026-07-02 15:27:49 CEST: Elite configurations (first number is the configuration ID; listed from best to worst according to the sum of ranks):
    start_temp_factor min_temp_factor cooling_rate neighbors_accepted_ratio swap_rate
171            0.0011           1e-04       0.9927                   0.1422    0.2118
53             0.0019           1e-04       0.9946                   0.2448    0.5985
7              0.0028           1e-04       0.9941                   0.2174    0.8641
66             0.0015           1e-04       0.9911                   0.2038    0.1063
# 2026-07-02 15:27:49 CEST: Iteration 2 of 4
# experimentsUsed: 1175
# remainingBudget: 3825
# currentBudget: 1275
# nbConfigurations: 131
# Markers:
     x No test is performed.
     c Configurations are discarded only due to capping.
     - The test is performed and some configurations are discarded.
     = The test is performed but no configuration is discarded.
     ! The test is performed and configurations could be discarded but elite configurations are preserved.
     . Alive configurations were already evaluated on this instance and nothing is discarded.
     : All alive configurations are elite, but some need to be evaluated on this instance.

+-+-----------+-----------+-----------+----------------+-----------+--------+-----+----+------+
| |   Instance|      Alive|       Best|       Mean best| Exp so far|  W time|  rho|KenW|  Qvar|
+-+-----------+-----------+-----------+----------------+-----------+--------+-----+----+------+
|x|         10|        131|        242|     2000.000000|        131|00:00:00|   NA|  NA|    NA|
|x|          2|        131|        273|     1608.000000|        258|00:00:00|+0.28|0.64|1.0939|
|x|          5|        131|        317|     1163.333333|        385|00:00:00|+0.31|0.54|0.8792|
|x|          1|        131|        304|     962.7500000|        512|00:00:00|+0.39|0.54|0.7054|
|-|          4|         74|        228|     1094.200000|        639|00:00:00|-0.10|0.12|1.0109|
|=|          6|         74|        304|     1178.833333|        709|00:00:00|-0.04|0.13|0.9248|
|=|          8|         74|        304|     1054.857143|        779|00:00:00|-0.05|0.10|0.9952|
|=|          9|         74|        304|     962.8750000|        849|00:00:00|-0.04|0.09|0.8697|
|=|          3|         74|        256|     1060.111111|        919|00:00:00|-0.02|0.09|0.8515|
|=|          7|         74|        256|     1066.200000|        989|00:00:00|-0.01|0.09|0.8464|
|=|         11|         74|        304|     1128.272727|       1063|00:00:00|-0.01|0.08|0.8596|
+-+-----------+-----------+-----------+----------------+-----------+--------+-----+----+------+
Best-so-far configuration:         304    mean value:      1128.272727
Description of the best-so-far configuration:
    .ID. start_temp_factor min_temp_factor cooling_rate neighbors_accepted_ratio swap_rate .PARENT.
304  304             0.001           1e-04        0.993                   0.2366     0.202      171

# 2026-07-02 15:27:49 CEST: Elite configurations (first number is the configuration ID; listed from best to worst according to the sum of ranks):
    start_temp_factor min_temp_factor cooling_rate neighbors_accepted_ratio swap_rate
304            0.0010           1e-04       0.9930                   0.2366    0.2020
256            0.0011           1e-04       0.9937                   0.1393    0.4693
210            0.0012           1e-04       0.9952                   0.2655    0.5840
228            0.0009           1e-04       0.9919                   0.1773    0.0718
# 2026-07-02 15:27:49 CEST: Iteration 3 of 4
# experimentsUsed: 2238
# remainingBudget: 2762
# currentBudget: 1381
# nbConfigurations: 118
# Markers:
     x No test is performed.
     c Configurations are discarded only due to capping.
     - The test is performed and some configurations are discarded.
     = The test is performed but no configuration is discarded.
     ! The test is performed and configurations could be discarded but elite configurations are preserved.
     . Alive configurations were already evaluated on this instance and nothing is discarded.
     : All alive configurations are elite, but some need to be evaluated on this instance.

+-+-----------+-----------+-----------+----------------+-----------+--------+-----+----+------+
| |   Instance|      Alive|       Best|       Mean best| Exp so far|  W time|  rho|KenW|  Qvar|
+-+-----------+-----------+-----------+----------------+-----------+--------+-----+----+------+
|x|         12|        118|        402|     406.0000000|        118|00:00:00|   NA|  NA|    NA|
|x|          9|        118|        402|     362.5000000|        232|00:00:00|+0.00|0.50|0.4958|
|x|         10|        118|        380|     908.6666667|        346|00:00:00|+0.29|0.53|0.4423|
|x|          4|        118|        385|     1059.750000|        460|00:00:00|-0.10|0.18|0.8537|
|=|          6|        118|        256|     1197.400000|        574|00:00:00|-0.05|0.16|0.8331|
|=|          1|        118|        370|     1209.000000|        688|00:00:00|-0.00|0.16|0.7903|
|=|          3|        118|        256|     1035.857143|        802|00:00:00|+0.01|0.15|0.8111|
|=|          2|        118|        408|     1168.500000|        916|00:00:00|+0.02|0.14|0.8346|
|=|          8|        118|        256|     1092.777778|       1030|00:00:00|-0.01|0.10|0.8925|
|=|         11|        118|        304|     1208.400000|       1144|00:00:00|+0.01|0.11|0.9026|
|=|          7|        118|        400|     1222.909091|       1258|00:00:00|+0.01|0.10|0.9037|
|=|          5|        118|        304|     1115.250000|       1372|00:00:00|+0.01|0.09|0.9058|
+-+-----------+-----------+-----------+----------------+-----------+--------+-----+----+------+
Best-so-far configuration:         304    mean value:      1115.250000
Description of the best-so-far configuration:
    .ID. start_temp_factor min_temp_factor cooling_rate neighbors_accepted_ratio swap_rate .PARENT.
304  304             0.001           1e-04        0.993                   0.2366     0.202      171

# 2026-07-02 15:27:49 CEST: Elite configurations (first number is the configuration ID; listed from best to worst according to the sum of ranks):
    start_temp_factor min_temp_factor cooling_rate neighbors_accepted_ratio swap_rate
304            0.0010           1e-04       0.9930                   0.2366    0.2020
256            0.0011           1e-04       0.9937                   0.1393    0.4693
400            0.0011           1e-04       0.9958                   0.2815    0.5910
342            0.0013           1e-04       0.9955                   0.2523    0.5562
# 2026-07-02 15:27:49 CEST: Iteration 4 of 4
# experimentsUsed: 3610
# remainingBudget: 1390
# currentBudget: 1390
# nbConfigurations: 110
# Markers:
     x No test is performed.
     c Configurations are discarded only due to capping.
     - The test is performed and some configurations are discarded.
     = The test is performed but no configuration is discarded.
     ! The test is performed and configurations could be discarded but elite configurations are preserved.
     . Alive configurations were already evaluated on this instance and nothing is discarded.
     : All alive configurations are elite, but some need to be evaluated on this instance.

+-+-----------+-----------+-----------+----------------+-----------+--------+-----+----+------+
| |   Instance|      Alive|       Best|       Mean best| Exp so far|  W time|  rho|KenW|  Qvar|
+-+-----------+-----------+-----------+----------------+-----------+--------+-----+----+------+
|x|         13|        110|        304|     71.00000000|        110|00:00:00|   NA|  NA|    NA|
# 2026-07-02 15:27:49 CEST: Recovery completed.
|x|         10|        110|        464|     1030.500000|        216|00:00:00|+0.06|0.53|0.8896|
|x|          3|        110|        551|     948.6666667|        322|00:00:41|+0.04|0.36|0.9410|
|x|          2|        110|        551|     1035.750000|        428|00:14:39|+0.03|0.28|0.9470|
|=|          4|        110|        551|     1124.200000|        534|00:02:02|+0.03|0.23|0.9765|
|=|          1|        110|        551|     1020.333333|        640|00:02:09|+0.01|0.18|0.9774|
|=|          5|        110|        551|     898.8571429|        746|00:00:32|-0.00|0.14|0.9881|
|=|         11|        110|        551|     984.3750000|        852|00:00:54|+0.00|0.13|0.9904|
|=|         12|        110|        551|     995.2222222|        958|00:00:45|-0.00|0.11|0.9933|
|=|          7|        110|        551|     1006.900000|       1064|00:00:38|+0.02|0.12|0.9787|
|=|          6|        110|        551|     1073.545455|       1170|00:01:15|+0.01|0.10|0.9860|
|=|          9|        110|        551|     1010.666667|       1276|00:00:28|+0.01|0.09|0.9042|
|=|          8|        110|        551|     956.2307692|       1382|00:00:40|+0.01|0.08|0.9207|
+-+-----------+-----------+-----------+----------------+-----------+--------+-----+----+------+
Best-so-far configuration:         551    mean value:      956.2307692
Description of the best-so-far configuration:
    .ID. start_temp_factor min_temp_factor cooling_rate neighbors_accepted_ratio swap_rate .PARENT.
551  551            0.0013           1e-04       0.9962                    0.278    0.6132      400

# 2026-07-02 15:52:37 CEST: Elite configurations (first number is the configuration ID; listed from best to worst according to the sum of ranks):
    start_temp_factor min_temp_factor cooling_rate neighbors_accepted_ratio swap_rate
551            0.0013           1e-04       0.9962                   0.2780    0.6132
304            0.0010           1e-04       0.9930                   0.2366    0.2020
400            0.0011           1e-04       0.9958                   0.2815    0.5910
545            0.0010           1e-04       0.9929                   0.2346    0.1746
# 2026-07-02 15:52:37 CEST: Stopped because there is not enough budget left to race more than the minimum (4).
# You may either increase the budget or set 'minNbSurvival' to a lower value.
# Iteration: 5
# nbIterations: 5
# experimentsUsed: 4992
# timeUsed: 0
# remainingBudget: 8
# currentBudget: 8
# number of elites: 4
# nbConfigurations: 4
# Total CPU user time: 5797.819, CPU sys time: 61.28, Wall-clock time: 1488.709
# 2026-07-02 15:52:37 CEST: Starting post-selection:
# Configurations selected: 551, 304, 400, 545, 256, 342, 450, 451.
# Pending instances: 0, 0, 0, 0, 0, 0, 0, 0.
# 2026-07-02 15:52:37 CEST: seed: 1019830898
# Configurations: 8
# Available experiments: 8
# minSurvival: 1
# Markers:
     x No test is performed.
     c Configurations are discarded only due to capping.
     - The test is performed and some configurations are discarded.
     = The test is performed but no configuration is discarded.
     ! The test is performed and configurations could be discarded but elite configurations are preserved.
     . Alive configurations were already evaluated on this instance and nothing is discarded.
     : All alive configurations are elite, but some need to be evaluated on this instance.

+-+-----------+-----------+-----------+----------------+-----------+--------+-----+----+------+
| |   Instance|      Alive|       Best|       Mean best| Exp so far|  W time|  rho|KenW|  Qvar|
+-+-----------+-----------+-----------+----------------+-----------+--------+-----+----+------+
|.|          1|          8|        304|     465.0000000|          0|00:00:00|   NA|  NA|    NA|
|.|          9|          8|        304|     392.0000000|          0|00:00:00|+0.00|0.50|0.4375|
|.|          3|          8|        304|     524.6666667|          0|00:00:00|-0.02|0.32|0.5931|
|.|          4|          8|        304|     768.0000000|          0|00:00:00|+0.04|0.28|0.5299|
|.|          8|          8|        304|     676.6000000|          0|00:00:00|+0.13|0.31|0.5016|
|.|          5|          8|        304|     592.8333333|          0|00:00:00|+0.14|0.28|0.5522|
|.|         10|          8|        304|     797.7142857|          0|00:00:00|+0.19|0.31|0.6386|
|.|          2|          8|        304|     846.1250000|          0|00:00:00|+0.13|0.24|0.6974|
|.|         12|          8|        304|     860.1111111|          0|00:00:00|+0.04|0.15|0.7657|
|.|          7|          8|        304|     886.6000000|          0|00:00:00|+0.04|0.14|0.7773|
|.|         13|          8|        304|     812.4545455|          0|00:00:00|+0.04|0.13|0.7075|
|.|          6|          8|        304|     888.4166667|          0|00:00:00|-0.00|0.08|0.7264|
|.|         11|          8|        304|     1034.923077|          0|00:00:00|+0.00|0.08|0.7305|
|=|         14|          8|        551|     953.7142857|          8|00:00:06|-0.01|0.06|0.7591|
+-+-----------+-----------+-----------+----------------+-----------+--------+-----+----+------+
Best-so-far configuration:         551    mean value:      953.7142857
Description of the best-so-far configuration:
    .ID. start_temp_factor min_temp_factor cooling_rate neighbors_accepted_ratio swap_rate .PARENT.
551  551            0.0013           1e-04       0.9962                    0.278    0.6132      400

# 2026-07-02 15:52:43 CEST: Elite configurations (first number is the configuration ID; listed from best to worst according to the sum of ranks):
    start_temp_factor min_temp_factor cooling_rate neighbors_accepted_ratio swap_rate
551            0.0013           1e-04       0.9962                   0.2780    0.6132
304            0.0010           1e-04       0.9930                   0.2366    0.2020
342            0.0013           1e-04       0.9955                   0.2523    0.5562
400            0.0011           1e-04       0.9958                   0.2815    0.5910
# Total CPU user time: 5819.386, CPU sys time: 61.724, Wall-clock time: 1494.844
# Best configurations (first number is the configuration ID; listed from best to worst according to the sum of ranks):
    start_temp_factor min_temp_factor cooling_rate neighbors_accepted_ratio swap_rate
551            0.0013           1e-04       0.9962                   0.2780    0.6132
304            0.0010           1e-04       0.9930                   0.2366    0.2020
342            0.0013           1e-04       0.9955                   0.2523    0.5562
400            0.0011           1e-04       0.9958                   0.2815    0.5910
# Best configurations as commandlines (first number is the configuration ID; listed from best to worst according to the sum of ranks):
551 --start_temp_factor 0.0013 --min_temp_factor 0.0001 --BSA::cooling_rate 0.9962 --BSA::neighbors_accepted_ratio 0.278 --main::swap_rate 0.6132
304 --start_temp_factor 0.001 --min_temp_factor 0.0001 --BSA::cooling_rate 0.993 --BSA::neighbors_accepted_ratio 0.2366 --main::swap_rate 0.202
342 --start_temp_factor 0.0013 --min_temp_factor 0.0001 --BSA::cooling_rate 0.9955 --BSA::neighbors_accepted_ratio 0.2523 --main::swap_rate 0.5562
400 --start_temp_factor 0.0011 --min_temp_factor 0.0001 --BSA::cooling_rate 0.9958 --BSA::neighbors_accepted_ratio 0.2815 --main::swap_rate 0.591


# Testing of elite configurations: 1 
# Testing iteration configurations: FALSE 
# 2026-07-02 15:52:43 CEST: No test instances, skip testing
