#------------------------------------------------------------------------------
# irace: An implementation in R of (Elitist) Iterated Racing
# Version: 4.4.3.dd8d85f
# Copyright (C) 2010-2025
# Manuel Lopez-Ibanez     <manuel.lopez-ibanez@manchester.ac.uk>
# Jeremie Dubois-Lacoste
# Leslie Perez Caceres    <leslie.perez.caceres@ulb.ac.be>
#
# This is free software, and you are welcome to redistribute it under certain
# conditions.  See the GNU General Public License for details. There is NO
# WARRANTY; not even for MERCHANTABILITY or FITNESS FOR A PARTICULAR PURPOSE.
#
# irace builds upon previous code from the race package:
#     race: Racing methods for the selection of the best
#     Copyright (C) 2003 Mauro Birattari
#------------------------------------------------------------------------------
# installed at: /home/fabio/R/x86_64-pc-linux-gnu-library/4.3/irace
# called with: --scenario scenario_tight.txt --log-file irace_tight.Rdata
# 2026-07-03 10:56:14 CEST: Reading parameter file '/home/fabio/Master_Thesis/parameters_tight.txt'.
# 2026-07-03 10:56:15 CEST: Initialization
# Elitist race
# Elitist new instances: 1
# Elitist limit: 2
# nbIterations: 4
# minNbSurvival: 4
# nbParameters: 5
# seed: 823955479
# confidence level: 0.95
# budget: 5000
# mu: 5
# deterministic: FALSE

# 2026-07-03 10:56:15 CEST: Iteration 1 of 4
# experimentsUsed: 0
# remainingBudget: 5000
# currentBudget: 1250
# nbConfigurations: 208
# Markers:
     x No test is performed.
     c Configurations are discarded only due to capping.
     - The test is performed and some configurations are discarded.
     = The test is performed but no configuration is discarded.
     ! The test is performed and configurations could be discarded but elite configurations are preserved.
     . Alive configurations were already evaluated on this instance and nothing is discarded.
     : All alive configurations are elite, but some need to be evaluated on this instance.

+-+-----------+-----------+-----------+----------------+-----------+--------+-----+----+------+
| |   Instance|      Alive|       Best|       Mean best| Exp so far|  W time|  rho|KenW|  Qvar|
+-+-----------+-----------+-----------+----------------+-----------+--------+-----+----+------+
|x|          1|        208|        164|     606.0000000|        208|00:01:37|   NA|  NA|    NA|
|x|          2|        208|        201|     527.5000000|        416|00:02:57|+0.36|0.68|0.7287|
|x|          3|        208|        201|     1257.000000|        624|00:00:32|+0.39|0.60|0.7210|
|x|          4|        208|        201|     1273.000000|        832|00:00:41|+0.47|0.60|0.6297|
|-|          5|         34|        201|     1086.000000|       1040|00:00:56|+0.28|0.42|0.8302|
|-|          6|         11|        201|     1012.500000|       1074|00:00:08|+0.08|0.23|0.9254|
|=|          7|         11|        201|     881.1428571|       1085|00:00:03|+0.12|0.24|0.8856|
|-|          8|          3|        201|     800.8750000|       1096|00:00:03|+0.34|0.42|0.5029|
+-+-----------+-----------+-----------+----------------+-----------+--------+-----+----+------+
Best-so-far configuration:         201    mean value:      800.8750000
Description of the best-so-far configuration:
    .ID. start_temp_factor min_temp_factor cooling_rate neighbors_accepted_ratio swap_rate .PARENT.
201  201            0.1633           1e-04       0.9985                   0.2545    0.5054       NA

# 2026-07-03 11:03:16 CEST: Elite configurations (first number is the configuration ID; listed from best to worst according to the sum of ranks):
    start_temp_factor min_temp_factor cooling_rate neighbors_accepted_ratio swap_rate
201            0.1633           1e-04       0.9985                   0.2545    0.5054
44             0.4314           1e-04       0.9916                   0.2126    0.1890
145            0.2548           1e-04       0.9954                   0.2760    0.2789
# 2026-07-03 11:03:16 CEST: Iteration 2 of 4
# experimentsUsed: 1096
# remainingBudget: 3904
# currentBudget: 1301
# nbConfigurations: 147
# Markers:
     x No test is performed.
     c Configurations are discarded only due to capping.
     - The test is performed and some configurations are discarded.
     = The test is performed but no configuration is discarded.
     ! The test is performed and configurations could be discarded but elite configurations are preserved.
     . Alive configurations were already evaluated on this instance and nothing is discarded.
     : All alive configurations are elite, but some need to be evaluated on this instance.

+-+-----------+-----------+-----------+----------------+-----------+--------+-----+----+------+
| |   Instance|      Alive|       Best|       Mean best| Exp so far|  W time|  rho|KenW|  Qvar|
+-+-----------+-----------+-----------+----------------+-----------+--------+-----+----+------+
|x|          9|        147|        338|     101.0000000|        147|00:01:34|   NA|  NA|    NA|
|x|          5|        147|        201|     226.0000000|        291|00:00:51|+0.14|0.57|1.0234|
|x|          2|        147|        201|     298.0000000|        435|00:03:13|+0.17|0.45|0.9410|
|x|          8|        147|        201|     283.2500000|        579|00:00:43|+0.20|0.40|0.9031|
|-|          7|         41|        201|     245.2000000|        723|00:00:45|-0.08|0.13|1.0563|
|=|          3|         41|        201|     657.0000000|        761|00:00:09|-0.04|0.14|1.0238|
|=|          1|         41|        201|     650.7142857|        799|00:00:20|+0.03|0.17|0.9823|
|-|          4|          8|        201|     734.5000000|        837|00:00:12|+0.08|0.19|0.8079|
|=|          6|          8|        201|     724.5555556|        842|00:00:02|+0.10|0.20|0.8173|
|-|         10|          2|        201|     703.1000000|        850|00:00:07|-0.06|0.05|0.4222|
+-+-----------+-----------+-----------+----------------+-----------+--------+-----+----+------+
Best-so-far configuration:         201    mean value:      703.1000000
Description of the best-so-far configuration:
    .ID. start_temp_factor min_temp_factor cooling_rate neighbors_accepted_ratio swap_rate .PARENT.
201  201            0.1633           1e-04       0.9985                   0.2545    0.5054       NA

# 2026-07-03 11:11:15 CEST: Elite configurations (first number is the configuration ID; listed from best to worst according to the sum of ranks):
    start_temp_factor min_temp_factor cooling_rate neighbors_accepted_ratio swap_rate
201            0.1633           1e-04       0.9985                   0.2545    0.5054
301            0.1276           1e-04       0.9963                   0.2449    0.4288
# 2026-07-03 11:11:15 CEST: Iteration 3 of 4
# experimentsUsed: 1946
# remainingBudget: 3054
# currentBudget: 1527
# nbConfigurations: 140
# Markers:
     x No test is performed.
     c Configurations are discarded only due to capping.
     - The test is performed and some configurations are discarded.
     = The test is performed but no configuration is discarded.
     ! The test is performed and configurations could be discarded but elite configurations are preserved.
     . Alive configurations were already evaluated on this instance and nothing is discarded.
     : All alive configurations are elite, but some need to be evaluated on this instance.

+-+-----------+-----------+-----------+----------------+-----------+--------+-----+----+------+
| |   Instance|      Alive|       Best|       Mean best| Exp so far|  W time|  rho|KenW|  Qvar|
+-+-----------+-----------+-----------+----------------+-----------+--------+-----+----+------+
|x|         11|        140|        458|     495.0000000|        140|00:00:42|   NA|  NA|    NA|
|x|          7|        140|        444|     293.5000000|        278|00:00:53|-0.11|0.45|1.0902|
|x|          8|        140|        434|     277.3333333|        416|00:00:47|-0.04|0.31|1.0517|
|x|          4|        140|        434|     536.5000000|        554|00:00:46|+0.06|0.30|0.9561|
|=|          9|        140|        201|     455.6000000|        692|00:01:31|+0.05|0.24|0.9800|
|-|         10|         65|        201|     464.6666667|        830|00:02:07|-0.10|0.09|1.0915|
|=|          1|         65|        201|     485.8571429|        893|00:00:34|-0.04|0.11|1.0504|
|=|          6|         65|        489|     505.8750000|        956|00:00:20|-0.05|0.08|1.0477|
|=|          5|         65|        201|     487.1111111|       1019|00:00:25|-0.04|0.08|1.0303|
|=|          2|         65|        201|     482.6000000|       1082|00:01:35|-0.03|0.08|1.0147|
|=|          3|         65|        201|     685.6363636|       1145|00:00:15|-0.02|0.07|1.0155|
|=|         12|         65|        201|     669.8333333|       1210|00:00:29|-0.02|0.07|0.9283|
+-+-----------+-----------+-----------+----------------+-----------+--------+-----+----+------+
Best-so-far configuration:         201    mean value:      669.8333333
Description of the best-so-far configuration:
    .ID. start_temp_factor min_temp_factor cooling_rate neighbors_accepted_ratio swap_rate .PARENT.
201  201            0.1633           1e-04       0.9985                   0.2545    0.5054       NA

# 2026-07-03 11:21:46 CEST: Elite configurations (first number is the configuration ID; listed from best to worst according to the sum of ranks):
    start_temp_factor min_temp_factor cooling_rate neighbors_accepted_ratio swap_rate
201            0.1633           1e-04       0.9985                   0.2545    0.5054
489            0.1039           1e-04       0.9988                   0.2392    0.5491
427            0.1615           1e-04       0.9982                   0.2653    0.5356
301            0.1276           1e-04       0.9963                   0.2449    0.4288
# 2026-07-03 11:21:46 CEST: Iteration 4 of 4
# experimentsUsed: 3156
# remainingBudget: 1844
# currentBudget: 1844
# nbConfigurations: 145
# Markers:
     x No test is performed.
     c Configurations are discarded only due to capping.
     - The test is performed and some configurations are discarded.
     = The test is performed but no configuration is discarded.
     ! The test is performed and configurations could be discarded but elite configurations are preserved.
     . Alive configurations were already evaluated on this instance and nothing is discarded.
     : All alive configurations are elite, but some need to be evaluated on this instance.

+-+-----------+-----------+-----------+----------------+-----------+--------+-----+----+------+
| |   Instance|      Alive|       Best|       Mean best| Exp so far|  W time|  rho|KenW|  Qvar|
+-+-----------+-----------+-----------+----------------+-----------+--------+-----+----+------+
|x|         13|        145|        499|     395.0000000|        145|00:01:04|   NA|  NA|    NA|
|x|          8|        145|        503|     311.0000000|        286|00:00:46|+0.09|0.54|0.9672|
|x|          7|        145|        506|     242.3333333|        427|00:00:49|-0.01|0.32|1.0464|
|x|         10|        145|        608|     325.0000000|        568|00:02:23|+0.00|0.25|1.0226|
|=|         12|        145|        608|     359.2000000|        709|00:01:04|+0.00|0.20|0.8122|
|=|         11|        145|        608|     383.6666667|        850|00:00:40|+0.02|0.18|0.8228|
|=|          4|        145|        608|     520.5714286|        991|00:00:51|+0.02|0.16|0.8461|
|=|          3|        145|        608|     793.3750000|       1132|00:00:40|+0.01|0.14|0.8638|
|=|          5|        145|        608|     744.7777778|       1273|00:01:00|+0.02|0.13|0.8806|
|-|          6|         56|        608|     731.4000000|       1414|00:00:48|-0.06|0.04|0.9256|
|=|          2|         56|        608|     705.6363636|       1466|00:01:19|-0.05|0.04|0.9327|
|=|          9|         56|        608|     656.3333333|       1518|00:00:35|-0.04|0.04|0.9340|
|=|          1|         56|        608|     654.3846154|       1570|00:00:28|-0.03|0.05|0.9334|
|=|         14|         56|        608|     642.5000000|       1626|00:01:17|-0.03|0.05|0.9283|
+-+-----------+-----------+-----------+----------------+-----------+--------+-----+----+------+
Best-so-far configuration:         608    mean value:      642.5000000
Description of the best-so-far configuration:
    .ID. start_temp_factor min_temp_factor cooling_rate neighbors_accepted_ratio swap_rate .PARENT.
608  608            0.1019           1e-04       0.9988                   0.2379    0.5378      489

# 2026-07-03 11:35:38 CEST: Elite configurations (first number is the configuration ID; listed from best to worst according to the sum of ranks):
    start_temp_factor min_temp_factor cooling_rate neighbors_accepted_ratio swap_rate
608            0.1019           1e-04       0.9988                   0.2379    0.5378
489            0.1039           1e-04       0.9988                   0.2392    0.5491
427            0.1615           1e-04       0.9982                   0.2653    0.5356
514            0.1052           1e-04       0.9990                   0.2313    0.4833
# 2026-07-03 11:35:38 CEST: Iteration 5 of 5
# experimentsUsed: 4782
# remainingBudget: 218
# currentBudget: 218
# nbConfigurations: 18
# Markers:
     x No test is performed.
     c Configurations are discarded only due to capping.
     - The test is performed and some configurations are discarded.
     = The test is performed but no configuration is discarded.
     ! The test is performed and configurations could be discarded but elite configurations are preserved.
     . Alive configurations were already evaluated on this instance and nothing is discarded.
     : All alive configurations are elite, but some need to be evaluated on this instance.

+-+-----------+-----------+-----------+----------------+-----------+--------+-----+----+------+
| |   Instance|      Alive|       Best|       Mean best| Exp so far|  W time|  rho|KenW|  Qvar|
+-+-----------+-----------+-----------+----------------+-----------+--------+-----+----+------+
|x|         15|         18|        632|     177.0000000|         18|00:00:06|   NA|  NA|    NA|
|x|         11|         18|        514|     344.5000000|         32|00:00:04|-0.11|0.44|0.7892|
|x|          7|         18|        635|     261.6666667|         46|00:00:05|-0.00|0.33|0.8351|
|x|          1|         18|        635|     347.0000000|         60|00:00:08|+0.07|0.31|0.8219|
|=|         13|         18|        635|     358.4000000|         74|00:00:07|+0.08|0.27|0.8647|
|=|          9|         18|        514|     343.8333333|         88|00:00:10|+0.11|0.26|0.8763|
|=|          5|         18|        514|     345.8571429|        102|00:00:05|+0.10|0.23|0.9021|
|=|          4|         18|        514|     469.5000000|        116|00:00:05|+0.03|0.16|0.9351|
|=|          2|         18|        514|     470.2222222|        130|00:00:23|+0.01|0.12|0.9473|
|=|          8|         18|        514|     447.4000000|        144|00:00:05|-0.01|0.10|0.9602|
|=|         10|         18|        514|     454.0909091|        158|00:00:14|+0.01|0.10|0.9540|
|=|         12|         18|        514|     457.5833333|        172|00:00:06|+0.01|0.09|0.8737|
|=|         14|         18|        608|     451.6923077|        186|00:00:21|+0.01|0.08|0.8718|
|=|          6|         18|        608|     463.0714286|        200|00:00:04|+0.03|0.10|0.8553|
|=|          3|         18|        608|     612.4000000|        214|00:00:04|+0.03|0.10|0.8634|
+-+-----------+-----------+-----------+----------------+-----------+--------+-----+----+------+
Best-so-far configuration:         608    mean value:      612.4000000
Description of the best-so-far configuration:
    .ID. start_temp_factor min_temp_factor cooling_rate neighbors_accepted_ratio swap_rate .PARENT.
608  608            0.1019           1e-04       0.9988                   0.2379    0.5378      489

# 2026-07-03 11:37:51 CEST: Elite configurations (first number is the configuration ID; listed from best to worst according to the sum of ranks):
    start_temp_factor min_temp_factor cooling_rate neighbors_accepted_ratio swap_rate
608            0.1019           1e-04       0.9988                   0.2379    0.5378
489            0.1039           1e-04       0.9988                   0.2392    0.5491
514            0.1052           1e-04       0.9990                   0.2313    0.4833
427            0.1615           1e-04       0.9982                   0.2653    0.5356
# 2026-07-03 11:37:51 CEST: Stopped because there is not enough budget left to race more than the minimum (4).
# You may either increase the budget or set 'minNbSurvival' to a lower value.
# Iteration: 6
# nbIterations: 6
# experimentsUsed: 4996
# timeUsed: 0
# remainingBudget: 4
# currentBudget: 4
# number of elites: 4
# nbConfigurations: 4
# Total CPU user time: 9540.395, CPU sys time: 286.023, Wall-clock time: 2496.841
# 2026-07-03 11:37:51 CEST: Starting post-selection:
# Configurations selected: 608, 489, 514, 427.
# Pending instances: 0, 0, 0, 0.
# 2026-07-03 11:37:52 CEST: seed: 823955479
# Configurations: 4
# Available experiments: 4
# minSurvival: 1
# Markers:
     x No test is performed.
     c Configurations are discarded only due to capping.
     - The test is performed and some configurations are discarded.
     = The test is performed but no configuration is discarded.
     ! The test is performed and configurations could be discarded but elite configurations are preserved.
     . Alive configurations were already evaluated on this instance and nothing is discarded.
     : All alive configurations are elite, but some need to be evaluated on this instance.

+-+-----------+-----------+-----------+----------------+-----------+--------+-----+----+------+
| |   Instance|      Alive|       Best|       Mean best| Exp so far|  W time|  rho|KenW|  Qvar|
+-+-----------+-----------+-----------+----------------+-----------+--------+-----+----+------+
|.|          2|          4|        608|     448.0000000|          0|00:00:00|   NA|  NA|    NA|
|.|          7|          4|        608|     306.0000000|          0|00:00:00|+0.74|0.87|0.3186|
|.|         11|          4|        608|     372.6666667|          0|00:00:00|+0.21|0.47|0.6082|
|.|          9|          4|        608|     308.0000000|          0|00:00:00|+0.11|0.34|0.6953|
|.|          5|          4|        608|     317.6000000|          0|00:00:00|+0.03|0.22|0.7295|
|.|         10|          4|        608|     348.6666667|          0|00:00:00|+0.09|0.24|0.7365|
|.|         15|          4|        608|     326.1428571|          0|00:00:00|+0.03|0.17|0.7366|
|.|         13|          4|        608|     334.7500000|          0|00:00:00|+0.01|0.14|0.7420|
|.|          4|          4|        608|     446.6666667|          0|00:00:00|-0.04|0.07|0.7543|
|.|         14|          4|        608|     450.8000000|          0|00:00:00|-0.03|0.08|0.7598|
|.|          8|          4|        608|     431.3636364|          0|00:00:00|-0.01|0.08|0.7634|
|.|          6|          4|        608|     446.3333333|          0|00:00:00|-0.02|0.06|0.7602|
|.|          1|          4|        608|     460.5384615|          0|00:00:00|-0.03|0.05|0.7785|
|.|          3|          4|        608|     620.7142857|          0|00:00:00|-0.03|0.05|0.7858|
|.|         12|          4|        608|     612.4000000|          0|00:00:00|-0.03|0.04|0.7310|
|=|         16|          4|        489|     748.8125000|          4|00:00:02|-0.00|0.06|0.7249|
+-+-----------+-----------+-----------+----------------+-----------+--------+-----+----+------+
Best-so-far configuration:         489    mean value:      748.8125000
Description of the best-so-far configuration:
    .ID. start_temp_factor min_temp_factor cooling_rate neighbors_accepted_ratio swap_rate .PARENT.
489  489            0.1039           1e-04       0.9988                   0.2392    0.5491      201

# 2026-07-03 11:37:54 CEST: Elite configurations (first number is the configuration ID; listed from best to worst according to the sum of ranks):
    start_temp_factor min_temp_factor cooling_rate neighbors_accepted_ratio swap_rate
489            0.1039           1e-04       0.9988                   0.2392    0.5491
608            0.1019           1e-04       0.9988                   0.2379    0.5378
514            0.1052           1e-04       0.9990                   0.2313    0.4833
427            0.1615           1e-04       0.9982                   0.2653    0.5356
# Total CPU user time: 9549.612, CPU sys time: 286.252, Wall-clock time: 2499.502
# Best configurations (first number is the configuration ID; listed from best to worst according to the sum of ranks):
    start_temp_factor min_temp_factor cooling_rate neighbors_accepted_ratio swap_rate
489            0.1039           1e-04       0.9988                   0.2392    0.5491
608            0.1019           1e-04       0.9988                   0.2379    0.5378
514            0.1052           1e-04       0.9990                   0.2313    0.4833
427            0.1615           1e-04       0.9982                   0.2653    0.5356
# Best configurations as commandlines (first number is the configuration ID; listed from best to worst according to the sum of ranks):
489 --start_temp_factor 0.1039 --min_temp_factor 0.0001 --BSA::cooling_rate 0.9988 --BSA::neighbors_accepted_ratio 0.2392 --main::swap_rate 0.5491
608 --start_temp_factor 0.1019 --min_temp_factor 0.0001 --BSA::cooling_rate 0.9988 --BSA::neighbors_accepted_ratio 0.2379 --main::swap_rate 0.5378
514 --start_temp_factor 0.1052 --min_temp_factor 0.0001 --BSA::cooling_rate 0.999 --BSA::neighbors_accepted_ratio 0.2313 --main::swap_rate 0.4833
427 --start_temp_factor 0.1615 --min_temp_factor 0.0001 --BSA::cooling_rate 0.9982 --BSA::neighbors_accepted_ratio 0.2653 --main::swap_rate 0.5356


# Testing of elite configurations: 1 
# Testing iteration configurations: FALSE 
# 2026-07-03 11:37:54 CEST: No test instances, skip testing
