Trial Instance Cost Seed Time Start_Temp Min_Temp Cooling_Rate Status
0 instance_test_1.json 12206199804 59613300 3.02856 5.0 0.02 0.98 OK
0 instance_test_1.json 12171124631 92996955 2.38925 5.0 0.02 0.99 OK
0 instance_test_1.json 11883300598 79664880 2.17268 5.0 0.02 0.995 OK
0 instance_test_1.json 11724427670 55037405 2.17135 5.0 0.05 0.98 OK
0 instance_test_1.json 11223053856 39778684 2.14992 5.0 0.05 0.99 OK
0 instance_test_1.json 11640866336 23437110 2.22191 5.0 0.05 0.995 OK
0 instance_test_1.json 11543892192 20846391 2.24544 5.0 0.1 0.98 OK
0 instance_test_1.json 11404621684 81305136 1.64675 5.0 0.1 0.99 OK
0 instance_test_1.json 11727524187 39140466 2.17558 5.0 0.1 0.995 OK
0 instance_test_1.json 11886395483 96908974 2.25184 7.5 0.02 0.98 OK
0 instance_test_1.json 11944163898 52201154 2.2287 7.5 0.02 0.99 OK
0 instance_test_1.json 11828622211 73590628 2.16835 7.5 0.02 0.995 OK
0 instance_test_1.json 12034950609 22490822 2.18528 7.5 0.05 0.98 OK
0 instance_test_1.json 11322091155 73927172 2.2051 7.5 0.05 0.99 OK
0 instance_test_1.json 12111290627 1520992 2.49801 7.5 0.05 0.995 OK
0 instance_test_1.json 11804895013 62737464 2.31856 7.5 0.1 0.98 OK
0 instance_test_1.json 11604756305 9469891 2.28675 7.5 0.1 0.99 OK
0 instance_test_1.json 12018442305 10812975 2.2003 7.5 0.1 0.995 OK
0 instance_test_1.json 12094784679 41930727 2.22387 10.0 0.02 0.98 OK
0 instance_test_1.json 11887422397 22608401 2.17583 10.0 0.02 0.99 OK
0 instance_test_1.json 11843065761 26454063 2.16695 10.0 0.02 0.995 OK
0 instance_test_1.json 11948291972 3672057 1.3812 10.0 0.05 0.98 OK
0 instance_test_1.json 11774979610 4916935 2.17462 10.0 0.05 0.99 OK
0 instance_test_1.json 11711016623 67141083 2.16657 10.0 0.05 0.995 OK
0 instance_test_1.json 11435572039 24346265 2.17047 10.0 0.1 0.98 OK
0 instance_test_1.json 11594443351 29847937 2.18312 10.0 0.1 0.99 OK
0 instance_test_1.json 12097877940 77263645 2.18226 10.0 0.1 0.995 OK

0 instance_test_2.json 33608 25305570 1.64149 5.0 0.02 0.98 OK
0 instance_test_2.json 31666 65132797 1.64943 5.0 0.02 0.99 OK
0 instance_test_2.json 32870 49975367 1.78877 5.0 0.02 0.995 OK
0 instance_test_2.json 35204 13894906 1.66908 5.0 0.05 0.98 OK
0 instance_test_2.json 34164 93558390 1.6822 5.0 0.05 0.99 OK
0 instance_test_2.json 33058 92160925 1.74173 5.0 0.05 0.995 OK
0 instance_test_2.json 36791 6683167 1.76275 5.0 0.1 0.98 OK
0 instance_test_2.json 36047 67744998 1.74216 5.0 0.1 0.99 OK
0 instance_test_2.json 32203 66428278 1.73019 5.0 0.1 0.995 OK
0 instance_test_2.json 19104396 18470041 1.95699 7.5 0.02 0.98 OK
0 instance_test_2.json 40005 11327871 2.39219 7.5 0.02 0.99 OK
0 instance_test_2.json 8020292 24550875 1.38942 7.5 0.02 0.995 OK
0 instance_test_2.json 7128023 55438383 2.22135 7.5 0.05 0.98 OK
0 instance_test_2.json 1364297 30963170 1.81849 7.5 0.05 0.99 OK
0 instance_test_2.json 37301 62168016 1.90814 7.5 0.05 0.995 OK
0 instance_test_2.json 6692086 47012775 1.9006 7.5 0.1 0.98 OK
0 instance_test_2.json 9347254 40562775 1.92773 7.5 0.1 0.99 OK
0 instance_test_2.json 32991 3917693 2.09107 7.5 0.1 0.995 OK
0 instance_test_2.json 37849 86104441 1.84625 10.0 0.02 0.98 OK
0 instance_test_2.json 40865 97005423 1.73388 10.0 0.02 0.99 OK
0 instance_test_2.json 38282 16679913 1.86072 10.0 0.02 0.995 OK
0 instance_test_2.json 34179474 14483808 1.94144 10.0 0.05 0.98 OK
0 instance_test_2.json 39501 54770998 1.68219 10.0 0.05 0.99 OK
0 instance_test_2.json 10682611 10503206 1.78397 10.0 0.05 0.995 OK
0 instance_test_2.json 8022942 81926853 1.74249 10.0 0.1 0.98 OK
0 instance_test_2.json 26203240 53311391 1.79171 10.0 0.1 0.99 OK
0 instance_test_2.json 14672664 32670185 2.36803 10.0 0.1 0.995 OK

0 instance_test_3.json 2018116590 50395694 2.6434 5.0 0.02 0.98 OK
0 instance_test_3.json 1833371510 61395194 2.33833 5.0 0.02 0.99 OK
0 instance_test_3.json 1758742956 64938977 2.12717 5.0 0.02 0.995 OK
0 instance_test_3.json 1885559946 97424286 2.19692 5.0 0.05 0.98 OK
0 instance_test_3.json 1897562581 20874138 2.01212 5.0 0.05 0.99 OK
0 instance_test_3.json 1965407184 24230226 2.0984 5.0 0.05 0.995 OK
0 instance_test_3.json 1735259189 23964472 2.24378 5.0 0.1 0.98 OK
0 instance_test_3.json 1832328202 54838823 2.07094 5.0 0.1 0.99 OK
0 instance_test_3.json 1890256993 69609820 2.01994 5.0 0.1 0.995 OK
0 instance_test_3.json 1663239663 41547035 1.93934 7.5 0.02 0.98 OK
0 instance_test_3.json 1892344210 74938559 1.96757 7.5 0.02 0.99 OK
0 instance_test_3.json 1864162343 74618043 1.99196 7.5 0.02 0.995 OK
0 instance_test_3.json 1709687317 46402598 2.04167 7.5 0.05 0.98 OK
0 instance_test_3.json 1959144684 85677195 1.95323 7.5 0.05 0.99 OK
0 instance_test_3.json 1906956760 43378061 1.95454 7.5 0.05 0.995 OK
0 instance_test_3.json 2014985201 12705506 1.15499 7.5 0.1 0.98 OK
0 instance_test_3.json 2112054311 18058354 1.99682 7.5 0.1 0.99 OK
0 instance_test_3.json 2000894857 99068082 1.99675 7.5 0.1 0.995 OK
0 instance_test_3.json 1850593897 39936912 2.00198 10.0 0.02 0.98 OK
0 instance_test_3.json 2206514764 70469949 2.00204 10.0 0.02 0.99 OK
0 instance_test_3.json 1837547009 14992933 2.02184 10.0 0.02 0.995 OK
0 instance_test_3.json 2114664292 71772266 2.02096 10.0 0.05 0.98 OK
0 instance_test_3.json 2112576972 24142821 1.95963 10.0 0.05 0.99 OK
0 instance_test_3.json 2108923628 61720792 1.95122 10.0 0.05 0.995 OK
0 instance_test_3.json 2076566896 23162834 2.12436 10.0 0.1 0.98 OK
0 instance_test_3.json 2161632833 82097502 2.03334 10.0 0.1 0.99 OK
0 instance_test_3.json 1998807468 24760952 2.41513 10.0 0.1 0.995 OK

0 instance_test_4.json 1276289063 26506116 2.31992 5.0 0.02 0.98 OK
0 instance_test_4.json 1298294114 58724826 1.95085 5.0 0.02 0.99 OK
0 instance_test_4.json 1300690607 64934133 1.55095 5.0 0.02 0.995 OK
0 instance_test_4.json 1329449403 37315799 1.51531 5.0 0.05 0.98 OK
0 instance_test_4.json 1401999877 19335196 0.606509 5.0 0.05 0.99 OK
0 instance_test_4.json 1358425865 77629874 1.47454 5.0 0.05 0.995 OK
0 instance_test_4.json 1296769049 98025190 1.51093 5.0 0.1 0.98 OK
0 instance_test_4.json 1373894324 79869686 1.4735 5.0 0.1 0.99 OK
0 instance_test_4.json 1413329091 19582078 1.49145 5.0 0.1 0.995 OK
0 instance_test_4.json 1315287773 72931187 1.57079 7.5 0.02 0.98 OK
0 instance_test_4.json 1373676796 25521869 1.49294 7.5 0.02 0.99 OK
0 instance_test_4.json 1319645306 93338787 2.34228 7.5 0.02 0.995 OK
0 instance_test_4.json 1309187568 58373359 1.70638 7.5 0.05 0.98 OK
0 instance_test_4.json 1336421106 29657711 1.62761 7.5 0.05 0.99 OK
0 instance_test_4.json 1379123193 33192040 1.59 7.5 0.05 0.995 OK
0 instance_test_4.json 1381302310 97322572 1.67075 7.5 0.1 0.98 OK
0 instance_test_4.json 1352761107 88142595 1.95481 7.5 0.1 0.99 OK
0 instance_test_4.json 1366487037 95568850 1.81747 7.5 0.1 0.995 OK
0 instance_test_4.json 1315723509 96961278 1.64223 10.0 0.02 0.98 OK
0 instance_test_4.json 1403742738 80448063 1.73663 10.0 0.02 0.99 OK
0 instance_test_4.json 1304176691 69659744 2.45471 10.0 0.02 0.995 OK
0 instance_test_4.json 1366051311 89516137 2.292 10.0 0.05 0.98 OK
0 instance_test_4.json 1286093300 51517837 1.25693 10.0 0.05 0.99 OK
0 instance_test_4.json 1346443325 98424845 2.02742 10.0 0.05 0.995 OK
0 instance_test_4.json 1311148326 43297730 1.63988 10.0 0.1 0.98 OK
0 instance_test_4.json 1366051076 90912279 1.83885 10.0 0.1 0.99 OK
0 instance_test_4.json 1301562006 30213596 1.58173 10.0 0.1 0.995 OK

Trial Instance Cost Seed Time Start_Temp Min_Temp Cooling_Rate Status
0 instance_test_1.json 15416641036 83509945 3.0144 1000.0 1.0 0.98 OK
0 instance_test_1.json 15405292545 56916368 2.634 1000.0 1.0 0.99 OK
0 instance_test_1.json 15289750299 48503744 2.33808 1000.0 1.0 0.995 OK
0 instance_test_1.json 15352679873 95996750 2.1414 1000.0 5.0 0.98 OK
0 instance_test_1.json 15788028566 4157413 2.23023 1000.0 5.0 0.99 OK
0 instance_test_1.json 15936583376 46437849 2.27801 1000.0 5.0 0.995 OK
0 instance_test_1.json 16036651879 30414326 2.18467 1000.0 10.0 0.98 OK
0 instance_test_1.json 16293528035 12874363 1.3033 1000.0 10.0 0.99 OK
0 instance_test_1.json 15814850825 76458036 2.20872 1000.0 10.0 0.995 OK
0 instance_test_1.json 15880875195 65191939 2.22399 5000.0 1.0 0.98 OK
0 instance_test_1.json 16097518183 86481577 2.20376 5000.0 1.0 0.99 OK
0 instance_test_1.json 16273927221 74119774 2.21431 5000.0 1.0 0.995 OK
0 instance_test_1.json 16628808572 23802969 2.13482 5000.0 5.0 0.98 OK
0 instance_test_1.json 16097518148 74401147 2.14344 5000.0 5.0 0.99 OK
0 instance_test_1.json 16449304701 71060584 2.12717 5000.0 5.0 0.995 OK
0 instance_test_1.json 16506044467 53382018 2.14962 5000.0 10.0 0.98 OK
0 instance_test_1.json 16270832398 89920542 2.45598 5000.0 10.0 0.99 OK
0 instance_test_1.json 16138783045 37190967 2.14766 5000.0 10.0 0.995 OK
0 instance_test_1.json 16449304677 95839713 2.20103 10000.0 1.0 0.98 OK
0 instance_test_1.json 15796281626 85310144 2.20873 10000.0 1.0 0.99 OK
0 instance_test_1.json 16391533273 92937869 2.66301 10000.0 1.0 0.995 OK
0 instance_test_1.json 16448273045 12434318 1.77813 10000.0 5.0 0.98 OK
0 instance_test_1.json 16507076099 87668406 2.58474 10000.0 5.0 0.99 OK
0 instance_test_1.json 16730940225 84350960 2.72594 10000.0 5.0 0.995 OK
0 instance_test_1.json 16677295331 66807027 3.10145 10000.0 10.0 0.98 OK
0 instance_test_1.json 16672137232 99709936 2.46715 10000.0 10.0 0.99 OK
0 instance_test_1.json 16620555664 96409913 2.50755 10000.0 10.0 0.995 OK

0 instance_test_2.json 2841197226 35535129 1.57035 1000.0 1.0 0.98 OK
0 instance_test_2.json 2797305083 4613770 1.58558 1000.0 1.0 0.99 OK
0 instance_test_2.json 1251271430 25888860 1.65706 1000.0 1.0 0.995 OK
0 instance_test_2.json 2999926665 97528144 1.96981 1000.0 5.0 0.98 OK
0 instance_test_2.json 3002586905 78181685 1.75696 1000.0 5.0 0.99 OK
0 instance_test_2.json 3901745163 49108360 2.46399 1000.0 5.0 0.995 OK
0 instance_test_2.json 3488078310 18522835 1.78906 1000.0 10.0 0.98 OK
0 instance_test_2.json 2241319571 81062879 2.06679 1000.0 10.0 0.99 OK
0 instance_test_2.json 3420687468 31013479 2.14429 1000.0 10.0 0.995 OK
0 instance_test_2.json 1135552214 39142489 1.25697 5000.0 1.0 0.98 OK
0 instance_test_2.json 2684246495 8641065 1.91109 5000.0 1.0 0.99 OK
0 instance_test_2.json 4041406328 95932412 1.79986 5000.0 1.0 0.995 OK
0 instance_test_2.json 2770705301 67141403 1.97293 5000.0 5.0 0.98 OK
0 instance_test_2.json 2880660504 85319210 1.72309 5000.0 5.0 0.99 OK
0 instance_test_2.json 2345070011 46698774 1.63885 5000.0 5.0 0.995 OK
0 instance_test_2.json 1540794984 9208702 1.82294 5000.0 10.0 0.98 OK
0 instance_test_2.json 2915244006 40441534 1.99991 5000.0 10.0 0.99 OK
0 instance_test_2.json 4573014349 8135960 1.74709 5000.0 10.0 0.995 OK
0 instance_test_2.json 4201909259 4511495 1.75729 10000.0 1.0 0.98 OK
0 instance_test_2.json 2923667994 63206463 1.74091 10000.0 1.0 0.99 OK
0 instance_test_2.json 1159494845 40166934 1.89176 10000.0 1.0 0.995 OK
0 instance_test_2.json 3352409753 7731392 1.47255 10000.0 5.0 0.98 OK
0 instance_test_2.json 1217577412 7717491 1.61588 10000.0 5.0 0.99 OK
0 instance_test_2.json 1956678432 10464836 1.56995 10000.0 5.0 0.995 OK
0 instance_test_2.json 3225162754 54928679 1.72368 10000.0 10.0 0.98 OK
0 instance_test_2.json 1908350297 4846341 2.24849 10000.0 10.0 0.99 OK
0 instance_test_2.json 1572274825 56810123 1.40355 10000.0 10.0 0.995 OK

0 instance_test_3.json 3985075253 57510593 3.51951 1000.0 1.0 0.98 OK
0 instance_test_3.json 4012734777 7131188 4.80895 1000.0 1.0 0.99 OK
0 instance_test_3.json 3847299691 18040079 3.80307 1000.0 1.0 0.995 OK
0 instance_test_3.json 4039872437 30814570 2.95739 1000.0 5.0 0.98 OK
0 instance_test_3.json 3902096645 74944925 2.85213 1000.0 5.0 0.99 OK
0 instance_test_3.json 3930278096 48831138 2.26699 1000.0 5.0 0.995 OK
0 instance_test_3.json 4011169165 23939752 2.33909 1000.0 10.0 0.98 OK
0 instance_test_3.json 4011169157 42959657 2.82385 1000.0 10.0 0.99 OK
0 instance_test_3.json 3958459450 57865951 2.15777 1000.0 10.0 0.995 OK
0 instance_test_3.json 3874958988 56388506 2.85386 5000.0 1.0 0.98 OK
0 instance_test_3.json 3866608768 57056141 1.39106 5000.0 1.0 0.99 OK
0 instance_test_3.json 4067010107 19600055 2.43095 5000.0 1.0 0.995 OK
0 instance_test_3.json 4146857446 57451893 2.47471 5000.0 5.0 0.98 OK
0 instance_test_3.json 4196957730 25220079 2.32535 5000.0 5.0 0.99 OK
0 instance_test_3.json 3874958985 72349550 2.283 5000.0 5.0 0.995 OK
0 instance_test_3.json 3957415750 34905414 2.20048 5000.0 10.0 0.98 OK
0 instance_test_3.json 4039350583 41094139 2.31946 5000.0 10.0 0.99 OK
0 instance_test_3.json 4129113524 49260410 2.30806 5000.0 10.0 0.995 OK
0 instance_test_3.json 4146857448 7281895 2.05051 10000.0 1.0 0.98 OK
0 instance_test_3.json 3874958975 69575210 1.97377 10000.0 1.0 0.99 OK
0 instance_test_3.json 3881743353 76468461 2.22056 10000.0 1.0 0.995 OK
0 instance_test_3.json 4147379425 48095243 2.53011 10000.0 5.0 0.98 OK
0 instance_test_3.json 4094147730 57184631 2.09473 10000.0 5.0 0.99 OK
Trial Instance Cost Seed Time Start_Temp Min_Temp Cooling_Rate Status
0 instance_test_1.json ERROR 14189244 ERROR 5.0 0.02 0.98 EXEC_ERROR
0 instance_test_1.json ERROR 94066213 ERROR 5.0 0.02 0.99 EXEC_ERROR
0 instance_test_1.json ERROR 42541447 ERROR 5.0 0.02 0.995 EXEC_ERROR
0 instance_test_1.json ERROR 23899352 ERROR 5.0 0.05 0.98 EXEC_ERROR
0 instance_test_1.json ERROR 26891082 ERROR 5.0 0.05 0.99 EXEC_ERROR
0 instance_test_1.json ERROR 13079790 ERROR 5.0 0.05 0.995 EXEC_ERROR
0 instance_test_1.json ERROR 78701097 ERROR 5.0 0.1 0.98 EXEC_ERROR
0 instance_test_1.json ERROR 8015907 ERROR 5.0 0.1 0.99 EXEC_ERROR
0 instance_test_1.json ERROR 88799166 ERROR 5.0 0.1 0.995 EXEC_ERROR
0 instance_test_1.json ERROR 81380987 ERROR 7.5 0.02 0.98 EXEC_ERROR
0 instance_test_1.json ERROR 88571157 ERROR 7.5 0.02 0.99 EXEC_ERROR
0 instance_test_1.json ERROR 24343311 ERROR 7.5 0.02 0.995 EXEC_ERROR
0 instance_test_1.json ERROR 66836846 ERROR 7.5 0.05 0.98 EXEC_ERROR
0 instance_test_1.json ERROR 54697161 ERROR 7.5 0.05 0.99 EXEC_ERROR
0 instance_test_1.json ERROR 75386220 ERROR 7.5 0.05 0.995 EXEC_ERROR
0 instance_test_1.json ERROR 59603478 ERROR 7.5 0.1 0.98 EXEC_ERROR
0 instance_test_1.json ERROR 4320691 ERROR 7.5 0.1 0.99 EXEC_ERROR
0 instance_test_1.json ERROR 24751333 ERROR 7.5 0.1 0.995 EXEC_ERROR
0 instance_test_1.json ERROR 45499896 ERROR 10.0 0.02 0.98 EXEC_ERROR
0 instance_test_1.json ERROR 38495010 ERROR 10.0 0.02 0.99 EXEC_ERROR
0 instance_test_1.json ERROR 22697580 ERROR 10.0 0.02 0.995 EXEC_ERROR
0 instance_test_1.json ERROR 95034817 ERROR 10.0 0.05 0.98 EXEC_ERROR
0 instance_test_1.json ERROR 64600095 ERROR 10.0 0.05 0.99 EXEC_ERROR
0 instance_test_1.json ERROR 67962360 ERROR 10.0 0.05 0.995 EXEC_ERROR
0 instance_test_1.json ERROR 50657307 ERROR 10.0 0.1 0.98 EXEC_ERROR
0 instance_test_1.json ERROR 21738089 ERROR 10.0 0.1 0.99 EXEC_ERROR
0 instance_test_1.json ERROR 49780712 ERROR 10.0 0.1 0.995 EXEC_ERROR

0 instance_test_2.json ERROR 97488224 ERROR 5.0 0.02 0.98 EXEC_ERROR
0 instance_test_2.json ERROR 80336938 ERROR 5.0 0.02 0.99 EXEC_ERROR
0 instance_test_2.json ERROR 99816508 ERROR 5.0 0.02 0.995 EXEC_ERROR
0 instance_test_2.json ERROR 55545254 ERROR 5.0 0.05 0.98 EXEC_ERROR
0 instance_test_2.json ERROR 23733846 ERROR 5.0 0.05 0.99 EXEC_ERROR
0 instance_test_2.json ERROR 50229031 ERROR 5.0 0.05 0.995 EXEC_ERROR
0 instance_test_2.json ERROR 17836084 ERROR 5.0 0.1 0.98 EXEC_ERROR
0 instance_test_2.json ERROR 56955942 ERROR 5.0 0.1 0.99 EXEC_ERROR
0 instance_test_2.json ERROR 31517775 ERROR 5.0 0.1 0.995 EXEC_ERROR
0 instance_test_2.json ERROR 1786841 ERROR 7.5 0.02 0.98 EXEC_ERROR
0 instance_test_2.json ERROR 54502184 ERROR 7.5 0.02 0.99 EXEC_ERROR
0 instance_test_2.json ERROR 42341593 ERROR 7.5 0.02 0.995 EXEC_ERROR
0 instance_test_2.json ERROR 74975300 ERROR 7.5 0.05 0.98 EXEC_ERROR
0 instance_test_2.json ERROR 97340584 ERROR 7.5 0.05 0.99 EXEC_ERROR
0 instance_test_2.json ERROR 21403164 ERROR 7.5 0.05 0.995 EXEC_ERROR
0 instance_test_2.json ERROR 35253576 ERROR 7.5 0.1 0.98 EXEC_ERROR
0 instance_test_2.json ERROR 99537961 ERROR 7.5 0.1 0.99 EXEC_ERROR
0 instance_test_2.json ERROR 33108894 ERROR 7.5 0.1 0.995 EXEC_ERROR
0 instance_test_2.json ERROR 19008913 ERROR 10.0 0.02 0.98 EXEC_ERROR
0 instance_test_2.json ERROR 64031176 ERROR 10.0 0.02 0.99 EXEC_ERROR
0 instance_test_2.json ERROR 3063896 ERROR 10.0 0.02 0.995 EXEC_ERROR
0 instance_test_2.json ERROR 93116780 ERROR 10.0 0.05 0.98 EXEC_ERROR
0 instance_test_2.json ERROR 10046001 ERROR 10.0 0.05 0.99 EXEC_ERROR
0 instance_test_2.json ERROR 76340531 ERROR 10.0 0.05 0.995 EXEC_ERROR
0 instance_test_2.json ERROR 71824628 ERROR 10.0 0.1 0.98 EXEC_ERROR
0 instance_test_2.json ERROR 93175331 ERROR 10.0 0.1 0.99 EXEC_ERROR
0 instance_test_2.json ERROR 77566948 ERROR 10.0 0.1 0.995 EXEC_ERROR

0 instance_test_3.json ERROR 47610013 ERROR 5.0 0.02 0.98 EXEC_ERROR
0 instance_test_3.json ERROR 75315153 ERROR 5.0 0.02 0.99 EXEC_ERROR
0 instance_test_3.json ERROR 74640558 ERROR 5.0 0.02 0.995 EXEC_ERROR
0 instance_test_3.json ERROR 35168150 ERROR 5.0 0.05 0.98 EXEC_ERROR
0 instance_test_3.json ERROR 66920945 ERROR 5.0 0.05 0.99 EXEC_ERROR
0 instance_test_3.json ERROR 551608 ERROR 5.0 0.05 0.995 EXEC_ERROR
0 instance_test_3.json ERROR 18126214 ERROR 5.0 0.1 0.98 EXEC_ERROR
0 instance_test_3.json ERROR 83095538 ERROR 5.0 0.1 0.99 EXEC_ERROR
0 instance_test_3.json ERROR 73398489 ERROR 5.0 0.1 0.995 EXEC_ERROR
0 instance_test_3.json ERROR 68519904 ERROR 7.5 0.02 0.98 EXEC_ERROR
0 instance_test_3.json ERROR 67002349 ERROR 7.5 0.02 0.99 EXEC_ERROR
0 instance_test_3.json ERROR 69700846 ERROR 7.5 0.02 0.995 EXEC_ERROR
0 instance_test_3.json ERROR 45457950 ERROR 7.5 0.05 0.98 EXEC_ERROR
0 instance_test_3.json ERROR 10939614 ERROR 7.5 0.05 0.99 EXEC_ERROR
0 instance_test_3.json ERROR 84558786 ERROR 7.5 0.05 0.995 EXEC_ERROR
0 instance_test_3.json ERROR 45024830 ERROR 7.5 0.1 0.98 EXEC_ERROR
0 instance_test_3.json ERROR 21382838 ERROR 7.5 0.1 0.99 EXEC_ERROR
0 instance_test_3.json ERROR 52090651 ERROR 7.5 0.1 0.995 EXEC_ERROR
0 instance_test_3.json ERROR 15079659 ERROR 10.0 0.02 0.98 EXEC_ERROR
0 instance_test_3.json ERROR 38664142 ERROR 10.0 0.02 0.99 EXEC_ERROR
0 instance_test_3.json ERROR 18069817 ERROR 10.0 0.02 0.995 EXEC_ERROR
0 instance_test_3.json ERROR 55877747 ERROR 10.0 0.05 0.98 EXEC_ERROR
0 instance_test_3.json ERROR 12153134 ERROR 10.0 0.05 0.99 EXEC_ERROR
0 instance_test_3.json ERROR 30577764 ERROR 10.0 0.05 0.995 EXEC_ERROR
0 instance_test_3.json ERROR 5515355 ERROR 10.0 0.1 0.98 EXEC_ERROR
0 instance_test_3.json ERROR 11329227 ERROR 10.0 0.1 0.99 EXEC_ERROR
0 instance_test_3.json ERROR 10575094 ERROR 10.0 0.1 0.995 EXEC_ERROR

0 instance_test_29.json ERROR 75995748 ERROR 5.0 0.02 0.98 EXEC_ERROR
0 instance_test_29.json ERROR 8141707 ERROR 5.0 0.02 0.99 EXEC_ERROR
0 instance_test_29.json ERROR 89973496 ERROR 5.0 0.02 0.995 EXEC_ERROR
0 instance_test_29.json ERROR 18561716 ERROR 5.0 0.05 0.98 EXEC_ERROR
0 instance_test_29.json ERROR 57301398 ERROR 5.0 0.05 0.99 EXEC_ERROR
0 instance_test_29.json ERROR 64684223 ERROR 5.0 0.05 0.995 EXEC_ERROR
0 instance_test_29.json ERROR 79629658 ERROR 5.0 0.1 0.98 EXEC_ERROR
0 instance_test_29.json ERROR 25604137 ERROR 5.0 0.1 0.99 EXEC_ERROR
0 instance_test_29.json ERROR 13508671 ERROR 5.0 0.1 0.995 EXEC_ERROR
0 instance_test_29.json ERROR 3481420 ERROR 7.5 0.02 0.98 EXEC_ERROR
0 instance_test_29.json ERROR 12900793 ERROR 7.5 0.02 0.99 EXEC_ERROR
0 instance_test_29.json ERROR 6580149 ERROR 7.5 0.02 0.995 EXEC_ERROR
0 instance_test_29.json ERROR 68554876 ERROR 7.5 0.05 0.98 EXEC_ERROR
0 instance_test_29.json ERROR 59748239 ERROR 7.5 0.05 0.99 EXEC_ERROR
0 instance_test_29.json ERROR 76367366 ERROR 7.5 0.05 0.995 EXEC_ERROR
0 instance_test_29.json ERROR 77305815 ERROR 7.5 0.1 0.98 EXEC_ERROR
0 instance_test_29.json ERROR 97878358 ERROR 7.5 0.1 0.99 EXEC_ERROR
0 instance_test_29.json ERROR 79647111 ERROR 7.5 0.1 0.995 EXEC_ERROR
0 instance_test_29.json ERROR 10333784 ERROR 10.0 0.02 0.98 EXEC_ERROR
0 instance_test_29.json ERROR 74457749 ERROR 10.0 0.02 0.99 EXEC_ERROR
0 instance_test_29.json ERROR 26233561 ERROR 10.0 0.02 0.995 EXEC_ERROR
0 instance_test_29.json ERROR 73668643 ERROR 10.0 0.05 0.98 EXEC_ERROR
0 instance_test_29.json ERROR 1074365 ERROR 10.0 0.05 0.99 EXEC_ERROR
0 instance_test_29.json ERROR 53827117 ERROR 10.0 0.05 0.995 EXEC_ERROR
0 instance_test_29.json ERROR 86760067 ERROR 10.0 0.1 0.98 EXEC_ERROR
0 instance_test_29.json ERROR 2601762 ERROR 10.0 0.1 0.99 EXEC_ERROR
0 instance_test_29.json ERROR 80787829 ERROR 10.0 0.1 0.995 EXEC_ERROR

Trial Instance Cost Seed Time Start_Temp Min_Temp Cooling_Rate Status
0 instance_test_1.json ERROR 79413105 ERROR 5.0 0.02 0.98 EXEC_ERROR
0 instance_test_1.json ERROR 70023088 ERROR 5.0 0.02 0.99 EXEC_ERROR
0 instance_test_1.json ERROR 74468692 ERROR 5.0 0.02 0.995 EXEC_ERROR
0 instance_test_1.json ERROR 73102239 ERROR 5.0 0.05 0.98 EXEC_ERROR
0 instance_test_1.json ERROR 5096465 ERROR 5.0 0.05 0.99 EXEC_ERROR
0 instance_test_1.json ERROR 64416805 ERROR 5.0 0.05 0.995 EXEC_ERROR
0 instance_test_1.json ERROR 48464315 ERROR 5.0 0.1 0.98 EXEC_ERROR
0 instance_test_1.json ERROR 48295712 ERROR 5.0 0.1 0.99 EXEC_ERROR
0 instance_test_1.json ERROR 34718583 ERROR 5.0 0.1 0.995 EXEC_ERROR
0 instance_test_1.json ERROR 44627172 ERROR 7.5 0.02 0.98 EXEC_ERROR
0 instance_test_1.json ERROR 55168696 ERROR 7.5 0.02 0.99 EXEC_ERROR
0 instance_test_1.json ERROR 40472727 ERROR 7.5 0.02 0.995 EXEC_ERROR
0 instance_test_1.json ERROR 63625938 ERROR 7.5 0.05 0.98 EXEC_ERROR
0 instance_test_1.json ERROR 84815219 ERROR 7.5 0.05 0.99 EXEC_ERROR
0 instance_test_1.json ERROR 29369301 ERROR 7.5 0.05 0.995 EXEC_ERROR
0 instance_test_1.json ERROR 41303004 ERROR 7.5 0.1 0.98 EXEC_ERROR
0 instance_test_1.json ERROR 80230183 ERROR 7.5 0.1 0.99 EXEC_ERROR
0 instance_test_1.json ERROR 17072775 ERROR 7.5 0.1 0.995 EXEC_ERROR
0 instance_test_1.json ERROR 33274192 ERROR 10.0 0.02 0.98 EXEC_ERROR
0 instance_test_1.json ERROR 56886469 ERROR 10.0 0.02 0.99 EXEC_ERROR
0 instance_test_1.json ERROR 12425709 ERROR 10.0 0.02 0.995 EXEC_ERROR
0 instance_test_1.json ERROR 16186732 ERROR 10.0 0.05 0.98 EXEC_ERROR
0 instance_test_1.json ERROR 47945068 ERROR 10.0 0.05 0.99 EXEC_ERROR
0 instance_test_1.json ERROR 13009639 ERROR 10.0 0.05 0.995 EXEC_ERROR
0 instance_test_1.json ERROR 51204577 ERROR 10.0 0.1 0.98 EXEC_ERROR
0 instance_test_1.json ERROR 90353471 ERROR 10.0 0.1 0.99 EXEC_ERROR
0 instance_test_1.json ERROR 51984459 ERROR 10.0 0.1 0.995 EXEC_ERROR

0 instance_test_2.json ERROR 8393584 ERROR 5.0 0.02 0.98 EXEC_ERROR
0 instance_test_2.json ERROR 77397657 ERROR 5.0 0.02 0.99 EXEC_ERROR
0 instance_test_2.json ERROR 95490173 ERROR 5.0 0.02 0.995 EXEC_ERROR
0 instance_test_2.json ERROR 396006 ERROR 5.0 0.05 0.98 EXEC_ERROR
0 instance_test_2.json ERROR 28362106 ERROR 5.0 0.05 0.99 EXEC_ERROR
0 instance_test_2.json ERROR 36847299 ERROR 5.0 0.05 0.995 EXEC_ERROR
0 instance_test_2.json ERROR 48956914 ERROR 5.0 0.1 0.98 EXEC_ERROR
0 instance_test_2.json ERROR 10712536 ERROR 5.0 0.1 0.99 EXEC_ERROR
0 instance_test_2.json ERROR 60563293 ERROR 5.0 0.1 0.995 EXEC_ERROR
0 instance_test_2.json ERROR 25855499 ERROR 7.5 0.02 0.98 EXEC_ERROR
0 instance_test_2.json ERROR 6129583 ERROR 7.5 0.02 0.99 EXEC_ERROR
0 instance_test_2.json ERROR 33678202 ERROR 7.5 0.02 0.995 EXEC_ERROR
0 instance_test_2.json ERROR 91359179 ERROR 7.5 0.05 0.98 EXEC_ERROR
0 instance_test_2.json ERROR 74916114 ERROR 7.5 0.05 0.99 EXEC_ERROR
0 instance_test_2.json ERROR 73290571 ERROR 7.5 0.05 0.995 EXEC_ERROR
0 instance_test_2.json ERROR 84205 ERROR 7.5 0.1 0.98 EXEC_ERROR
0 instance_test_2.json ERROR 84843283 ERROR 7.5 0.1 0.99 EXEC_ERROR
0 instance_test_2.json ERROR 92880347 ERROR 7.5 0.1 0.995 EXEC_ERROR
0 instance_test_2.json ERROR 46765070 ERROR 10.0 0.02 0.98 EXEC_ERROR
0 instance_test_2.json ERROR 16086006 ERROR 10.0 0.02 0.99 EXEC_ERROR
0 instance_test_2.json ERROR 64892375 ERROR 10.0 0.02 0.995 EXEC_ERROR
0 instance_test_2.json ERROR 66008907 ERROR 10.0 0.05 0.98 EXEC_ERROR
0 instance_test_2.json ERROR 25840437 ERROR 10.0 0.05 0.99 EXEC_ERROR
0 instance_test_2.json ERROR 57175578 ERROR 10.0 0.05 0.995 EXEC_ERROR
0 instance_test_2.json ERROR 83892419 ERROR 10.0 0.1 0.98 EXEC_ERROR
0 instance_test_2.json ERROR 94221776 ERROR 10.0 0.1 0.99 EXEC_ERROR
0 instance_test_2.json ERROR 38539818 ERROR 10.0 0.1 0.995 EXEC_ERROR

0 instance_test_3.json ERROR 44806813 ERROR 5.0 0.02 0.98 EXEC_ERROR
0 instance_test_3.json ERROR 61655150 ERROR 5.0 0.02 0.99 EXEC_ERROR
0 instance_test_3.json ERROR 87801581 ERROR 5.0 0.02 0.995 EXEC_ERROR
0 instance_test_3.json ERROR 17863690 ERROR 5.0 0.05 0.98 EXEC_ERROR
0 instance_test_3.json ERROR 55370203 ERROR 5.0 0.05 0.99 EXEC_ERROR
0 instance_test_3.json ERROR 40922790 ERROR 5.0 0.05 0.995 EXEC_ERROR
0 instance_test_3.json ERROR 8750098 ERROR 5.0 0.1 0.98 EXEC_ERROR
0 instance_test_3.json ERROR 48349911 ERROR 5.0 0.1 0.99 EXEC_ERROR
0 instance_test_3.json ERROR 43097471 ERROR 5.0 0.1 0.995 EXEC_ERROR
0 instance_test_3.json ERROR 44712518 ERROR 7.5 0.02 0.98 EXEC_ERROR
0 instance_test_3.json ERROR 48575945 ERROR 7.5 0.02 0.99 EXEC_ERROR
0 instance_test_3.json ERROR 50563513 ERROR 7.5 0.02 0.995 EXEC_ERROR
0 instance_test_3.json ERROR 30698790 ERROR 7.5 0.05 0.98 EXEC_ERROR
0 instance_test_3.json ERROR 60221828 ERROR 7.5 0.05 0.99 EXEC_ERROR
0 instance_test_3.json ERROR 47413540 ERROR 7.5 0.05 0.995 EXEC_ERROR
0 instance_test_3.json ERROR 84929581 ERROR 7.5 0.1 0.98 EXEC_ERROR
0 instance_test_3.json ERROR 48402042 ERROR 7.5 0.1 0.99 EXEC_ERROR
0 instance_test_3.json ERROR 92358244 ERROR 7.5 0.1 0.995 EXEC_ERROR
0 instance_test_3.json ERROR 3112329 ERROR 10.0 0.02 0.98 EXEC_ERROR
0 instance_test_3.json ERROR 21620678 ERROR 10.0 0.02 0.99 EXEC_ERROR
0 instance_test_3.json ERROR 42589847 ERROR 10.0 0.02 0.995 EXEC_ERROR
0 instance_test_3.json ERROR 78171655 ERROR 10.0 0.05 0.98 EXEC_ERROR
0 instance_test_3.json ERROR 71755795 ERROR 10.0 0.05 0.99 EXEC_ERROR
0 instance_test_3.json ERROR 61098420 ERROR 10.0 0.05 0.995 EXEC_ERROR
0 instance_test_3.json ERROR 76276002 ERROR 10.0 0.1 0.98 EXEC_ERROR
0 instance_test_3.json ERROR 32392145 ERROR 10.0 0.1 0.99 EXEC_ERROR
0 instance_test_3.json ERROR 5439135 ERROR 10.0 0.1 0.995 EXEC_ERROR

0 instance_test_4.json ERROR 66192262 ERROR 5.0 0.02 0.98 EXEC_ERROR
0 instance_test_4.json ERROR 46314100 ERROR 5.0 0.02 0.99 EXEC_ERROR
0 instance_test_4.json ERROR 10009072 ERROR 5.0 0.02 0.995 EXEC_ERROR
0 instance_test_4.json ERROR 34178276 ERROR 5.0 0.05 0.98 EXEC_ERROR
0 instance_test_4.json ERROR 55542451 ERROR 5.0 0.05 0.99 EXEC_ERROR
0 instance_test_4.json ERROR 72090805 ERROR 5.0 0.05 0.995 EXEC_ERROR
0 instance_test_4.json ERROR 45494783 ERROR 5.0 0.1 0.98 EXEC_ERROR
0 instance_test_4.json ERROR 73796912 ERROR 5.0 0.1 0.99 EXEC_ERROR
0 instance_test_4.json ERROR 83197847 ERROR 5.0 0.1 0.995 EXEC_ERROR
0 instance_test_4.json ERROR 56975327 ERROR 7.5 0.02 0.98 EXEC_ERROR
0 instance_test_4.json ERROR 33901827 ERROR 7.5 0.02 0.99 EXEC_ERROR
0 instance_test_4.json ERROR 38947512 ERROR 7.5 0.02 0.995 EXEC_ERROR
0 instance_test_4.json ERROR 30322467 ERROR 7.5 0.05 0.98 EXEC_ERROR
0 instance_test_4.json ERROR 19669415 ERROR 7.5 0.05 0.99 EXEC_ERROR
0 instance_test_4.json ERROR 67534920 ERROR 7.5 0.05 0.995 EXEC_ERROR
0 instance_test_4.json ERROR 89713226 ERROR 7.5 0.1 0.98 EXEC_ERROR
0 instance_test_4.json ERROR 96144844 ERROR 7.5 0.1 0.99 EXEC_ERROR
0 instance_test_4.json ERROR 83838864 ERROR 7.5 0.1 0.995 EXEC_ERROR
0 instance_test_4.json ERROR 84076717 ERROR 10.0 0.02 0.98 EXEC_ERROR
0 instance_test_4.json ERROR 38608663 ERROR 10.0 0.02 0.99 EXEC_ERROR
0 instance_test_4.json ERROR 13563829 ERROR 10.0 0.02 0.995 EXEC_ERROR
0 instance_test_4.json ERROR 10942266 ERROR 10.0 0.05 0.98 EXEC_ERROR
0 instance_test_4.json ERROR 43891820 ERROR 10.0 0.05 0.99 EXEC_ERROR
0 instance_test_4.json ERROR 22207464 ERROR 10.0 0.05 0.995 EXEC_ERROR
0 instance_test_4.json ERROR 68970977 ERROR 10.0 0.1 0.98 EXEC_ERROR
0 instance_test_4.json ERROR 77265501 ERROR 10.0 0.1 0.99 EXEC_ERROR
0 instance_test_4.json ERROR 84093528 ERROR 10.0 0.1 0.995 EXEC_ERROR

0 instance_test_5.json ERROR 54864980 ERROR 5.0 0.02 0.98 EXEC_ERROR
0 instance_test_5.json ERROR 91118362 ERROR 5.0 0.02 0.99 EXEC_ERROR
0 instance_test_5.json ERROR 34684215 ERROR 5.0 0.02 0.995 EXEC_ERROR
0 instance_test_5.json ERROR 56539360 ERROR 5.0 0.05 0.98 EXEC_ERROR
0 instance_test_5.json ERROR 36118857 ERROR 5.0 0.05 0.99 EXEC_ERROR
0 instance_test_5.json ERROR 46436576 ERROR 5.0 0.05 0.995 EXEC_ERROR
0 instance_test_5.json ERROR 56513447 ERROR 5.0 0.1 0.98 EXEC_ERROR
0 instance_test_5.json ERROR 82052994 ERROR 5.0 0.1 0.99 EXEC_ERROR
0 instance_test_5.json ERROR 11588480 ERROR 5.0 0.1 0.995 EXEC_ERROR
0 instance_test_5.json ERROR 58571822 ERROR 7.5 0.02 0.98 EXEC_ERROR
0 instance_test_5.json ERROR 31336953 ERROR 7.5 0.02 0.99 EXEC_ERROR
0 instance_test_5.json ERROR 82809142 ERROR 7.5 0.02 0.995 EXEC_ERROR
0 instance_test_5.json ERROR 24729728 ERROR 7.5 0.05 0.98 EXEC_ERROR
0 instance_test_5.json ERROR 45508207 ERROR 7.5 0.05 0.99 EXEC_ERROR
0 instance_test_5.json ERROR 43642374 ERROR 7.5 0.05 0.995 EXEC_ERROR
0 instance_test_5.json ERROR 38734186 ERROR 7.5 0.1 0.98 EXEC_ERROR
0 instance_test_5.json ERROR 6027707 ERROR 7.5 0.1 0.99 EXEC_ERROR
0 instance_test_5.json ERROR 31104000 ERROR 7.5 0.1 0.995 EXEC_ERROR
0 instance_test_5.json ERROR 56293793 ERROR 10.0 0.02 0.98 EXEC_ERROR
0 instance_test_5.json ERROR 23428533 ERROR 10.0 0.02 0.99 EXEC_ERROR
0 instance_test_5.json ERROR 59798255 ERROR 10.0 0.02 0.995 EXEC_ERROR
0 instance_test_5.json ERROR 38046104 ERROR 10.0 0.05 0.98 EXEC_ERROR
0 instance_test_5.json ERROR 58739921 ERROR 10.0 0.05 0.99 EXEC_ERROR
0 instance_test_5.json ERROR 77408473 ERROR 10.0 0.05 0.995 EXEC_ERROR
0 instance_test_5.json ERROR 21596101 ERROR 10.0 0.1 0.98 EXEC_ERROR
0 instance_test_5.json ERROR 485290 ERROR 10.0 0.1 0.99 EXEC_ERROR
0 instance_test_5.json ERROR 74379880 ERROR 10.0 0.1 0.995 EXEC_ERROR

0 instance_test_6.json ERROR 16192330 ERROR 5.0 0.02 0.98 EXEC_ERROR
0 instance_test_6.json ERROR 30477760 ERROR 5.0 0.02 0.99 EXEC_ERROR
0 instance_test_6.json ERROR 35367892 ERROR 5.0 0.02 0.995 EXEC_ERROR
0 instance_test_6.json ERROR 27961314 ERROR 5.0 0.05 0.98 EXEC_ERROR
0 instance_test_6.json ERROR 7107878 ERROR 5.0 0.05 0.99 EXEC_ERROR
0 instance_test_6.json ERROR 17176287 ERROR 5.0 0.05 0.995 EXEC_ERROR
0 instance_test_6.json ERROR 9401713 ERROR 5.0 0.1 0.98 EXEC_ERROR
0 instance_test_6.json ERROR 14264698 ERROR 5.0 0.1 0.99 EXEC_ERROR
0 instance_test_6.json ERROR 27541711 ERROR 5.0 0.1 0.995 EXEC_ERROR
0 instance_test_6.json ERROR 57550727 ERROR 7.5 0.02 0.98 EXEC_ERROR
0 instance_test_6.json ERROR 25718458 ERROR 7.5 0.02 0.99 EXEC_ERROR
0 instance_test_6.json ERROR 57539546 ERROR 7.5 0.02 0.995 EXEC_ERROR
0 instance_test_6.json ERROR 65212426 ERROR 7.5 0.05 0.98 EXEC_ERROR
0 instance_test_6.json ERROR 80225399 ERROR 7.5 0.05 0.99 EXEC_ERROR
0 instance_test_6.json ERROR 83818636 ERROR 7.5 0.05 0.995 EXEC_ERROR
0 instance_test_6.json ERROR 44456798 ERROR 7.5 0.1 0.98 EXEC_ERROR
0 instance_test_6.json ERROR 36003859 ERROR 7.5 0.1 0.99 EXEC_ERROR
0 instance_test_6.json ERROR 65199112 ERROR 7.5 0.1 0.995 EXEC_ERROR
0 instance_test_6.json ERROR 18436051 ERROR 10.0 0.02 0.98 EXEC_ERROR
0 instance_test_6.json ERROR 48692910 ERROR 10.0 0.02 0.99 EXEC_ERROR
0 instance_test_6.json ERROR 61290404 ERROR 10.0 0.02 0.995 EXEC_ERROR
0 instance_test_6.json ERROR 34991303 ERROR 10.0 0.05 0.98 EXEC_ERROR
0 instance_test_6.json ERROR 31917239 ERROR 10.0 0.05 0.99 EXEC_ERROR
0 instance_test_6.json ERROR 75245002 ERROR 10.0 0.05 0.995 EXEC_ERROR
0 instance_test_6.json ERROR 37125511 ERROR 10.0 0.1 0.98 EXEC_ERROR
0 instance_test_6.json ERROR 81809197 ERROR 10.0 0.1 0.99 EXEC_ERROR
0 instance_test_6.json ERROR 51205389 ERROR 10.0 0.1 0.995 EXEC_ERROR

0 instance_test_7.json ERROR 39601657 ERROR 5.0 0.02 0.98 EXEC_ERROR
0 instance_test_7.json ERROR 85437541 ERROR 5.0 0.02 0.99 EXEC_ERROR
0 instance_test_7.json ERROR 4439291 ERROR 5.0 0.02 0.995 EXEC_ERROR
0 instance_test_7.json ERROR 39509730 ERROR 5.0 0.05 0.98 EXEC_ERROR
0 instance_test_7.json ERROR 51615379 ERROR 5.0 0.05 0.99 EXEC_ERROR
0 instance_test_7.json ERROR 72885199 ERROR 5.0 0.05 0.995 EXEC_ERROR
0 instance_test_7.json ERROR 43389625 ERROR 5.0 0.1 0.98 EXEC_ERROR
0 instance_test_7.json ERROR 37956345 ERROR 5.0 0.1 0.99 EXEC_ERROR
0 instance_test_7.json ERROR 28779685 ERROR 5.0 0.1 0.995 EXEC_ERROR
0 instance_test_7.json ERROR 13492688 ERROR 7.5 0.02 0.98 EXEC_ERROR
0 instance_test_7.json ERROR 1110392 ERROR 7.5 0.02 0.99 EXEC_ERROR
0 instance_test_7.json ERROR 99536860 ERROR 7.5 0.02 0.995 EXEC_ERROR
0 instance_test_7.json ERROR 2144162 ERROR 7.5 0.05 0.98 EXEC_ERROR
0 instance_test_7.json ERROR 77821468 ERROR 7.5 0.05 0.99 EXEC_ERROR
0 instance_test_7.json ERROR 52273863 ERROR 7.5 0.05 0.995 EXEC_ERROR
0 instance_test_7.json ERROR 30013075 ERROR 7.5 0.1 0.98 EXEC_ERROR
0 instance_test_7.json ERROR 39638627 ERROR 7.5 0.1 0.99 EXEC_ERROR
0 instance_test_7.json ERROR 72886387 ERROR 7.5 0.1 0.995 EXEC_ERROR
0 instance_test_7.json ERROR 21343525 ERROR 10.0 0.02 0.98 EXEC_ERROR
0 instance_test_7.json ERROR 90177067 ERROR 10.0 0.02 0.99 EXEC_ERROR
0 instance_test_7.json ERROR 94112988 ERROR 10.0 0.02 0.995 EXEC_ERROR
0 instance_test_7.json ERROR 49898744 ERROR 10.0 0.05 0.98 EXEC_ERROR
0 instance_test_7.json ERROR 9020039 ERROR 10.0 0.05 0.99 EXEC_ERROR
0 instance_test_7.json ERROR 48637101 ERROR 10.0 0.05 0.995 EXEC_ERROR
0 instance_test_7.json ERROR 90029769 ERROR 10.0 0.1 0.98 EXEC_ERROR
0 instance_test_7.json ERROR 96835134 ERROR 10.0 0.1 0.99 EXEC_ERROR
0 instance_test_7.json ERROR 39617001 ERROR 10.0 0.1 0.995 EXEC_ERROR

0 instance_test_8.json ERROR 93887059 ERROR 5.0 0.02 0.98 EXEC_ERROR
0 instance_test_8.json ERROR 35950297 ERROR 5.0 0.02 0.99 EXEC_ERROR
0 instance_test_8.json ERROR 38810044 ERROR 5.0 0.02 0.995 EXEC_ERROR
0 instance_test_8.json ERROR 16136473 ERROR 5.0 0.05 0.98 EXEC_ERROR
0 instance_test_8.json ERROR 89507272 ERROR 5.0 0.05 0.99 EXEC_ERROR
0 instance_test_8.json ERROR 52800001 ERROR 5.0 0.05 0.995 EXEC_ERROR
0 instance_test_8.json ERROR 60653214 ERROR 5.0 0.1 0.98 EXEC_ERROR
0 instance_test_8.json ERROR 58680173 ERROR 5.0 0.1 0.99 EXEC_ERROR
0 instance_test_8.json ERROR 48456678 ERROR 5.0 0.1 0.995 EXEC_ERROR
0 instance_test_8.json ERROR 53131860 ERROR 7.5 0.02 0.98 EXEC_ERROR
0 instance_test_8.json ERROR 14468921 ERROR 7.5 0.02 0.99 EXEC_ERROR
0 instance_test_8.json ERROR 37713430 ERROR 7.5 0.02 0.995 EXEC_ERROR
0 instance_test_8.json ERROR 54771928 ERROR 7.5 0.05 0.98 EXEC_ERROR
0 instance_test_8.json ERROR 75561995 ERROR 7.5 0.05 0.99 EXEC_ERROR
0 instance_test_8.json ERROR 10323495 ERROR 7.5 0.05 0.995 EXEC_ERROR
0 instance_test_8.json ERROR 78496094 ERROR 7.5 0.1 0.98 EXEC_ERROR
0 instance_test_8.json ERROR 6356782 ERROR 7.5 0.1 0.99 EXEC_ERROR
0 instance_test_8.json ERROR 92696706 ERROR 7.5 0.1 0.995 EXEC_ERROR
0 instance_test_8.json ERROR 97417939 ERROR 10.0 0.02 0.98 EXEC_ERROR
0 instance_test_8.json ERROR 87195604 ERROR 10.0 0.02 0.99 EXEC_ERROR
0 instance_test_8.json ERROR 21131037 ERROR 10.0 0.02 0.995 EXEC_ERROR
0 instance_test_8.json ERROR 19659575 ERROR 10.0 0.05 0.98 EXEC_ERROR
0 instance_test_8.json ERROR 6537872 ERROR 10.0 0.05 0.99 EXEC_ERROR
0 instance_test_8.json ERROR 90070027 ERROR 10.0 0.05 0.995 EXEC_ERROR
0 instance_test_8.json ERROR 20347618 ERROR 10.0 0.1 0.98 EXEC_ERROR
0 instance_test_8.json ERROR 16391871 ERROR 10.0 0.1 0.99 EXEC_ERROR
0 instance_test_8.json ERROR 33761683 ERROR 10.0 0.1 0.995 EXEC_ERROR

0 instance_test_9.json ERROR 75335996 ERROR 5.0 0.02 0.98 EXEC_ERROR
0 instance_test_9.json ERROR 5818676 ERROR 5.0 0.02 0.99 EXEC_ERROR
0 instance_test_9.json ERROR 56802688 ERROR 5.0 0.02 0.995 EXEC_ERROR
0 instance_test_9.json ERROR 14142588 ERROR 5.0 0.05 0.98 EXEC_ERROR
0 instance_test_9.json ERROR 87868834 ERROR 5.0 0.05 0.99 EXEC_ERROR
0 instance_test_9.json ERROR 83113523 ERROR 5.0 0.05 0.995 EXEC_ERROR
0 instance_test_9.json ERROR 9071875 ERROR 5.0 0.1 0.98 EXEC_ERROR
0 instance_test_9.json ERROR 58344144 ERROR 5.0 0.1 0.99 EXEC_ERROR
0 instance_test_9.json ERROR 12572331 ERROR 5.0 0.1 0.995 EXEC_ERROR
0 instance_test_9.json ERROR 49197510 ERROR 7.5 0.02 0.98 EXEC_ERROR
0 instance_test_9.json ERROR 57177093 ERROR 7.5 0.02 0.99 EXEC_ERROR
0 instance_test_9.json ERROR 2696077 ERROR 7.5 0.02 0.995 EXEC_ERROR
0 instance_test_9.json ERROR 92876988 ERROR 7.5 0.05 0.98 EXEC_ERROR
0 instance_test_9.json ERROR 31280930 ERROR 7.5 0.05 0.99 EXEC_ERROR
0 instance_test_9.json ERROR 25246908 ERROR 7.5 0.05 0.995 EXEC_ERROR
0 instance_test_9.json ERROR 74792864 ERROR 7.5 0.1 0.98 EXEC_ERROR
0 instance_test_9.json ERROR 1020575 ERROR 7.5 0.1 0.99 EXEC_ERROR
0 instance_test_9.json ERROR 30459976 ERROR 7.5 0.1 0.995 EXEC_ERROR
0 instance_test_9.json ERROR 86188428 ERROR 10.0 0.02 0.98 EXEC_ERROR
0 instance_test_9.json ERROR 44721599 ERROR 10.0 0.02 0.99 EXEC_ERROR
0 instance_test_9.json ERROR 70166068 ERROR 10.0 0.02 0.995 EXEC_ERROR
0 instance_test_9.json ERROR 95832231 ERROR 10.0 0.05 0.98 EXEC_ERROR
0 instance_test_9.json ERROR 97223435 ERROR 10.0 0.05 0.99 EXEC_ERROR
0 instance_test_9.json ERROR 89300982 ERROR 10.0 0.05 0.995 EXEC_ERROR
0 instance_test_9.json ERROR 281437 ERROR 10.0 0.1 0.98 EXEC_ERROR
0 instance_test_9.json ERROR 89622391 ERROR 10.0 0.1 0.99 EXEC_ERROR
0 instance_test_9.json ERROR 49034526 ERROR 10.0 0.1 0.995 EXEC_ERROR

Trial Instance Cost Seed Time Start_Temp Min_Temp Cooling_Rate Status
0 instance_test_1.json ERROR 72785865 ERROR 5.0 0.02 0.98 EXEC_ERROR
0 instance_test_1.json ERROR 17092581 ERROR 5.0 0.02 0.99 EXEC_ERROR
0 instance_test_1.json ERROR 74639418 ERROR 5.0 0.02 0.995 EXEC_ERROR
0 instance_test_1.json ERROR 67499665 ERROR 5.0 0.05 0.98 EXEC_ERROR
0 instance_test_1.json ERROR 54058580 ERROR 5.0 0.05 0.99 EXEC_ERROR
0 instance_test_1.json ERROR 86175659 ERROR 5.0 0.05 0.995 EXEC_ERROR
0 instance_test_1.json ERROR 35618355 ERROR 5.0 0.1 0.98 EXEC_ERROR
0 instance_test_1.json ERROR 92343782 ERROR 5.0 0.1 0.99 EXEC_ERROR
0 instance_test_1.json ERROR 84800589 ERROR 5.0 0.1 0.995 EXEC_ERROR
0 instance_test_1.json ERROR 49102036 ERROR 7.5 0.02 0.98 EXEC_ERROR
0 instance_test_1.json ERROR 83099539 ERROR 7.5 0.02 0.99 EXEC_ERROR
0 instance_test_1.json ERROR 8195659 ERROR 7.5 0.02 0.995 EXEC_ERROR
0 instance_test_1.json ERROR 72655719 ERROR 7.5 0.05 0.98 EXEC_ERROR
0 instance_test_1.json ERROR 40360059 ERROR 7.5 0.05 0.99 EXEC_ERROR
0 instance_test_1.json ERROR 82548277 ERROR 7.5 0.05 0.995 EXEC_ERROR
0 instance_test_1.json ERROR 18923934 ERROR 7.5 0.1 0.98 EXEC_ERROR
0 instance_test_1.json ERROR 57364944 ERROR 7.5 0.1 0.99 EXEC_ERROR
0 instance_test_1.json ERROR 43195746 ERROR 7.5 0.1 0.995 EXEC_ERROR
0 instance_test_1.json ERROR 46761065 ERROR 10.0 0.02 0.98 EXEC_ERROR
0 instance_test_1.json ERROR 26345704 ERROR 10.0 0.02 0.99 EXEC_ERROR
0 instance_test_1.json ERROR 55160875 ERROR 10.0 0.02 0.995 EXEC_ERROR
0 instance_test_1.json ERROR 21375695 ERROR 10.0 0.05 0.98 EXEC_ERROR
0 instance_test_1.json ERROR 27210598 ERROR 10.0 0.05 0.99 EXEC_ERROR
0 instance_test_1.json ERROR 16906647 ERROR 10.0 0.05 0.995 EXEC_ERROR
0 instance_test_1.json ERROR 90275549 ERROR 10.0 0.1 0.98 EXEC_ERROR
0 instance_test_1.json ERROR 43247835 ERROR 10.0 0.1 0.99 EXEC_ERROR
0 instance_test_1.json ERROR 1756886 ERROR 10.0 0.1 0.995 EXEC_ERROR

0 instance_test_2.json ERROR 53775351 ERROR 5.0 0.02 0.98 EXEC_ERROR
0 instance_test_2.json ERROR 5571417 ERROR 5.0 0.02 0.99 EXEC_ERROR
0 instance_test_2.json ERROR 20580540 ERROR 5.0 0.02 0.995 EXEC_ERROR
0 instance_test_2.json ERROR 71166125 ERROR 5.0 0.05 0.98 EXEC_ERROR
0 instance_test_2.json ERROR 63736850 ERROR 5.0 0.05 0.99 EXEC_ERROR
0 instance_test_2.json ERROR 36021903 ERROR 5.0 0.05 0.995 EXEC_ERROR
0 instance_test_2.json ERROR 74372145 ERROR 5.0 0.1 0.98 EXEC_ERROR
0 instance_test_2.json ERROR 30047651 ERROR 5.0 0.1 0.99 EXEC_ERROR
0 instance_test_2.json ERROR 30882814 ERROR 5.0 0.1 0.995 EXEC_ERROR
0 instance_test_2.json ERROR 92330542 ERROR 7.5 0.02 0.98 EXEC_ERROR
0 instance_test_2.json ERROR 32403395 ERROR 7.5 0.02 0.99 EXEC_ERROR
0 instance_test_2.json ERROR 61020806 ERROR 7.5 0.02 0.995 EXEC_ERROR
0 instance_test_2.json ERROR 45600868 ERROR 7.5 0.05 0.98 EXEC_ERROR
0 instance_test_2.json ERROR 23514978 ERROR 7.5 0.05 0.99 EXEC_ERROR
0 instance_test_2.json ERROR 36941373 ERROR 7.5 0.05 0.995 EXEC_ERROR
0 instance_test_2.json ERROR 87742964 ERROR 7.5 0.1 0.98 EXEC_ERROR
0 instance_test_2.json ERROR 70068860 ERROR 7.5 0.1 0.99 EXEC_ERROR
0 instance_test_2.json ERROR 33207194 ERROR 7.5 0.1 0.995 EXEC_ERROR
0 instance_test_2.json ERROR 41187322 ERROR 10.0 0.02 0.98 EXEC_ERROR
0 instance_test_2.json ERROR 86239388 ERROR 10.0 0.02 0.99 EXEC_ERROR
0 instance_test_2.json ERROR 75502936 ERROR 10.0 0.02 0.995 EXEC_ERROR
0 instance_test_2.json ERROR 47513835 ERROR 10.0 0.05 0.98 EXEC_ERROR
0 instance_test_2.json ERROR 88964809 ERROR 10.0 0.05 0.99 EXEC_ERROR
0 instance_test_2.json ERROR 55061713 ERROR 10.0 0.05 0.995 EXEC_ERROR
0 instance_test_2.json ERROR 69975874 ERROR 10.0 0.1 0.98 EXEC_ERROR
0 instance_test_2.json ERROR 51370565 ERROR 10.0 0.1 0.99 EXEC_ERROR
0 instance_test_2.json ERROR 75062909 ERROR 10.0 0.1 0.995 EXEC_ERROR

0 instance_test_3.json ERROR 56800937 ERROR 5.0 0.02 0.98 EXEC_ERROR
0 instance_test_3.json ERROR 14891620 ERROR 5.0 0.02 0.99 EXEC_ERROR
0 instance_test_3.json ERROR 13085420 ERROR 5.0 0.02 0.995 EXEC_ERROR
0 instance_test_3.json ERROR 13491845 ERROR 5.0 0.05 0.98 EXEC_ERROR
0 instance_test_3.json ERROR 57364841 ERROR 5.0 0.05 0.99 EXEC_ERROR
0 instance_test_3.json ERROR 26449497 ERROR 5.0 0.05 0.995 EXEC_ERROR
0 instance_test_3.json ERROR 57176420 ERROR 5.0 0.1 0.98 EXEC_ERROR
0 instance_test_3.json ERROR 4356712 ERROR 5.0 0.1 0.99 EXEC_ERROR
0 instance_test_3.json ERROR 46968593 ERROR 5.0 0.1 0.995 EXEC_ERROR
0 instance_test_3.json ERROR 92503103 ERROR 7.5 0.02 0.98 EXEC_ERROR
0 instance_test_3.json ERROR 49509517 ERROR 7.5 0.02 0.99 EXEC_ERROR
0 instance_test_3.json ERROR 21376931 ERROR 7.5 0.02 0.995 EXEC_ERROR
0 instance_test_3.json ERROR 53350352 ERROR 7.5 0.05 0.98 EXEC_ERROR
0 instance_test_3.json ERROR 21847017 ERROR 7.5 0.05 0.99 EXEC_ERROR
0 instance_test_3.json ERROR 28452407 ERROR 7.5 0.05 0.995 EXEC_ERROR
0 instance_test_3.json ERROR 72617293 ERROR 7.5 0.1 0.98 EXEC_ERROR
0 instance_test_3.json ERROR 10761198 ERROR 7.5 0.1 0.99 EXEC_ERROR
0 instance_test_3.json ERROR 5308126 ERROR 7.5 0.1 0.995 EXEC_ERROR
0 instance_test_3.json ERROR 83095459 ERROR 10.0 0.02 0.98 EXEC_ERROR
0 instance_test_3.json ERROR 66659692 ERROR 10.0 0.02 0.99 EXEC_ERROR
0 instance_test_3.json ERROR 55973338 ERROR 10.0 0.02 0.995 EXEC_ERROR
0 instance_test_3.json ERROR 36176232 ERROR 10.0 0.05 0.98 EXEC_ERROR
0 instance_test_3.json ERROR 56865339 ERROR 10.0 0.05 0.99 EXEC_ERROR
0 instance_test_3.json ERROR 13355369 ERROR 10.0 0.05 0.995 EXEC_ERROR
0 instance_test_3.json ERROR 86197760 ERROR 10.0 0.1 0.98 EXEC_ERROR
0 instance_test_3.json ERROR 93535423 ERROR 10.0 0.1 0.99 EXEC_ERROR
0 instance_test_3.json ERROR 83063880 ERROR 10.0 0.1 0.995 EXEC_ERROR

0 instance_test_4.json ERROR 64442415 ERROR 5.0 0.02 0.98 EXEC_ERROR
0 instance_test_4.json ERROR 98296590 ERROR 5.0 0.02 0.99 EXEC_ERROR
0 instance_test_4.json ERROR 13088005 ERROR 5.0 0.02 0.995 EXEC_ERROR
0 instance_test_4.json ERROR 83660111 ERROR 5.0 0.05 0.98 EXEC_ERROR
0 instance_test_4.json ERROR 71571825 ERROR 5.0 0.05 0.99 EXEC_ERROR
0 instance_test_4.json ERROR 8323469 ERROR 5.0 0.05 0.995 EXEC_ERROR
0 instance_test_4.json ERROR 19835307 ERROR 5.0 0.1 0.98 EXEC_ERROR
0 instance_test_4.json ERROR 34751975 ERROR 5.0 0.1 0.99 EXEC_ERROR
0 instance_test_4.json ERROR 96964602 ERROR 5.0 0.1 0.995 EXEC_ERROR
0 instance_test_4.json ERROR 65921320 ERROR 7.5 0.02 0.98 EXEC_ERROR
0 instance_test_4.json ERROR 10864733 ERROR 7.5 0.02 0.99 EXEC_ERROR
0 instance_test_4.json ERROR 64630110 ERROR 7.5 0.02 0.995 EXEC_ERROR
0 instance_test_4.json ERROR 75121261 ERROR 7.5 0.05 0.98 EXEC_ERROR
0 instance_test_4.json ERROR 7274082 ERROR 7.5 0.05 0.99 EXEC_ERROR
0 instance_test_4.json ERROR 86775841 ERROR 7.5 0.05 0.995 EXEC_ERROR
0 instance_test_4.json ERROR 25957312 ERROR 7.5 0.1 0.98 EXEC_ERROR
0 instance_test_4.json ERROR 28591402 ERROR 7.5 0.1 0.99 EXEC_ERROR
0 instance_test_4.json ERROR 85296802 ERROR 7.5 0.1 0.995 EXEC_ERROR
0 instance_test_4.json ERROR 56203591 ERROR 10.0 0.02 0.98 EXEC_ERROR
0 instance_test_4.json ERROR 7554995 ERROR 10.0 0.02 0.99 EXEC_ERROR
0 instance_test_4.json ERROR 24525590 ERROR 10.0 0.02 0.995 EXEC_ERROR
0 instance_test_4.json ERROR 75671903 ERROR 10.0 0.05 0.98 EXEC_ERROR
0 instance_test_4.json ERROR 43882955 ERROR 10.0 0.05 0.99 EXEC_ERROR
0 instance_test_4.json ERROR 19042362 ERROR 10.0 0.05 0.995 EXEC_ERROR
0 instance_test_4.json ERROR 96140995 ERROR 10.0 0.1 0.98 EXEC_ERROR
0 instance_test_4.json ERROR 84702673 ERROR 10.0 0.1 0.99 EXEC_ERROR
0 instance_test_4.json ERROR 89210444 ERROR 10.0 0.1 0.995 EXEC_ERROR

0 instance_test_5.json ERROR 10600327 ERROR 5.0 0.02 0.98 EXEC_ERROR
0 instance_test_5.json ERROR 11566447 ERROR 5.0 0.02 0.99 EXEC_ERROR
0 instance_test_5.json ERROR 34688829 ERROR 5.0 0.02 0.995 EXEC_ERROR
0 instance_test_5.json ERROR 10113789 ERROR 5.0 0.05 0.98 EXEC_ERROR
0 instance_test_5.json ERROR 51657517 ERROR 5.0 0.05 0.99 EXEC_ERROR
0 instance_test_5.json ERROR 18025762 ERROR 5.0 0.05 0.995 EXEC_ERROR
0 instance_test_5.json ERROR 11342347 ERROR 5.0 0.1 0.98 EXEC_ERROR
0 instance_test_5.json ERROR 66823837 ERROR 5.0 0.1 0.99 EXEC_ERROR
0 instance_test_5.json ERROR 96200111 ERROR 5.0 0.1 0.995 EXEC_ERROR
0 instance_test_5.json ERROR 38340314 ERROR 7.5 0.02 0.98 EXEC_ERROR
0 instance_test_5.json ERROR 39555157 ERROR 7.5 0.02 0.99 EXEC_ERROR
0 instance_test_5.json ERROR 42240240 ERROR 7.5 0.02 0.995 EXEC_ERROR
0 instance_test_5.json ERROR 45936559 ERROR 7.5 0.05 0.98 EXEC_ERROR
0 instance_test_5.json ERROR 21645130 ERROR 7.5 0.05 0.99 EXEC_ERROR
0 instance_test_5.json ERROR 75018475 ERROR 7.5 0.05 0.995 EXEC_ERROR
0 instance_test_5.json ERROR 89452224 ERROR 7.5 0.1 0.98 EXEC_ERROR
0 instance_test_5.json ERROR 67888512 ERROR 7.5 0.1 0.99 EXEC_ERROR
0 instance_test_5.json ERROR 13616092 ERROR 7.5 0.1 0.995 EXEC_ERROR
0 instance_test_5.json ERROR 11221054 ERROR 10.0 0.02 0.98 EXEC_ERROR
0 instance_test_5.json ERROR 33811838 ERROR 10.0 0.02 0.99 EXEC_ERROR
0 instance_test_5.json ERROR 2084163 ERROR 10.0 0.02 0.995 EXEC_ERROR
0 instance_test_5.json ERROR 29929085 ERROR 10.0 0.05 0.98 EXEC_ERROR
0 instance_test_5.json ERROR 8529487 ERROR 10.0 0.05 0.99 EXEC_ERROR
0 instance_test_5.json ERROR 37685929 ERROR 10.0 0.05 0.995 EXEC_ERROR
0 instance_test_5.json ERROR 13145442 ERROR 10.0 0.1 0.98 EXEC_ERROR
0 instance_test_5.json ERROR 44134680 ERROR 10.0 0.1 0.99 EXEC_ERROR
0 instance_test_5.json ERROR 8012441 ERROR 10.0 0.1 0.995 EXEC_ERROR

0 instance_test_6.json ERROR 1481277 ERROR 5.0 0.02 0.98 EXEC_ERROR
0 instance_test_6.json ERROR 90763740 ERROR 5.0 0.02 0.99 EXEC_ERROR
0 instance_test_6.json ERROR 38331802 ERROR 5.0 0.02 0.995 EXEC_ERROR
0 instance_test_6.json ERROR 16294820 ERROR 5.0 0.05 0.98 EXEC_ERROR
0 instance_test_6.json ERROR 62351942 ERROR 5.0 0.05 0.99 EXEC_ERROR
0 instance_test_6.json ERROR 84862325 ERROR 5.0 0.05 0.995 EXEC_ERROR
0 instance_test_6.json ERROR 61480006 ERROR 5.0 0.1 0.98 EXEC_ERROR
0 instance_test_6.json ERROR 72766998 ERROR 5.0 0.1 0.99 EXEC_ERROR
0 instance_test_6.json ERROR 70632846 ERROR 5.0 0.1 0.995 EXEC_ERROR
0 instance_test_6.json ERROR 41082841 ERROR 7.5 0.02 0.98 EXEC_ERROR
0 instance_test_6.json ERROR 85841969 ERROR 7.5 0.02 0.99 EXEC_ERROR
0 instance_test_6.json ERROR 83951256 ERROR 7.5 0.02 0.995 EXEC_ERROR
0 instance_test_6.json ERROR 72706075 ERROR 7.5 0.05 0.98 EXEC_ERROR
0 instance_test_6.json ERROR 34515462 ERROR 7.5 0.05 0.99 EXEC_ERROR
0 instance_test_6.json ERROR 64741395 ERROR 7.5 0.05 0.995 EXEC_ERROR
0 instance_test_6.json ERROR 28404577 ERROR 7.5 0.1 0.98 EXEC_ERROR
0 instance_test_6.json ERROR 10445640 ERROR 7.5 0.1 0.99 EXEC_ERROR
0 instance_test_6.json ERROR 65779516 ERROR 7.5 0.1 0.995 EXEC_ERROR
0 instance_test_6.json ERROR 7213271 ERROR 10.0 0.02 0.98 EXEC_ERROR
0 instance_test_6.json ERROR 29014835 ERROR 10.0 0.02 0.99 EXEC_ERROR
0 instance_test_6.json ERROR 97876238 ERROR 10.0 0.02 0.995 EXEC_ERROR
0 instance_test_6.json ERROR 23468284 ERROR 10.0 0.05 0.98 EXEC_ERROR
0 instance_test_6.json ERROR 82847991 ERROR 10.0 0.05 0.99 EXEC_ERROR
0 instance_test_6.json ERROR 93145349 ERROR 10.0 0.05 0.995 EXEC_ERROR
0 instance_test_6.json ERROR 77099516 ERROR 10.0 0.1 0.98 EXEC_ERROR
0 instance_test_6.json ERROR 86864260 ERROR 10.0 0.1 0.99 EXEC_ERROR
0 instance_test_6.json ERROR 3515990 ERROR 10.0 0.1 0.995 EXEC_ERROR

0 instance_test_7.json ERROR 81972364 ERROR 5.0 0.02 0.98 EXEC_ERROR
0 instance_test_7.json ERROR 82771199 ERROR 5.0 0.02 0.99 EXEC_ERROR
0 instance_test_7.json ERROR 56353233 ERROR 5.0 0.02 0.995 EXEC_ERROR
0 instance_test_7.json ERROR 77997911 ERROR 5.0 0.05 0.98 EXEC_ERROR
0 instance_test_7.json ERROR 37536119 ERROR 5.0 0.05 0.99 EXEC_ERROR
0 instance_test_7.json ERROR 62596311 ERROR 5.0 0.05 0.995 EXEC_ERROR
0 instance_test_7.json ERROR 98882241 ERROR 5.0 0.1 0.98 EXEC_ERROR
0 instance_test_7.json ERROR 59379706 ERROR 5.0 0.1 0.99 EXEC_ERROR
0 instance_test_7.json ERROR 92134192 ERROR 5.0 0.1 0.995 EXEC_ERROR
0 instance_test_7.json ERROR 53036669 ERROR 7.5 0.02 0.98 EXEC_ERROR
0 instance_test_7.json ERROR 72074121 ERROR 7.5 0.02 0.99 EXEC_ERROR
0 instance_test_7.json ERROR 39821043 ERROR 7.5 0.02 0.995 EXEC_ERROR
0 instance_test_7.json ERROR 57891515 ERROR 7.5 0.05 0.98 EXEC_ERROR
0 instance_test_7.json ERROR 38482704 ERROR 7.5 0.05 0.99 EXEC_ERROR
0 instance_test_7.json ERROR 97788855 ERROR 7.5 0.05 0.995 EXEC_ERROR
0 instance_test_7.json ERROR 66358026 ERROR 7.5 0.1 0.98 EXEC_ERROR
0 instance_test_7.json ERROR 60407352 ERROR 7.5 0.1 0.99 EXEC_ERROR
0 instance_test_7.json ERROR 28111136 ERROR 7.5 0.1 0.995 EXEC_ERROR
0 instance_test_7.json ERROR 23623522 ERROR 10.0 0.02 0.98 EXEC_ERROR
0 instance_test_7.json ERROR 79896200 ERROR 10.0 0.02 0.99 EXEC_ERROR
0 instance_test_7.json ERROR 30209494 ERROR 10.0 0.02 0.995 EXEC_ERROR
0 instance_test_7.json ERROR 21306617 ERROR 10.0 0.05 0.98 EXEC_ERROR
0 instance_test_7.json ERROR 74410719 ERROR 10.0 0.05 0.99 EXEC_ERROR
0 instance_test_7.json ERROR 63081522 ERROR 10.0 0.05 0.995 EXEC_ERROR
0 instance_test_7.json ERROR 64623527 ERROR 10.0 0.1 0.98 EXEC_ERROR
0 instance_test_7.json ERROR 67909847 ERROR 10.0 0.1 0.99 EXEC_ERROR
0 instance_test_7.json ERROR 68047342 ERROR 10.0 0.1 0.995 EXEC_ERROR

0 instance_test_8.json ERROR 43239286 ERROR 5.0 0.02 0.98 EXEC_ERROR
0 instance_test_8.json ERROR 75169346 ERROR 5.0 0.02 0.99 EXEC_ERROR
0 instance_test_8.json ERROR 60823923 ERROR 5.0 0.02 0.995 EXEC_ERROR
0 instance_test_8.json ERROR 65535694 ERROR 5.0 0.05 0.98 EXEC_ERROR
0 instance_test_8.json ERROR 96105153 ERROR 5.0 0.05 0.99 EXEC_ERROR
0 instance_test_8.json ERROR 18394929 ERROR 5.0 0.05 0.995 EXEC_ERROR
0 instance_test_8.json ERROR 99106748 ERROR 5.0 0.1 0.98 EXEC_ERROR
0 instance_test_8.json ERROR 38484803 ERROR 5.0 0.1 0.99 EXEC_ERROR
0 instance_test_8.json ERROR 60222619 ERROR 5.0 0.1 0.995 EXEC_ERROR
0 instance_test_8.json ERROR 77304371 ERROR 7.5 0.02 0.98 EXEC_ERROR
0 instance_test_8.json ERROR 75407745 ERROR 7.5 0.02 0.99 EXEC_ERROR
0 instance_test_8.json ERROR 68498507 ERROR 7.5 0.02 0.995 EXEC_ERROR
0 instance_test_8.json ERROR 24571996 ERROR 7.5 0.05 0.98 EXEC_ERROR
0 instance_test_8.json ERROR 65618128 ERROR 7.5 0.05 0.99 EXEC_ERROR
0 instance_test_8.json ERROR 35630531 ERROR 7.5 0.05 0.995 EXEC_ERROR
0 instance_test_8.json ERROR 3956880 ERROR 7.5 0.1 0.98 EXEC_ERROR
0 instance_test_8.json ERROR 78380104 ERROR 7.5 0.1 0.99 EXEC_ERROR
0 instance_test_8.json ERROR 16514948 ERROR 7.5 0.1 0.995 EXEC_ERROR
0 instance_test_8.json ERROR 21023602 ERROR 10.0 0.02 0.98 EXEC_ERROR
0 instance_test_8.json ERROR 97580495 ERROR 10.0 0.02 0.99 EXEC_ERROR
0 instance_test_8.json ERROR 31587827 ERROR 10.0 0.02 0.995 EXEC_ERROR
0 instance_test_8.json ERROR 98561257 ERROR 10.0 0.05 0.98 EXEC_ERROR
0 instance_test_8.json ERROR 79080121 ERROR 10.0 0.05 0.99 EXEC_ERROR
0 instance_test_8.json ERROR 83028566 ERROR 10.0 0.05 0.995 EXEC_ERROR
0 instance_test_8.json ERROR 44990437 ERROR 10.0 0.1 0.98 EXEC_ERROR
0 instance_test_8.json ERROR 17476260 ERROR 10.0 0.1 0.99 EXEC_ERROR
0 instance_test_8.json ERROR 85652199 ERROR 10.0 0.1 0.995 EXEC_ERROR

0 instance_test_9.json ERROR 55187853 ERROR 5.0 0.02 0.98 EXEC_ERROR
0 instance_test_9.json ERROR 5101468 ERROR 5.0 0.02 0.99 EXEC_ERROR
0 instance_test_9.json ERROR 87722229 ERROR 5.0 0.02 0.995 EXEC_ERROR
0 instance_test_9.json ERROR 91156785 ERROR 5.0 0.05 0.98 EXEC_ERROR
0 instance_test_9.json ERROR 4989132 ERROR 5.0 0.05 0.99 EXEC_ERROR
0 instance_test_9.json ERROR 23272604 ERROR 5.0 0.05 0.995 EXEC_ERROR
0 instance_test_9.json ERROR 12035166 ERROR 5.0 0.1 0.98 EXEC_ERROR
0 instance_test_9.json ERROR 72679646 ERROR 5.0 0.1 0.99 EXEC_ERROR
0 instance_test_9.json ERROR 80371255 ERROR 5.0 0.1 0.995 EXEC_ERROR
0 instance_test_9.json ERROR 33268135 ERROR 7.5 0.02 0.98 EXEC_ERROR
0 instance_test_9.json ERROR 3778755 ERROR 7.5 0.02 0.99 EXEC_ERROR
0 instance_test_9.json ERROR 82255167 ERROR 7.5 0.02 0.995 EXEC_ERROR
0 instance_test_9.json ERROR 11089719 ERROR 7.5 0.05 0.98 EXEC_ERROR
0 instance_test_9.json ERROR 11632993 ERROR 7.5 0.05 0.99 EXEC_ERROR
0 instance_test_9.json ERROR 90601645 ERROR 7.5 0.05 0.995 EXEC_ERROR
0 instance_test_9.json ERROR 17676526 ERROR 7.5 0.1 0.98 EXEC_ERROR
0 instance_test_9.json ERROR 9164659 ERROR 7.5 0.1 0.99 EXEC_ERROR
0 instance_test_9.json ERROR 43900326 ERROR 7.5 0.1 0.995 EXEC_ERROR
0 instance_test_9.json ERROR 70348295 ERROR 10.0 0.02 0.98 EXEC_ERROR
0 instance_test_9.json ERROR 98055887 ERROR 10.0 0.02 0.99 EXEC_ERROR
0 instance_test_9.json ERROR 7109584 ERROR 10.0 0.02 0.995 EXEC_ERROR
0 instance_test_9.json ERROR 37049162 ERROR 10.0 0.05 0.98 EXEC_ERROR
0 instance_test_9.json ERROR 86069882 ERROR 10.0 0.05 0.99 EXEC_ERROR
0 instance_test_9.json ERROR 9117483 ERROR 10.0 0.05 0.995 EXEC_ERROR
0 instance_test_9.json ERROR 9460176 ERROR 10.0 0.1 0.98 EXEC_ERROR
0 instance_test_9.json ERROR 27122849 ERROR 10.0 0.1 0.99 EXEC_ERROR
0 instance_test_9.json ERROR 6621744 ERROR 10.0 0.1 0.995 EXEC_ERROR

Trial Instance Cost Seed Time Start_Temp Min_Temp Cooling_Rate Status
0 instance_test_1.json ERROR 46090763 ERROR 5.0 0.02 0.98 EXEC_ERROR
0 instance_test_1.json ERROR 64179629 ERROR 5.0 0.02 0.99 EXEC_ERROR
0 instance_test_1.json ERROR 70488456 ERROR 5.0 0.02 0.995 EXEC_ERROR
0 instance_test_1.json ERROR 96863809 ERROR 5.0 0.05 0.98 EXEC_ERROR
0 instance_test_1.json ERROR 3062564 ERROR 5.0 0.05 0.99 EXEC_ERROR
0 instance_test_1.json ERROR 37744012 ERROR 5.0 0.05 0.995 EXEC_ERROR
0 instance_test_1.json ERROR 84188896 ERROR 5.0 0.1 0.98 EXEC_ERROR
0 instance_test_1.json ERROR 83173629 ERROR 5.0 0.1 0.99 EXEC_ERROR
0 instance_test_1.json ERROR 14591505 ERROR 5.0 0.1 0.995 EXEC_ERROR
0 instance_test_1.json ERROR 80340402 ERROR 7.5 0.02 0.98 EXEC_ERROR
0 instance_test_1.json ERROR 58187875 ERROR 7.5 0.02 0.99 EXEC_ERROR
0 instance_test_1.json ERROR 7510220 ERROR 7.5 0.02 0.995 EXEC_ERROR
0 instance_test_1.json ERROR 13529224 ERROR 7.5 0.05 0.98 EXEC_ERROR
0 instance_test_1.json ERROR 47757958 ERROR 7.5 0.05 0.99 EXEC_ERROR
0 instance_test_1.json ERROR 75582698 ERROR 7.5 0.05 0.995 EXEC_ERROR
0 instance_test_1.json ERROR 49926149 ERROR 7.5 0.1 0.98 EXEC_ERROR
0 instance_test_1.json ERROR 72085033 ERROR 7.5 0.1 0.99 EXEC_ERROR
0 instance_test_1.json ERROR 73824956 ERROR 7.5 0.1 0.995 EXEC_ERROR
0 instance_test_1.json ERROR 88189122 ERROR 10.0 0.02 0.98 EXEC_ERROR
0 instance_test_1.json ERROR 69880275 ERROR 10.0 0.02 0.99 EXEC_ERROR
0 instance_test_1.json ERROR 48921825 ERROR 10.0 0.02 0.995 EXEC_ERROR
0 instance_test_1.json ERROR 66930621 ERROR 10.0 0.05 0.98 EXEC_ERROR
0 instance_test_1.json ERROR 6774407 ERROR 10.0 0.05 0.99 EXEC_ERROR
0 instance_test_1.json ERROR 87159616 ERROR 10.0 0.05 0.995 EXEC_ERROR
0 instance_test_1.json ERROR 7109415 ERROR 10.0 0.1 0.98 EXEC_ERROR
0 instance_test_1.json ERROR 9944560 ERROR 10.0 0.1 0.99 EXEC_ERROR
0 instance_test_1.json ERROR 34796956 ERROR 10.0 0.1 0.995 EXEC_ERROR

0 instance_test_2.json ERROR 29255629 ERROR 5.0 0.02 0.98 EXEC_ERROR
0 instance_test_2.json ERROR 17004818 ERROR 5.0 0.02 0.99 EXEC_ERROR
0 instance_test_2.json ERROR 35032977 ERROR 5.0 0.02 0.995 EXEC_ERROR
0 instance_test_2.json ERROR 28062846 ERROR 5.0 0.05 0.98 EXEC_ERROR
0 instance_test_2.json ERROR 77631106 ERROR 5.0 0.05 0.99 EXEC_ERROR
0 instance_test_2.json ERROR 27100663 ERROR 5.0 0.05 0.995 EXEC_ERROR
0 instance_test_2.json ERROR 39930196 ERROR 5.0 0.1 0.98 EXEC_ERROR
0 instance_test_2.json ERROR 75315800 ERROR 5.0 0.1 0.99 EXEC_ERROR
0 instance_test_2.json ERROR 74928641 ERROR 5.0 0.1 0.995 EXEC_ERROR
0 instance_test_2.json ERROR 18832427 ERROR 7.5 0.02 0.98 EXEC_ERROR
0 instance_test_2.json ERROR 98448055 ERROR 7.5 0.02 0.99 EXEC_ERROR
0 instance_test_2.json ERROR 97788821 ERROR 7.5 0.02 0.995 EXEC_ERROR
0 instance_test_2.json ERROR 75951562 ERROR 7.5 0.05 0.98 EXEC_ERROR
0 instance_test_2.json ERROR 25069552 ERROR 7.5 0.05 0.99 EXEC_ERROR
0 instance_test_2.json ERROR 94004856 ERROR 7.5 0.05 0.995 EXEC_ERROR
0 instance_test_2.json ERROR 33555213 ERROR 7.5 0.1 0.98 EXEC_ERROR
0 instance_test_2.json ERROR 64997986 ERROR 7.5 0.1 0.99 EXEC_ERROR
0 instance_test_2.json ERROR 57062970 ERROR 7.5 0.1 0.995 EXEC_ERROR
0 instance_test_2.json ERROR 81540257 ERROR 10.0 0.02 0.98 EXEC_ERROR
0 instance_test_2.json ERROR 51840278 ERROR 10.0 0.02 0.99 EXEC_ERROR
0 instance_test_2.json ERROR 18564652 ERROR 10.0 0.02 0.995 EXEC_ERROR
0 instance_test_2.json ERROR 6012988 ERROR 10.0 0.05 0.98 EXEC_ERROR
0 instance_test_2.json ERROR 81155595 ERROR 10.0 0.05 0.99 EXEC_ERROR
0 instance_test_2.json ERROR 16589771 ERROR 10.0 0.05 0.995 EXEC_ERROR
0 instance_test_2.json ERROR 9927868 ERROR 10.0 0.1 0.98 EXEC_ERROR
0 instance_test_2.json ERROR 43627120 ERROR 10.0 0.1 0.99 EXEC_ERROR
0 instance_test_2.json ERROR 52729315 ERROR 10.0 0.1 0.995 EXEC_ERROR

0 instance_test_3.json ERROR 12298244 ERROR 5.0 0.02 0.98 EXEC_ERROR
0 instance_test_3.json ERROR 78345268 ERROR 5.0 0.02 0.99 EXEC_ERROR
0 instance_test_3.json ERROR 8059568 ERROR 5.0 0.02 0.995 EXEC_ERROR
0 instance_test_3.json ERROR 62399809 ERROR 5.0 0.05 0.98 EXEC_ERROR
0 instance_test_3.json ERROR 50332998 ERROR 5.0 0.05 0.99 EXEC_ERROR
0 instance_test_3.json ERROR 56656221 ERROR 5.0 0.05 0.995 EXEC_ERROR
0 instance_test_3.json ERROR 86018750 ERROR 5.0 0.1 0.98 EXEC_ERROR
0 instance_test_3.json ERROR 32732811 ERROR 5.0 0.1 0.99 EXEC_ERROR
0 instance_test_3.json ERROR 93221150 ERROR 5.0 0.1 0.995 EXEC_ERROR
0 instance_test_3.json ERROR 86661266 ERROR 7.5 0.02 0.98 EXEC_ERROR
0 instance_test_3.json ERROR 521096 ERROR 7.5 0.02 0.99 EXEC_ERROR
0 instance_test_3.json ERROR 57421355 ERROR 7.5 0.02 0.995 EXEC_ERROR
0 instance_test_3.json ERROR 81368337 ERROR 7.5 0.05 0.98 EXEC_ERROR
0 instance_test_3.json ERROR 44951462 ERROR 7.5 0.05 0.99 EXEC_ERROR
0 instance_test_3.json ERROR 10826189 ERROR 7.5 0.05 0.995 EXEC_ERROR
0 instance_test_3.json ERROR 43220779 ERROR 7.5 0.1 0.98 EXEC_ERROR
0 instance_test_3.json ERROR 49693124 ERROR 7.5 0.1 0.99 EXEC_ERROR
0 instance_test_3.json ERROR 86782665 ERROR 7.5 0.1 0.995 EXEC_ERROR
0 instance_test_3.json ERROR 68965322 ERROR 10.0 0.02 0.98 EXEC_ERROR
0 instance_test_3.json ERROR 92099484 ERROR 10.0 0.02 0.99 EXEC_ERROR
0 instance_test_3.json ERROR 84812644 ERROR 10.0 0.02 0.995 EXEC_ERROR
0 instance_test_3.json ERROR 81128351 ERROR 10.0 0.05 0.98 EXEC_ERROR
0 instance_test_3.json ERROR 15866772 ERROR 10.0 0.05 0.99 EXEC_ERROR
0 instance_test_3.json ERROR 23652261 ERROR 10.0 0.05 0.995 EXEC_ERROR
0 instance_test_3.json ERROR 95370238 ERROR 10.0 0.1 0.98 EXEC_ERROR
0 instance_test_3.json ERROR 515892 ERROR 10.0 0.1 0.99 EXEC_ERROR
0 instance_test_3.json ERROR 64327586 ERROR 10.0 0.1 0.995 EXEC_ERROR

0 instance_test_4.json ERROR 93837021 ERROR 5.0 0.02 0.98 EXEC_ERROR
0 instance_test_4.json ERROR 35814510 ERROR 5.0 0.02 0.99 EXEC_ERROR
0 instance_test_4.json ERROR 59544497 ERROR 5.0 0.02 0.995 EXEC_ERROR
0 instance_test_4.json ERROR 65718607 ERROR 5.0 0.05 0.98 EXEC_ERROR
0 instance_test_4.json ERROR 40249752 ERROR 5.0 0.05 0.99 EXEC_ERROR
0 instance_test_4.json ERROR 50961451 ERROR 5.0 0.05 0.995 EXEC_ERROR
0 instance_test_4.json ERROR 48233581 ERROR 5.0 0.1 0.98 EXEC_ERROR
0 instance_test_4.json ERROR 56039820 ERROR 5.0 0.1 0.99 EXEC_ERROR
0 instance_test_4.json ERROR 90717187 ERROR 5.0 0.1 0.995 EXEC_ERROR
0 instance_test_4.json ERROR 13526879 ERROR 7.5 0.02 0.98 EXEC_ERROR
0 instance_test_4.json ERROR 8986215 ERROR 7.5 0.02 0.99 EXEC_ERROR
0 instance_test_4.json ERROR 82563537 ERROR 7.5 0.02 0.995 EXEC_ERROR
0 instance_test_4.json ERROR 50958313 ERROR 7.5 0.05 0.98 EXEC_ERROR
0 instance_test_4.json ERROR 74311218 ERROR 7.5 0.05 0.99 EXEC_ERROR
0 instance_test_4.json ERROR 77431507 ERROR 7.5 0.05 0.995 EXEC_ERROR
0 instance_test_4.json ERROR 74939202 ERROR 7.5 0.1 0.98 EXEC_ERROR
0 instance_test_4.json ERROR 57699587 ERROR 7.5 0.1 0.99 EXEC_ERROR
0 instance_test_4.json ERROR 97929690 ERROR 7.5 0.1 0.995 EXEC_ERROR
0 instance_test_4.json ERROR 86955041 ERROR 10.0 0.02 0.98 EXEC_ERROR
0 instance_test_4.json ERROR 63746634 ERROR 10.0 0.02 0.99 EXEC_ERROR
0 instance_test_4.json ERROR 68572777 ERROR 10.0 0.02 0.995 EXEC_ERROR
0 instance_test_4.json ERROR 63900945 ERROR 10.0 0.05 0.98 EXEC_ERROR
0 instance_test_4.json ERROR 76415507 ERROR 10.0 0.05 0.99 EXEC_ERROR
0 instance_test_4.json ERROR 17113447 ERROR 10.0 0.05 0.995 EXEC_ERROR
0 instance_test_4.json ERROR 99233970 ERROR 10.0 0.1 0.98 EXEC_ERROR
0 instance_test_4.json ERROR 13940166 ERROR 10.0 0.1 0.99 EXEC_ERROR
0 instance_test_4.json ERROR 24977930 ERROR 10.0 0.1 0.995 EXEC_ERROR

0 instance_test_5.json ERROR 47791547 ERROR 5.0 0.02 0.98 EXEC_ERROR
0 instance_test_5.json ERROR 77561055 ERROR 5.0 0.02 0.99 EXEC_ERROR
0 instance_test_5.json ERROR 75039649 ERROR 5.0 0.02 0.995 EXEC_ERROR
0 instance_test_5.json ERROR 99590248 ERROR 5.0 0.05 0.98 EXEC_ERROR
0 instance_test_5.json ERROR 13479200 ERROR 5.0 0.05 0.99 EXEC_ERROR
0 instance_test_5.json ERROR 29048318 ERROR 5.0 0.05 0.995 EXEC_ERROR
0 instance_test_5.json ERROR 92265607 ERROR 5.0 0.1 0.98 EXEC_ERROR
0 instance_test_5.json ERROR 28072902 ERROR 5.0 0.1 0.99 EXEC_ERROR
0 instance_test_5.json ERROR 44118963 ERROR 5.0 0.1 0.995 EXEC_ERROR
0 instance_test_5.json ERROR 69598970 ERROR 7.5 0.02 0.98 EXEC_ERROR
0 instance_test_5.json ERROR 59827710 ERROR 7.5 0.02 0.99 EXEC_ERROR
0 instance_test_5.json ERROR 94126839 ERROR 7.5 0.02 0.995 EXEC_ERROR
0 instance_test_5.json ERROR 78004808 ERROR 7.5 0.05 0.98 EXEC_ERROR
0 instance_test_5.json ERROR 88697885 ERROR 7.5 0.05 0.99 EXEC_ERROR
0 instance_test_5.json ERROR 67761178 ERROR 7.5 0.05 0.995 EXEC_ERROR
0 instance_test_5.json ERROR 30872196 ERROR 7.5 0.1 0.98 EXEC_ERROR
0 instance_test_5.json ERROR 88242847 ERROR 7.5 0.1 0.99 EXEC_ERROR
0 instance_test_5.json ERROR 59888340 ERROR 7.5 0.1 0.995 EXEC_ERROR
0 instance_test_5.json ERROR 36772183 ERROR 10.0 0.02 0.98 EXEC_ERROR
0 instance_test_5.json ERROR 48687909 ERROR 10.0 0.02 0.99 EXEC_ERROR
0 instance_test_5.json ERROR 26463653 ERROR 10.0 0.02 0.995 EXEC_ERROR
0 instance_test_5.json ERROR 91634434 ERROR 10.0 0.05 0.98 EXEC_ERROR
0 instance_test_5.json ERROR 25702671 ERROR 10.0 0.05 0.99 EXEC_ERROR
0 instance_test_5.json ERROR 16806169 ERROR 10.0 0.05 0.995 EXEC_ERROR
0 instance_test_5.json ERROR 93676437 ERROR 10.0 0.1 0.98 EXEC_ERROR
0 instance_test_5.json ERROR 58825912 ERROR 10.0 0.1 0.99 EXEC_ERROR
0 instance_test_5.json ERROR 84236282 ERROR 10.0 0.1 0.995 EXEC_ERROR

0 instance_test_6.json ERROR 85984540 ERROR 5.0 0.02 0.98 EXEC_ERROR
0 instance_test_6.json ERROR 74092009 ERROR 5.0 0.02 0.99 EXEC_ERROR
0 instance_test_6.json ERROR 46982756 ERROR 5.0 0.02 0.995 EXEC_ERROR
0 instance_test_6.json ERROR 658909 ERROR 5.0 0.05 0.98 EXEC_ERROR
0 instance_test_6.json ERROR 85785603 ERROR 5.0 0.05 0.99 EXEC_ERROR
0 instance_test_6.json ERROR 18679178 ERROR 5.0 0.05 0.995 EXEC_ERROR
0 instance_test_6.json ERROR 68745069 ERROR 5.0 0.1 0.98 EXEC_ERROR
0 instance_test_6.json ERROR 80855443 ERROR 5.0 0.1 0.99 EXEC_ERROR
0 instance_test_6.json ERROR 91495647 ERROR 5.0 0.1 0.995 EXEC_ERROR
0 instance_test_6.json ERROR 47365518 ERROR 7.5 0.02 0.98 EXEC_ERROR
0 instance_test_6.json ERROR 24264635 ERROR 7.5 0.02 0.99 EXEC_ERROR
0 instance_test_6.json ERROR 47730705 ERROR 7.5 0.02 0.995 EXEC_ERROR
0 instance_test_6.json ERROR 27014619 ERROR 7.5 0.05 0.98 EXEC_ERROR
0 instance_test_6.json ERROR 59966285 ERROR 7.5 0.05 0.99 EXEC_ERROR
0 instance_test_6.json ERROR 10147364 ERROR 7.5 0.05 0.995 EXEC_ERROR
0 instance_test_6.json ERROR 48982503 ERROR 7.5 0.1 0.98 EXEC_ERROR
0 instance_test_6.json ERROR 56184957 ERROR 7.5 0.1 0.99 EXEC_ERROR
0 instance_test_6.json ERROR 78565844 ERROR 7.5 0.1 0.995 EXEC_ERROR
0 instance_test_6.json ERROR 86757310 ERROR 10.0 0.02 0.98 EXEC_ERROR
0 instance_test_6.json ERROR 33743366 ERROR 10.0 0.02 0.99 EXEC_ERROR
0 instance_test_6.json ERROR 10062043 ERROR 10.0 0.02 0.995 EXEC_ERROR
0 instance_test_6.json ERROR 10894431 ERROR 10.0 0.05 0.98 EXEC_ERROR
0 instance_test_6.json ERROR 78060876 ERROR 10.0 0.05 0.99 EXEC_ERROR
0 instance_test_6.json ERROR 29246754 ERROR 10.0 0.05 0.995 EXEC_ERROR
0 instance_test_6.json ERROR 61724512 ERROR 10.0 0.1 0.98 EXEC_ERROR
0 instance_test_6.json ERROR 19744186 ERROR 10.0 0.1 0.99 EXEC_ERROR
0 instance_test_6.json ERROR 41902148 ERROR 10.0 0.1 0.995 EXEC_ERROR

0 instance_test_7.json ERROR 20642682 ERROR 5.0 0.02 0.98 EXEC_ERROR
0 instance_test_7.json ERROR 69376660 ERROR 5.0 0.02 0.99 EXEC_ERROR
0 instance_test_7.json ERROR 14247741 ERROR 5.0 0.02 0.995 EXEC_ERROR
0 instance_test_7.json ERROR 39785546 ERROR 5.0 0.05 0.98 EXEC_ERROR
0 instance_test_7.json ERROR 59141792 ERROR 5.0 0.05 0.99 EXEC_ERROR
0 instance_test_7.json ERROR 17892771 ERROR 5.0 0.05 0.995 EXEC_ERROR
0 instance_test_7.json ERROR 56821025 ERROR 5.0 0.1 0.98 EXEC_ERROR
0 instance_test_7.json ERROR 44573040 ERROR 5.0 0.1 0.99 EXEC_ERROR
0 instance_test_7.json ERROR 82774112 ERROR 5.0 0.1 0.995 EXEC_ERROR
0 instance_test_7.json ERROR 85993083 ERROR 7.5 0.02 0.98 EXEC_ERROR
0 instance_test_7.json ERROR 80485596 ERROR 7.5 0.02 0.99 EXEC_ERROR
0 instance_test_7.json ERROR 86785569 ERROR 7.5 0.02 0.995 EXEC_ERROR
0 instance_test_7.json ERROR 86477705 ERROR 7.5 0.05 0.98 EXEC_ERROR
0 instance_test_7.json ERROR 49920948 ERROR 7.5 0.05 0.99 EXEC_ERROR
0 instance_test_7.json ERROR 97578570 ERROR 7.5 0.05 0.995 EXEC_ERROR
0 instance_test_7.json ERROR 57607069 ERROR 7.5 0.1 0.98 EXEC_ERROR
0 instance_test_7.json ERROR 20249903 ERROR 7.5 0.1 0.99 EXEC_ERROR
0 instance_test_7.json ERROR 87816305 ERROR 7.5 0.1 0.995 EXEC_ERROR
0 instance_test_7.json ERROR 77690651 ERROR 10.0 0.02 0.98 EXEC_ERROR
0 instance_test_7.json ERROR 29678831 ERROR 10.0 0.02 0.99 EXEC_ERROR
0 instance_test_7.json ERROR 88434381 ERROR 10.0 0.02 0.995 EXEC_ERROR
0 instance_test_7.json ERROR 39833844 ERROR 10.0 0.05 0.98 EXEC_ERROR
0 instance_test_7.json ERROR 91425429 ERROR 10.0 0.05 0.99 EXEC_ERROR
0 instance_test_7.json ERROR 61562555 ERROR 10.0 0.05 0.995 EXEC_ERROR
0 instance_test_7.json ERROR 86718439 ERROR 10.0 0.1 0.98 EXEC_ERROR
0 instance_test_7.json ERROR 52439229 ERROR 10.0 0.1 0.99 EXEC_ERROR
0 instance_test_7.json ERROR 14327153 ERROR 10.0 0.1 0.995 EXEC_ERROR

0 instance_test_8.json ERROR 74195206 ERROR 5.0 0.02 0.98 EXEC_ERROR
0 instance_test_8.json ERROR 48049025 ERROR 5.0 0.02 0.99 EXEC_ERROR
0 instance_test_8.json ERROR 76636686 ERROR 5.0 0.02 0.995 EXEC_ERROR
0 instance_test_8.json ERROR 62590265 ERROR 5.0 0.05 0.98 EXEC_ERROR
0 instance_test_8.json ERROR 81842679 ERROR 5.0 0.05 0.99 EXEC_ERROR
0 instance_test_8.json ERROR 11438137 ERROR 5.0 0.05 0.995 EXEC_ERROR
0 instance_test_8.json ERROR 51618640 ERROR 5.0 0.1 0.98 EXEC_ERROR
0 instance_test_8.json ERROR 22409464 ERROR 5.0 0.1 0.99 EXEC_ERROR
0 instance_test_8.json ERROR 65384393 ERROR 5.0 0.1 0.995 EXEC_ERROR
0 instance_test_8.json ERROR 63144166 ERROR 7.5 0.02 0.98 EXEC_ERROR
0 instance_test_8.json ERROR 63223804 ERROR 7.5 0.02 0.99 EXEC_ERROR
0 instance_test_8.json ERROR 45274513 ERROR 7.5 0.02 0.995 EXEC_ERROR
0 instance_test_8.json ERROR 93786359 ERROR 7.5 0.05 0.98 EXEC_ERROR
0 instance_test_8.json ERROR 47332352 ERROR 7.5 0.05 0.99 EXEC_ERROR
0 instance_test_8.json ERROR 8756018 ERROR 7.5 0.05 0.995 EXEC_ERROR
0 instance_test_8.json ERROR 54015026 ERROR 7.5 0.1 0.98 EXEC_ERROR
0 instance_test_8.json ERROR 23790156 ERROR 7.5 0.1 0.99 EXEC_ERROR
0 instance_test_8.json ERROR 18600458 ERROR 7.5 0.1 0.995 EXEC_ERROR
0 instance_test_8.json ERROR 35271480 ERROR 10.0 0.02 0.98 EXEC_ERROR
0 instance_test_8.json ERROR 60590899 ERROR 10.0 0.02 0.99 EXEC_ERROR
0 instance_test_8.json ERROR 10504433 ERROR 10.0 0.02 0.995 EXEC_ERROR
0 instance_test_8.json ERROR 75367733 ERROR 10.0 0.05 0.98 EXEC_ERROR
0 instance_test_8.json ERROR 83594909 ERROR 10.0 0.05 0.99 EXEC_ERROR
0 instance_test_8.json ERROR 89663501 ERROR 10.0 0.05 0.995 EXEC_ERROR
0 instance_test_8.json ERROR 91211120 ERROR 10.0 0.1 0.98 EXEC_ERROR
0 instance_test_8.json ERROR 8398208 ERROR 10.0 0.1 0.99 EXEC_ERROR
0 instance_test_8.json ERROR 50381412 ERROR 10.0 0.1 0.995 EXEC_ERROR

0 instance_test_9.json ERROR 25409489 ERROR 5.0 0.02 0.98 EXEC_ERROR
0 instance_test_9.json ERROR 54634072 ERROR 5.0 0.02 0.99 EXEC_ERROR
0 instance_test_9.json ERROR 90928768 ERROR 5.0 0.02 0.995 EXEC_ERROR
0 instance_test_9.json ERROR 72344543 ERROR 5.0 0.05 0.98 EXEC_ERROR
0 instance_test_9.json ERROR 34276790 ERROR 5.0 0.05 0.99 EXEC_ERROR
0 instance_test_9.json ERROR 85825864 ERROR 5.0 0.05 0.995 EXEC_ERROR
0 instance_test_9.json ERROR 26717048 ERROR 5.0 0.1 0.98 EXEC_ERROR
0 instance_test_9.json ERROR 96998122 ERROR 5.0 0.1 0.99 EXEC_ERROR
0 instance_test_9.json ERROR 20641412 ERROR 5.0 0.1 0.995 EXEC_ERROR
0 instance_test_9.json ERROR 34108137 ERROR 7.5 0.02 0.98 EXEC_ERROR
0 instance_test_9.json ERROR 66940029 ERROR 7.5 0.02 0.99 EXEC_ERROR
0 instance_test_9.json ERROR 33090453 ERROR 7.5 0.02 0.995 EXEC_ERROR
0 instance_test_9.json ERROR 11963940 ERROR 7.5 0.05 0.98 EXEC_ERROR
0 instance_test_9.json ERROR 23453001 ERROR 7.5 0.05 0.99 EXEC_ERROR
0 instance_test_9.json ERROR 20721351 ERROR 7.5 0.05 0.995 EXEC_ERROR
0 instance_test_9.json ERROR 17705249 ERROR 7.5 0.1 0.98 EXEC_ERROR
0 instance_test_9.json ERROR 90762597 ERROR 7.5 0.1 0.99 EXEC_ERROR
0 instance_test_9.json ERROR 67543626 ERROR 7.5 0.1 0.995 EXEC_ERROR
0 instance_test_9.json ERROR 95985819 ERROR 10.0 0.02 0.98 EXEC_ERROR
0 instance_test_9.json ERROR 84158924 ERROR 10.0 0.02 0.99 EXEC_ERROR
0 instance_test_9.json ERROR 91299706 ERROR 10.0 0.02 0.995 EXEC_ERROR
0 instance_test_9.json ERROR 41766221 ERROR 10.0 0.05 0.98 EXEC_ERROR
0 instance_test_9.json ERROR 35554115 ERROR 10.0 0.05 0.99 EXEC_ERROR
0 instance_test_9.json ERROR 52072160 ERROR 10.0 0.05 0.995 EXEC_ERROR
0 instance_test_9.json ERROR 33783923 ERROR 10.0 0.1 0.98 EXEC_ERROR
0 instance_test_9.json ERROR 26541334 ERROR 10.0 0.1 0.99 EXEC_ERROR
0 instance_test_9.json ERROR 57292366 ERROR 10.0 0.1 0.995 EXEC_ERROR

