Trial Instance Cost Seed Time Start_Temp Min_Temp Cooling_Rate Status
0 instance_test_1.json 2736 25715941 2.42485 5.0 0.02 0.98 OK
0 instance_test_1.json 2581 61699614 2.21538 5.0 0.02 0.99 OK
0 instance_test_1.json 2645 53825903 2.11024 5.0 0.02 0.995 OK
0 instance_test_1.json 2683 19131811 2.07715 5.0 0.05 0.98 OK
0 instance_test_1.json 2614 5885244 2.07754 5.0 0.05 0.99 OK
0 instance_test_1.json 2610 8592424 2.0846 5.0 0.05 0.995 OK
0 instance_test_1.json 2591 52661706 2.07666 5.0 0.1 0.98 OK
0 instance_test_1.json 2590 50427877 2.11754 5.0 0.1 0.99 OK
0 instance_test_1.json 2611 86325131 2.27749 5.0 0.1 0.995 OK
0 instance_test_1.json 2672 74229776 2.19701 7.5 0.02 0.98 OK
0 instance_test_1.json 2558 65187904 2.22294 7.5 0.02 0.99 OK
0 instance_test_1.json 2649 18454731 2.17636 7.5 0.02 0.995 OK
0 instance_test_1.json 2552 76587158 2.21112 7.5 0.05 0.98 OK
0 instance_test_1.json 2628 46633277 1.22234 7.5 0.05 0.99 OK
0 instance_test_1.json 2677 35219871 2.16288 7.5 0.05 0.995 OK
0 instance_test_1.json 2616 49128069 2.16381 7.5 0.1 0.98 OK
0 instance_test_1.json 2713 69206265 2.17344 7.5 0.1 0.99 OK
0 instance_test_1.json 2680 72024109 2.18888 7.5 0.1 0.995 OK
0 instance_test_1.json 2550 21822298 2.21376 10.0 0.02 0.98 OK
0 instance_test_1.json 2630 95754078 2.27057 10.0 0.02 0.99 OK
0 instance_test_1.json 2746 28765952 2.17974 10.0 0.02 0.995 OK
0 instance_test_1.json 2582 83455738 2.23142 10.0 0.05 0.98 OK
0 instance_test_1.json 2607 92739798 2.14958 10.0 0.05 0.99 OK
0 instance_test_1.json 2659 57244505 2.09865 10.0 0.05 0.995 OK
0 instance_test_1.json 2683 36042792 2.07796 10.0 0.1 0.98 OK
0 instance_test_1.json 2619 70233002 2.09642 10.0 0.1 0.99 OK
0 instance_test_1.json 2586 47838410 2.1767 10.0 0.1 0.995 OK

0 instance_test_2.json 14317 56268849 1.42746 5.0 0.02 0.98 OK
0 instance_test_2.json 14328 30481128 0.502887 5.0 0.02 0.99 OK
0 instance_test_2.json 14295 36768509 1.4348 5.0 0.02 0.995 OK
0 instance_test_2.json 15433 58950942 1.43756 5.0 0.05 0.98 OK
0 instance_test_2.json 14312 48679536 1.42538 5.0 0.05 0.99 OK
0 instance_test_2.json 14296 9810303 1.41828 5.0 0.05 0.995 OK
0 instance_test_2.json 14310 57957012 1.42539 5.0 0.1 0.98 OK
0 instance_test_2.json 14285 4671207 1.41665 5.0 0.1 0.99 OK
0 instance_test_2.json 14270 78996512 1.43896 5.0 0.1 0.995 OK
0 instance_test_2.json 14293 77718847 1.43577 7.5 0.02 0.98 OK
0 instance_test_2.json 14326 42026035 1.42173 7.5 0.02 0.99 OK
0 instance_test_2.json 14295 65774859 1.41589 7.5 0.02 0.995 OK
0 instance_test_2.json 15412 83345971 1.40335 7.5 0.05 0.98 OK
0 instance_test_2.json 14314 21896064 1.42691 7.5 0.05 0.99 OK
0 instance_test_2.json 14330 47755595 1.40722 7.5 0.05 0.995 OK
0 instance_test_2.json 14319 94973773 1.45203 7.5 0.1 0.98 OK
0 instance_test_2.json 14294 76082645 1.47865 7.5 0.1 0.99 OK
0 instance_test_2.json 14296 5386033 1.53401 7.5 0.1 0.995 OK
0 instance_test_2.json 14327 53190604 1.47084 10.0 0.02 0.98 OK
0 instance_test_2.json 14313 18827185 1.45989 10.0 0.02 0.99 OK
0 instance_test_2.json 14256 67587415 1.50375 10.0 0.02 0.995 OK
0 instance_test_2.json 14359 90206728 1.4725 10.0 0.05 0.98 OK
0 instance_test_2.json 14302 9519658 1.44331 10.0 0.05 0.99 OK
0 instance_test_2.json 14306 5627957 0.459808 10.0 0.05 0.995 OK
0 instance_test_2.json 14312 4961012 1.43472 10.0 0.1 0.98 OK
0 instance_test_2.json 14303 31327548 1.45646 10.0 0.1 0.99 OK
0 instance_test_2.json 14350 3357322 1.43777 10.0 0.1 0.995 OK

0 instance_test_3.json 1807 20177487 1.88715 5.0 0.02 0.98 OK
0 instance_test_3.json 1797 55684739 1.91232 5.0 0.02 0.99 OK
0 instance_test_3.json 1803 76969558 2.19633 5.0 0.02 0.995 OK
0 instance_test_3.json 1805 52331081 1.96369 5.0 0.05 0.98 OK
0 instance_test_3.json 1797 28204030 1.92717 5.0 0.05 0.99 OK
0 instance_test_3.json 1807 30612803 1.94697 5.0 0.05 0.995 OK
0 instance_test_3.json 1794 96389774 1.92773 5.0 0.1 0.98 OK
0 instance_test_3.json 1805 73468800 1.96052 5.0 0.1 0.99 OK
0 instance_test_3.json 1811 24177385 1.986 5.0 0.1 0.995 OK
0 instance_test_3.json 1804 98885521 1.9408 7.5 0.02 0.98 OK
0 instance_test_3.json 1811 60113416 1.9393 7.5 0.02 0.99 OK
0 instance_test_3.json 1796 24053102 1.94099 7.5 0.02 0.995 OK
0 instance_test_3.json 1797 54836592 2.00032 7.5 0.05 0.98 OK
0 instance_test_3.json 1790 85682911 1.01955 7.5 0.05 0.99 OK
0 instance_test_3.json 1814 15848371 1.94366 7.5 0.05 0.995 OK
0 instance_test_3.json 1817 33110888 2.18265 7.5 0.1 0.98 OK
0 instance_test_3.json 1797 96831257 2.06486 7.5 0.1 0.99 OK
0 instance_test_3.json 1800 44042473 3.19186 7.5 0.1 0.995 OK
0 instance_test_3.json 1810 93998231 2.08061 10.0 0.02 0.98 OK
0 instance_test_3.json 1791 34315530 1.92671 10.0 0.02 0.99 OK
0 instance_test_3.json 1814 58148630 2.00797 10.0 0.02 0.995 OK
0 instance_test_3.json 1812 56104339 1.90904 10.0 0.05 0.98 OK
0 instance_test_3.json 1814 36264843 1.91083 10.0 0.05 0.99 OK
0 instance_test_3.json 1807 36743419 1.88468 10.0 0.05 0.995 OK
0 instance_test_3.json 1814 20474761 1.89 10.0 0.1 0.98 OK
0 instance_test_3.json 1795 1204182 2.04472 10.0 0.1 0.99 OK
0 instance_test_3.json 1817 84502003 1.88629 10.0 0.1 0.995 OK

0 instance_test_4.json 7688 12517009 1.60616 5.0 0.02 0.98 OK
0 instance_test_4.json 7260 91543992 1.50835 5.0 0.02 0.99 OK
0 instance_test_4.json 7234 45235109 1.44317 5.0 0.02 0.995 OK
0 instance_test_4.json 7700 15422252 0.514061 5.0 0.05 0.98 OK
0 instance_test_4.json 7254 6533972 1.50611 5.0 0.05 0.99 OK
0 instance_test_4.json 7249 46645683 1.44962 5.0 0.05 0.995 OK
0 instance_test_4.json 7269 85903874 1.51829 5.0 0.1 0.98 OK
0 instance_test_4.json 7243 65575972 1.4499 5.0 0.1 0.99 OK
0 instance_test_4.json 7251 89072448 1.43708 5.0 0.1 0.995 OK
0 instance_test_4.json 7243 94021944 1.47286 7.5 0.02 0.98 OK
0 instance_test_4.json 7236 63053321 1.48467 7.5 0.02 0.99 OK
0 instance_test_4.json 7251 43343698 1.47617 7.5 0.02 0.995 OK
0 instance_test_4.json 7227 69931265 1.47522 7.5 0.05 0.98 OK
0 instance_test_4.json 7722 58556223 1.46069 7.5 0.05 0.99 OK
0 instance_test_4.json 7717 90517376 1.48496 7.5 0.05 0.995 OK
0 instance_test_4.json 7245 42298823 1.42228 7.5 0.1 0.98 OK
0 instance_test_4.json 7739 23568457 1.44654 7.5 0.1 0.99 OK
0 instance_test_4.json 6802 39268539 1.45179 7.5 0.1 0.995 OK
0 instance_test_4.json 7262 73423406 1.49261 10.0 0.02 0.98 OK
0 instance_test_4.json 7260 84238187 1.45658 10.0 0.02 0.99 OK
0 instance_test_4.json 7253 28764679 1.45783 10.0 0.02 0.995 OK
0 instance_test_4.json 7240 56749369 1.49066 10.0 0.05 0.98 OK
0 instance_test_4.json 7263 22361336 1.45118 10.0 0.05 0.99 OK
0 instance_test_4.json 7696 3055133 1.44542 10.0 0.05 0.995 OK
0 instance_test_4.json 7252 12791677 1.57958 10.0 0.1 0.98 OK
0 instance_test_4.json 6806 95550016 0.522682 10.0 0.1 0.99 OK
0 instance_test_4.json 7275 65935080 1.4725 10.0 0.1 0.995 OK

0 instance_test_5.json 488 28253615 1.16384 5.0 0.02 0.98 OK
0 instance_test_5.json 493 45176257 1.17144 5.0 0.02 0.99 OK
0 instance_test_5.json 480 79798740 1.15956 5.0 0.02 0.995 OK
0 instance_test_5.json 486 2450965 1.14676 5.0 0.05 0.98 OK
0 instance_test_5.json 502 69734359 1.14605 5.0 0.05 0.99 OK
0 instance_test_5.json 468 26613428 1.14819 5.0 0.05 0.995 OK
0 instance_test_5.json 492 93023832 1.14673 5.0 0.1 0.98 OK
0 instance_test_5.json 493 71812377 1.13998 5.0 0.1 0.99 OK
0 instance_test_5.json 460 1984401 1.14468 5.0 0.1 0.995 OK
0 instance_test_5.json 471 61211110 1.14871 7.5 0.02 0.98 OK
0 instance_test_5.json 391 56689625 1.19736 7.5 0.02 0.99 OK
0 instance_test_5.json 508 73419527 1.17713 7.5 0.02 0.995 OK
0 instance_test_5.json 509 32026063 1.15477 7.5 0.05 0.98 OK
0 instance_test_5.json 485 64998551 1.15343 7.5 0.05 0.99 OK
0 instance_test_5.json 481 12730394 1.17256 7.5 0.05 0.995 OK
0 instance_test_5.json 474 4317003 1.15297 7.5 0.1 0.98 OK
0 instance_test_5.json 467 19898891 1.14967 7.5 0.1 0.99 OK
0 instance_test_5.json 484 66255645 1.16919 7.5 0.1 0.995 OK
0 instance_test_5.json 475 16613573 1.15459 10.0 0.02 0.98 OK
0 instance_test_5.json 404 11812076 1.15497 10.0 0.02 0.99 OK
0 instance_test_5.json 423 17024183 1.16445 10.0 0.02 0.995 OK
0 instance_test_5.json 480 94582251 1.15304 10.0 0.05 0.98 OK
0 instance_test_5.json 477 46187086 1.14039 10.0 0.05 0.99 OK
0 instance_test_5.json 489 18734421 1.15121 10.0 0.05 0.995 OK
0 instance_test_5.json 395 37873407 1.14119 10.0 0.1 0.98 OK
0 instance_test_5.json 513 63346593 0.195683 10.0 0.1 0.99 OK
0 instance_test_5.json 485 33115838 1.24085 10.0 0.1 0.995 OK

0 instance_test_6.json 4861 17993499 2.80333 5.0 0.02 0.98 OK
0 instance_test_6.json 4863 12553219 2.7695 5.0 0.02 0.99 OK
0 instance_test_6.json 4945 95166478 2.79221 5.0 0.02 0.995 OK
0 instance_test_6.json 4831 68635533 2.81848 5.0 0.05 0.98 OK
0 instance_test_6.json 4833 88124387 2.79984 5.0 0.05 0.99 OK
0 instance_test_6.json 4782 61875943 2.81274 5.0 0.05 0.995 OK
0 instance_test_6.json 4847 67109020 2.77974 5.0 0.1 0.98 OK
0 instance_test_6.json 4993 95233710 2.8112 5.0 0.1 0.99 OK
0 instance_test_6.json 4895 39608610 2.88265 5.0 0.1 0.995 OK
0 instance_test_6.json 5004 17678438 2.81379 7.5 0.02 0.98 OK
0 instance_test_6.json 4768 68156614 1.81586 7.5 0.02 0.99 OK
0 instance_test_6.json 4881 43777853 2.79053 7.5 0.02 0.995 OK
0 instance_test_6.json 4852 52091119 2.94319 7.5 0.05 0.98 OK
0 instance_test_6.json 4816 32306782 2.92078 7.5 0.05 0.99 OK
0 instance_test_6.json 4779 20367956 2.91539 7.5 0.05 0.995 OK
0 instance_test_6.json 4965 66932966 2.934 7.5 0.1 0.98 OK
0 instance_test_6.json 4829 23201531 2.9702 7.5 0.1 0.99 OK
0 instance_test_6.json 4899 21171689 2.92752 7.5 0.1 0.995 OK
0 instance_test_6.json 4914 62575959 2.86646 10.0 0.02 0.98 OK
0 instance_test_6.json 4886 97732033 3.01187 10.0 0.02 0.99 OK
0 instance_test_6.json 4850 15108094 2.84803 10.0 0.02 0.995 OK
0 instance_test_6.json 4912 21425557 1.95061 10.0 0.05 0.98 OK
0 instance_test_6.json 4931 56068626 2.96406 10.0 0.05 0.99 OK
0 instance_test_6.json 4846 69199874 2.93032 10.0 0.05 0.995 OK
0 instance_test_6.json 4813 86917656 2.91112 10.0 0.1 0.98 OK
0 instance_test_6.json 4918 86935472 2.8179 10.0 0.1 0.99 OK
0 instance_test_6.json 4950 94530314 2.82345 10.0 0.1 0.995 OK

0 instance_test_7.json 7004 67232333 2.46614 5.0 0.02 0.98 OK
0 instance_test_7.json 7042 35956811 2.43073 5.0 0.02 0.99 OK
0 instance_test_7.json 7094 20939610 2.4438 5.0 0.02 0.995 OK
0 instance_test_7.json 7038 70880999 2.45417 5.0 0.05 0.98 OK
0 instance_test_7.json 7020 52577764 2.43803 5.0 0.05 0.99 OK
0 instance_test_7.json 7064 2815172 2.53247 5.0 0.05 0.995 OK
0 instance_test_7.json 7028 48153660 1.51151 5.0 0.1 0.98 OK
0 instance_test_7.json 7022 11512735 2.4313 5.0 0.1 0.99 OK
0 instance_test_7.json 7021 4926814 2.5141 5.0 0.1 0.995 OK
0 instance_test_7.json 7061 72815551 2.49022 7.5 0.02 0.98 OK
0 instance_test_7.json 7017 12026514 2.73079 7.5 0.02 0.99 OK
0 instance_test_7.json 7026 39056956 2.45717 7.5 0.02 0.995 OK
0 instance_test_7.json 7073 89125014 2.55862 7.5 0.05 0.98 OK
0 instance_test_7.json 6982 14588547 2.56512 7.5 0.05 0.99 OK
0 instance_test_7.json 7025 60174896 2.60101 7.5 0.05 0.995 OK
0 instance_test_7.json 6925 38062508 2.51014 7.5 0.1 0.98 OK
0 instance_test_7.json 7049 16084896 2.55016 7.5 0.1 0.99 OK
0 instance_test_7.json 7011 45359379 2.43698 7.5 0.1 0.995 OK
0 instance_test_7.json 7009 72255743 2.46239 10.0 0.02 0.98 OK
0 instance_test_7.json 7024 23906340 1.59144 10.0 0.02 0.99 OK
0 instance_test_7.json 7062 65190895 2.51412 10.0 0.02 0.995 OK
0 instance_test_7.json 7141 41583850 2.51096 10.0 0.05 0.98 OK
0 instance_test_7.json 7053 74131302 2.52112 10.0 0.05 0.99 OK
0 instance_test_7.json 7037 23144877 2.48207 10.0 0.05 0.995 OK
0 instance_test_7.json 7099 31050636 2.54314 10.0 0.1 0.98 OK
0 instance_test_7.json 7246 46787533 2.5973 10.0 0.1 0.99 OK
0 instance_test_7.json 7065 43959765 2.54887 10.0 0.1 0.995 OK

0 instance_test_8.json 1469 17146089 1.43463 5.0 0.02 0.98 OK
0 instance_test_8.json 1471 50780312 1.41596 5.0 0.02 0.99 OK
0 instance_test_8.json 1504 64773149 1.3319 5.0 0.02 0.995 OK
0 instance_test_8.json 1488 98371114 1.32678 5.0 0.05 0.98 OK
0 instance_test_8.json 1477 51604979 1.33559 5.0 0.05 0.99 OK
0 instance_test_8.json 1541 39202524 1.39042 5.0 0.05 0.995 OK
0 instance_test_8.json 1480 42174358 1.45411 5.0 0.1 0.98 OK
0 instance_test_8.json 1469 58896087 1.43056 5.0 0.1 0.99 OK
0 instance_test_8.json 1511 72383584 1.40475 5.0 0.1 0.995 OK
0 instance_test_8.json 1485 39133572 0.473128 7.5 0.02 0.98 OK
0 instance_test_8.json 1512 32047665 1.35757 7.5 0.02 0.99 OK
0 instance_test_8.json 1497 18914447 1.34549 7.5 0.02 0.995 OK
0 instance_test_8.json 1468 10491652 1.39115 7.5 0.05 0.98 OK
0 instance_test_8.json 1529 25617294 1.359 7.5 0.05 0.99 OK
0 instance_test_8.json 1504 74648544 1.36378 7.5 0.05 0.995 OK
0 instance_test_8.json 1507 64860866 1.36674 7.5 0.1 0.98 OK
0 instance_test_8.json 1504 64504478 1.47443 7.5 0.1 0.99 OK
0 instance_test_8.json 1524 63886128 1.37119 7.5 0.1 0.995 OK
0 instance_test_8.json 1505 37357401 1.35803 10.0 0.02 0.98 OK
0 instance_test_8.json 1517 33690905 1.36345 10.0 0.02 0.99 OK
0 instance_test_8.json 1508 4729712 1.41047 10.0 0.02 0.995 OK
0 instance_test_8.json 1539 88059041 1.43771 10.0 0.05 0.98 OK
0 instance_test_8.json 1520 41633434 1.35812 10.0 0.05 0.99 OK
0 instance_test_8.json 1503 28296717 1.39063 10.0 0.05 0.995 OK
0 instance_test_8.json 1502 89261446 1.34756 10.0 0.1 0.98 OK
0 instance_test_8.json 1484 45884766 1.34067 10.0 0.1 0.99 OK
0 instance_test_8.json 1496 55916006 1.34187 10.0 0.1 0.995 OK

0 instance_test_9.json 1434 26471928 2.18962 5.0 0.02 0.98 OK
0 instance_test_9.json 1426 70534569 2.16892 5.0 0.02 0.99 OK
0 instance_test_9.json 1434 12694243 2.1618 5.0 0.02 0.995 OK
0 instance_test_9.json 1426 98633301 1.20733 5.0 0.05 0.98 OK
0 instance_test_9.json 1410 27694948 2.15713 5.0 0.05 0.99 OK
0 instance_test_9.json 1426 31080963 2.16922 5.0 0.05 0.995 OK
0 instance_test_9.json 1418 76795312 2.14937 5.0 0.1 0.98 OK
0 instance_test_9.json 1426 66861431 2.19927 5.0 0.1 0.99 OK
0 instance_test_9.json 1418 77241689 2.15 5.0 0.1 0.995 OK
0 instance_test_9.json 1426 11148788 2.18299 7.5 0.02 0.98 OK
0 instance_test_9.json 1426 74118769 2.15137 7.5 0.02 0.99 OK
0 instance_test_9.json 1426 4376045 2.1683 7.5 0.02 0.995 OK
0 instance_test_9.json 1426 48075484 2.16668 7.5 0.05 0.98 OK
0 instance_test_9.json 1418 90126413 2.16254 7.5 0.05 0.99 OK
0 instance_test_9.json 1434 35636560 2.44715 7.5 0.05 0.995 OK
0 instance_test_9.json 1418 86998468 2.15594 7.5 0.1 0.98 OK
0 instance_test_9.json 1418 23674402 2.15717 7.5 0.1 0.99 OK
0 instance_test_9.json 1434 63447 2.14925 7.5 0.1 0.995 OK
0 instance_test_9.json 1426 91715341 1.27906 10.0 0.02 0.98 OK
0 instance_test_9.json 1434 67948099 2.20939 10.0 0.02 0.99 OK
0 instance_test_9.json 1418 93980244 2.21255 10.0 0.02 0.995 OK
0 instance_test_9.json 1426 40348402 2.27088 10.0 0.05 0.98 OK
0 instance_test_9.json 1426 44511714 2.20398 10.0 0.05 0.99 OK
0 instance_test_9.json 1426 89860023 2.25174 10.0 0.05 0.995 OK
0 instance_test_9.json 1426 14401811 2.25639 10.0 0.1 0.98 OK
0 instance_test_9.json 1426 28615469 2.17456 10.0 0.1 0.99 OK
0 instance_test_9.json 1418 19549284 2.16231 10.0 0.1 0.995 OK

Trial Instance Cost Seed Time Start_Temp Min_Temp Cooling_Rate Status
0 instance_test_1.json 24824 95547207 4.30309 5.0 0.02 0.98 OK
0 instance_test_1.json 22600 25113542 3.9876 5.0 0.02 0.99 OK
0 instance_test_1.json 24824 35971572 3.76449 5.0 0.02 0.995 OK
0 instance_test_1.json 24840 35857059 2.76946 5.0 0.05 0.98 OK
0 instance_test_1.json 22576 92431297 3.7925 5.0 0.05 0.99 OK
0 instance_test_1.json 24816 52099251 3.77822 5.0 0.05 0.995 OK
0 instance_test_1.json 22576 84045411 3.76048 5.0 0.1 0.98 OK
0 instance_test_1.json 22608 17447405 3.72781 5.0 0.1 0.99 OK
0 instance_test_1.json 22576 7528074 3.74433 5.0 0.1 0.995 OK
0 instance_test_1.json 22608 38190041 3.76506 7.5 0.02 0.98 OK
0 instance_test_1.json 22584 95715142 3.80165 7.5 0.02 0.99 OK
0 instance_test_1.json 24800 46325910 2.85182 7.5 0.02 0.995 OK
0 instance_test_1.json 24848 50945244 3.74159 7.5 0.05 0.98 OK
0 instance_test_1.json 24832 89855926 3.73403 7.5 0.05 0.99 OK
0 instance_test_1.json 24808 84001491 3.74884 7.5 0.05 0.995 OK
0 instance_test_1.json 24856 23531158 3.73617 7.5 0.1 0.98 OK
0 instance_test_1.json 22600 51898684 3.76046 7.5 0.1 0.99 OK
0 instance_test_1.json 22600 27646670 3.7412 7.5 0.1 0.995 OK
0 instance_test_1.json 24864 76909360 3.72672 10.0 0.02 0.98 OK
0 instance_test_1.json 22568 13885816 3.72985 10.0 0.02 0.99 OK
0 instance_test_1.json 24824 96209643 2.83863 10.0 0.02 0.995 OK
0 instance_test_1.json 22584 52847952 3.77309 10.0 0.05 0.98 OK
0 instance_test_1.json 22600 65417475 3.80003 10.0 0.05 0.99 OK
0 instance_test_1.json 22600 17213127 3.73711 10.0 0.05 0.995 OK
0 instance_test_1.json 22584 77976089 3.76073 10.0 0.1 0.98 OK
0 instance_test_1.json 22584 6645053 3.76539 10.0 0.1 0.99 OK
0 instance_test_1.json 22576 21335929 3.71682 10.0 0.1 0.995 OK

0 instance_test_2.json 48010 62582884 2.83088 5.0 0.02 0.98 OK
0 instance_test_2.json 47968 39049100 2.77456 5.0 0.02 0.99 OK
0 instance_test_2.json 47996 41357041 1.8273 5.0 0.02 0.995 OK
0 instance_test_2.json 47982 54701350 2.75987 5.0 0.05 0.98 OK
0 instance_test_2.json 48010 5920783 2.76473 5.0 0.05 0.99 OK
0 instance_test_2.json 47989 90585162 2.78212 5.0 0.05 0.995 OK
0 instance_test_2.json 48003 15515233 2.77247 5.0 0.1 0.98 OK
0 instance_test_2.json 48003 71586188 2.80239 5.0 0.1 0.99 OK
0 instance_test_2.json 47989 67643197 2.75163 5.0 0.1 0.995 OK
0 instance_test_2.json 48003 20857049 2.77011 7.5 0.02 0.98 OK
0 instance_test_2.json 48003 51869555 2.76078 7.5 0.02 0.99 OK
0 instance_test_2.json 47996 40927300 2.85163 7.5 0.02 0.995 OK
0 instance_test_2.json 48003 26266576 3.19858 7.5 0.05 0.98 OK
0 instance_test_2.json 47989 37556972 2.83673 7.5 0.05 0.99 OK
0 instance_test_2.json 48003 49195412 2.0737 7.5 0.05 0.995 OK
0 instance_test_2.json 47996 78503954 2.87151 7.5 0.1 0.98 OK
0 instance_test_2.json 48010 86262318 2.79088 7.5 0.1 0.99 OK
0 instance_test_2.json 48010 44838226 2.85105 7.5 0.1 0.995 OK
0 instance_test_2.json 47996 67484740 2.8477 10.0 0.02 0.98 OK
0 instance_test_2.json 48003 76508720 2.80192 10.0 0.02 0.99 OK
0 instance_test_2.json 48010 16141028 2.7967 10.0 0.02 0.995 OK
0 instance_test_2.json 48017 58560127 2.77276 10.0 0.05 0.98 OK
0 instance_test_2.json 48003 45692216 2.79861 10.0 0.05 0.99 OK
0 instance_test_2.json 47989 94365822 2.78209 10.0 0.05 0.995 OK
0 instance_test_2.json 47989 53635229 2.77416 10.0 0.1 0.98 OK
0 instance_test_2.json 48017 4534102 1.77636 10.0 0.1 0.99 OK
0 instance_test_2.json 48017 76056183 2.84154 10.0 0.1 0.995 OK

0 instance_test_3.json 14855 94859477 3.13883 5.0 0.02 0.98 OK
0 instance_test_3.json 14879 90314452 3.14693 5.0 0.02 0.99 OK
0 instance_test_3.json 14855 14319571 3.17758 5.0 0.02 0.995 OK
0 instance_test_3.json 14847 68841172 3.17244 5.0 0.05 0.98 OK
0 instance_test_3.json 14894 73523607 3.18775 5.0 0.05 0.99 OK
0 instance_test_3.json 14836 76222544 3.17136 5.0 0.05 0.995 OK
0 instance_test_3.json 14870 41155986 3.53022 5.0 0.1 0.98 OK
0 instance_test_3.json 14926 35161868 3.34851 5.0 0.1 0.99 OK
0 instance_test_3.json 15896 72684236 2.30887 5.0 0.1 0.995 OK
0 instance_test_3.json 14924 60828287 3.45362 7.5 0.02 0.98 OK
0 instance_test_3.json 14883 81510368 3.34355 7.5 0.02 0.99 OK
0 instance_test_3.json 14964 86919426 3.37784 7.5 0.02 0.995 OK
0 instance_test_3.json 14933 14647669 3.30057 7.5 0.05 0.98 OK
0 instance_test_3.json 15909 67467300 3.5202 7.5 0.05 0.99 OK
0 instance_test_3.json 15872 40977328 3.4261 7.5 0.05 0.995 OK
0 instance_test_3.json 14916 88161949 3.37193 7.5 0.1 0.98 OK
0 instance_test_3.json 14903 613804 3.21085 7.5 0.1 0.99 OK
0 instance_test_3.json 14939 28095853 3.13844 7.5 0.1 0.995 OK
0 instance_test_3.json 14854 64420356 2.18388 10.0 0.02 0.98 OK
0 instance_test_3.json 14939 17260119 3.13543 10.0 0.02 0.99 OK
0 instance_test_3.json 14864 59358760 3.14853 10.0 0.02 0.995 OK
0 instance_test_3.json 14919 20739369 3.27957 10.0 0.05 0.98 OK
0 instance_test_3.json 14997 77724519 3.23101 10.0 0.05 0.99 OK
0 instance_test_3.json 14912 68519397 3.23245 10.0 0.05 0.995 OK
0 instance_test_3.json 15019 60825828 3.22915 10.0 0.1 0.98 OK
0 instance_test_3.json 14973 50472529 3.20792 10.0 0.1 0.99 OK
0 instance_test_3.json 15975 91745003 3.30852 10.0 0.1 0.995 OK

0 instance_test_4.json 17512 99171537 4.04494 5.0 0.02 0.98 OK
0 instance_test_4.json 17648 78345375 3.12136 5.0 0.02 0.99 OK
0 instance_test_4.json 21786 76998577 4.30008 5.0 0.02 0.995 OK
0 instance_test_4.json 21789 47775600 5.17286 5.0 0.05 0.98 OK
0 instance_test_4.json 21819 52617078 4.05588 5.0 0.05 0.99 OK
0 instance_test_4.json 17487 87609989 3.94855 5.0 0.05 0.995 OK
0 instance_test_4.json 21874 27154480 3.95879 5.0 0.1 0.98 OK
0 instance_test_4.json 17466 79548085 3.97199 5.0 0.1 0.99 OK
0 instance_test_4.json 22008 59698892 3.02015 5.0 0.1 0.995 OK
0 instance_test_4.json 17428 29666581 3.95674 7.5 0.02 0.98 OK
0 instance_test_4.json 17556 38634471 3.95935 7.5 0.02 0.99 OK
0 instance_test_4.json 17621 58476698 3.94153 7.5 0.02 0.995 OK
0 instance_test_4.json 21832 85421358 3.9546 7.5 0.05 0.98 OK
0 instance_test_4.json 17616 26703006 3.9453 7.5 0.05 0.99 OK
0 instance_test_4.json 21792 11917091 3.97525 7.5 0.05 0.995 OK
0 instance_test_4.json 17529 13092715 3.95342 7.5 0.1 0.98 OK
0 instance_test_4.json 17932 83590597 3.04073 7.5 0.1 0.99 OK
0 instance_test_4.json 17674 57590842 4.46584 7.5 0.1 0.995 OK
0 instance_test_4.json 17751 18297491 5.71892 10.0 0.02 0.98 OK
0 instance_test_4.json 17553 33645379 5.20163 10.0 0.02 0.99 OK
0 instance_test_4.json 17536 72986170 5.40909 10.0 0.02 0.995 OK
0 instance_test_4.json 17587 99291674 6.24991 10.0 0.05 0.98 OK
0 instance_test_4.json 17607 82493860 3.19884 10.0 0.05 0.99 OK
0 instance_test_4.json 17816 20288647 3.96525 10.0 0.05 0.995 OK
0 instance_test_4.json 17591 22423832 4.11659 10.0 0.1 0.98 OK
0 instance_test_4.json 17587 87266534 4.11934 10.0 0.1 0.99 OK
0 instance_test_4.json 21951 94551092 4.70067 10.0 0.1 0.995 OK

Trial Instance Cost Seed Time Start_Temp Min_Temp Cooling_Rate Status
0 instance_test_1.json 22560 42578050 3.96192 5.0 0.02 0.98 OK
0 instance_test_1.json 22560 9892974 2.76513 5.0 0.02 0.99 OK
0 instance_test_1.json 24816 81116402 3.97349 5.0 0.02 0.995 OK
0 instance_test_1.json 24816 9264020 4.00732 5.0 0.05 0.98 OK
0 instance_test_1.json 24784 59725352 4.18668 5.0 0.05 0.99 OK
0 instance_test_1.json 24824 45505595 4.43604 5.0 0.05 0.995 OK
0 instance_test_1.json 24824 50210569 3.89966 5.0 0.1 0.98 OK
0 instance_test_1.json 22584 31731007 3.99266 5.0 0.1 0.99 OK
0 instance_test_1.json 24824 3299362 4.10922 5.0 0.1 0.995 OK
0 instance_test_1.json 22576 68194880 2.85603 7.5 0.02 0.98 OK
0 instance_test_1.json 22560 70222585 3.77275 7.5 0.02 0.99 OK
0 instance_test_1.json 22600 57090630 3.85105 7.5 0.02 0.995 OK
0 instance_test_1.json 22584 22627303 3.80364 7.5 0.05 0.98 OK
0 instance_test_1.json 22600 29354380 3.78077 7.5 0.05 0.99 OK
0 instance_test_1.json 22560 18630084 3.78965 7.5 0.05 0.995 OK
0 instance_test_1.json 24824 51618131 3.80615 7.5 0.1 0.98 OK
0 instance_test_1.json 22592 93787522 3.78851 7.5 0.1 0.99 OK
0 instance_test_1.json 22592 29788665 3.7769 7.5 0.1 0.995 OK
0 instance_test_1.json 22592 34331785 2.7181 10.0 0.02 0.98 OK
0 instance_test_1.json 22600 24175670 3.7504 10.0 0.02 0.99 OK
0 instance_test_1.json 22608 77826879 3.81164 10.0 0.02 0.995 OK
0 instance_test_1.json 22584 78070673 4.26028 10.0 0.05 0.98 OK
0 instance_test_1.json 24816 62726933 4.14699 10.0 0.05 0.99 OK
0 instance_test_1.json 22600 48071004 4.28293 10.0 0.05 0.995 OK
0 instance_test_1.json 22576 96255989 4.01735 10.0 0.1 0.98 OK
0 instance_test_1.json 22584 62347645 3.84593 10.0 0.1 0.99 OK
0 instance_test_1.json 22568 77908689 2.6701 10.0 0.1 0.995 OK

0 instance_test_2.json 47982 38367523 2.78812 5.0 0.02 0.98 OK
0 instance_test_2.json 47968 52902091 2.75954 5.0 0.02 0.99 OK
0 instance_test_2.json 48003 66959216 2.87043 5.0 0.02 0.995 OK
0 instance_test_2.json 47982 48105304 2.88972 5.0 0.05 0.98 OK
0 instance_test_2.json 47989 64211526 2.89678 5.0 0.05 0.99 OK
0 instance_test_2.json 48003 14489651 2.79393 5.0 0.05 0.995 OK
0 instance_test_2.json 47989 54249090 2.83549 5.0 0.1 0.98 OK
0 instance_test_2.json 48003 8634303 2.80328 5.0 0.1 0.99 OK
0 instance_test_2.json 48010 55387635 2.83332 5.0 0.1 0.995 OK
0 instance_test_2.json 47996 31295129 2.77628 7.5 0.02 0.98 OK
0 instance_test_2.json 47996 99460895 1.72987 7.5 0.02 0.99 OK
0 instance_test_2.json 48010 95097264 3.01081 7.5 0.02 0.995 OK
0 instance_test_2.json 47975 53357365 2.77214 7.5 0.05 0.98 OK
0 instance_test_2.json 48003 64950389 2.83869 7.5 0.05 0.99 OK
0 instance_test_2.json 48003 72398237 2.7768 7.5 0.05 0.995 OK
0 instance_test_2.json 47989 6472818 2.78767 7.5 0.1 0.98 OK
0 instance_test_2.json 48017 91371477 2.87307 7.5 0.1 0.99 OK
0 instance_test_2.json 48010 32867089 2.84585 7.5 0.1 0.995 OK
0 instance_test_2.json 47989 7333205 2.81224 10.0 0.02 0.98 OK
0 instance_test_2.json 48003 19350374 2.78602 10.0 0.02 0.99 OK
0 instance_test_2.json 48003 79923023 2.77593 10.0 0.02 0.995 OK
0 instance_test_2.json 48024 45794269 1.81893 10.0 0.05 0.98 OK
0 instance_test_2.json 48003 6064383 2.78874 10.0 0.05 0.99 OK
0 instance_test_2.json 47975 24026026 2.76963 10.0 0.05 0.995 OK
0 instance_test_2.json 48017 79018693 2.79737 10.0 0.1 0.98 OK
0 instance_test_2.json 47982 34730746 2.84721 10.0 0.1 0.99 OK
0 instance_test_2.json 47996 18274311 2.86189 10.0 0.1 0.995 OK

0 instance_test_3.json 14845 53266095 3.16619 5.0 0.02 0.98 OK
0 instance_test_3.json 14891 42672909 3.18811 5.0 0.02 0.99 OK
0 instance_test_3.json 15914 99038103 3.3218 5.0 0.02 0.995 OK
0 instance_test_3.json 14873 75142936 3.63072 5.0 0.05 0.98 OK
0 instance_test_3.json 14902 21443358 3.17148 5.0 0.05 0.99 OK
0 instance_test_3.json 14889 3741670 2.25963 5.0 0.05 0.995 OK
0 instance_test_3.json 14826 17449510 3.17119 5.0 0.1 0.98 OK
0 instance_test_3.json 15879 46685862 3.18243 5.0 0.1 0.99 OK
0 instance_test_3.json 14861 23223910 3.2015 5.0 0.1 0.995 OK
0 instance_test_3.json 14936 95890651 3.29002 7.5 0.02 0.98 OK
0 instance_test_3.json 14790 7171859 3.42023 7.5 0.02 0.99 OK
0 instance_test_3.json 14921 48308203 3.14459 7.5 0.02 0.995 OK
0 instance_test_3.json 14908 24702645 3.16019 7.5 0.05 0.98 OK
0 instance_test_3.json 14969 34175274 3.1903 7.5 0.05 0.99 OK
0 instance_test_3.json 14877 57375559 2.11371 7.5 0.05 0.995 OK
0 instance_test_3.json 14836 47190048 3.15539 7.5 0.1 0.98 OK
0 instance_test_3.json 14863 57314439 3.18274 7.5 0.1 0.99 OK
0 instance_test_3.json 14908 83321673 3.17009 7.5 0.1 0.995 OK
0 instance_test_3.json 14834 62058158 3.19086 10.0 0.02 0.98 OK
0 instance_test_3.json 14911 40889257 3.1449 10.0 0.02 0.99 OK
0 instance_test_3.json 14892 88613059 3.20361 10.0 0.02 0.995 OK
0 instance_test_3.json 14882 8414329 3.14024 10.0 0.05 0.98 OK
0 instance_test_3.json 14908 31900261 3.15359 10.0 0.05 0.99 OK
0 instance_test_3.json 14851 43900709 3.196 10.0 0.05 0.995 OK
0 instance_test_3.json 14927 85458498 3.15448 10.0 0.1 0.98 OK
0 instance_test_3.json 14998 41673624 2.13589 10.0 0.1 0.99 OK
0 instance_test_3.json 15964 75643411 3.17152 10.0 0.1 0.995 OK

0 instance_test_4.json 17791 39425383 3.96077 5.0 0.02 0.98 OK
0 instance_test_4.json 17571 69730409 3.93873 5.0 0.02 0.99 OK
0 instance_test_4.json 21771 18436274 3.92195 5.0 0.02 0.995 OK
0 instance_test_4.json 17649 74905600 4.01242 5.0 0.05 0.98 OK
0 instance_test_4.json 21800 79477768 4.41721 5.0 0.05 0.99 OK
0 instance_test_4.json 21833 56042177 3.98494 5.0 0.05 0.995 OK
0 instance_test_4.json 17514 75860685 2.94318 5.0 0.1 0.98 OK
0 instance_test_4.json 17502 22318333 3.96245 5.0 0.1 0.99 OK
0 instance_test_4.json 21800 27302027 3.94997 5.0 0.1 0.995 OK
0 instance_test_4.json 17495 51099087 4.02795 7.5 0.02 0.98 OK
0 instance_test_4.json 21872 29284282 4.12521 7.5 0.02 0.99 OK
0 instance_test_4.json 17477 16351496 3.93724 7.5 0.02 0.995 OK
0 instance_test_4.json 17614 26049105 4.01672 7.5 0.05 0.98 OK
0 instance_test_4.json 17651 2513689 3.94967 7.5 0.05 0.99 OK
0 instance_test_4.json 17508 62464179 2.9017 7.5 0.05 0.995 OK
0 instance_test_4.json 17665 18423637 4.03997 7.5 0.1 0.98 OK
0 instance_test_4.json 17517 4091507 4.07633 7.5 0.1 0.99 OK
0 instance_test_4.json 22012 1383707 4.0259 7.5 0.1 0.995 OK
0 instance_test_4.json 17590 29314613 4.06706 10.0 0.02 0.98 OK
0 instance_test_4.json 17603 64912120 4.04527 10.0 0.02 0.99 OK
0 instance_test_4.json 21923 57653620 3.99938 10.0 0.02 0.995 OK
0 instance_test_4.json 17599 58347794 3.99198 10.0 0.05 0.98 OK
0 instance_test_4.json 21881 61527261 2.82393 10.0 0.05 0.99 OK
0 instance_test_4.json 17599 55437895 3.98164 10.0 0.05 0.995 OK
0 instance_test_4.json 21863 5508352 4.15098 10.0 0.1 0.98 OK
0 instance_test_4.json 17462 30760962 4.18729 10.0 0.1 0.99 OK
0 instance_test_4.json 17605 69069018 4.58702 10.0 0.1 0.995 OK

Trial Instance Cost Seed Time Start_Temp Min_Temp Cooling_Rate Status
0 instance_test_1.json 6136 72408479 4.45715 5.0 0.02 0.98 OK
0 instance_test_1.json 6824 46799289 4.17124 5.0 0.02 0.99 OK
0 instance_test_1.json 5700 25956190 4.40624 5.0 0.02 0.995 OK
0 instance_test_1.json 5128 11101311 4.65593 5.0 0.05 0.98 OK
0 instance_test_1.json 4608 48198458 4.42139 5.0 0.05 0.99 OK
0 instance_test_1.json 6704 23787280 4.32706 5.0 0.05 0.995 OK
0 instance_test_1.json 4664 64164163 4.28634 5.0 0.1 0.98 OK
0 instance_test_1.json 6304 97308901 3.15929 5.0 0.1 0.99 OK
0 instance_test_1.json 6304 1215643 4.3206 5.0 0.1 0.995 OK
0 instance_test_1.json 6152 85261121 4.42227 7.5 0.02 0.98 OK
0 instance_test_1.json 6592 55574096 4.23149 7.5 0.02 0.99 OK
0 instance_test_1.json 4722 92103555 4.28106 7.5 0.02 0.995 OK
0 instance_test_1.json 4744 58613479 4.15083 7.5 0.05 0.98 OK
0 instance_test_1.json 5584 30287122 4.53332 7.5 0.05 0.99 OK
0 instance_test_1.json 4800 57125061 3.22964 7.5 0.05 0.995 OK
0 instance_test_1.json 4632 32387808 4.28222 7.5 0.1 0.98 OK
0 instance_test_1.json 4792 73942633 4.29163 7.5 0.1 0.99 OK
0 instance_test_1.json 4616 17422900 4.24041 7.5 0.1 0.995 OK
0 instance_test_1.json 4592 89347287 4.29962 10.0 0.02 0.98 OK
0 instance_test_1.json 4616 28904052 4.20089 10.0 0.02 0.99 OK
0 instance_test_1.json 4592 52249468 4.18982 10.0 0.02 0.995 OK
0 instance_test_1.json 4608 42029793 4.18477 10.0 0.05 0.98 OK
0 instance_test_1.json 4616 66637296 3.09626 10.0 0.05 0.99 OK
0 instance_test_1.json 4632 40118153 4.16989 10.0 0.05 0.995 OK
0 instance_test_1.json 4608 67811180 4.17116 10.0 0.1 0.98 OK
0 instance_test_1.json 4624 66997130 4.32497 10.0 0.1 0.99 OK
0 instance_test_1.json 4632 18876381 4.1745 10.0 0.1 0.995 OK

0 instance_test_2.json 5191 28018395 3.19102 5.0 0.02 0.98 OK
0 instance_test_2.json 5198 73780396 3.2322 5.0 0.02 0.99 OK
0 instance_test_2.json 5198 7284259 3.59705 5.0 0.02 0.995 OK
0 instance_test_2.json 5205 41041327 2.4295 5.0 0.05 0.98 OK
0 instance_test_2.json 5205 9976472 3.19753 5.0 0.05 0.99 OK
0 instance_test_2.json 5212 85558909 3.22897 5.0 0.05 0.995 OK
0 instance_test_2.json 5205 70181373 3.18703 5.0 0.1 0.98 OK
0 instance_test_2.json 5205 97485925 3.24613 5.0 0.1 0.99 OK
0 instance_test_2.json 5191 1434265 3.18369 5.0 0.1 0.995 OK
0 instance_test_2.json 5212 6108142 3.21963 7.5 0.02 0.98 OK
0 instance_test_2.json 5205 36608489 3.18448 7.5 0.02 0.99 OK
0 instance_test_2.json 5191 6661094 3.30329 7.5 0.02 0.995 OK
0 instance_test_2.json 5205 36827994 3.38078 7.5 0.05 0.98 OK
0 instance_test_2.json 5191 36530660 2.15199 7.5 0.05 0.99 OK
0 instance_test_2.json 5198 88712326 3.32674 7.5 0.05 0.995 OK
0 instance_test_2.json 5205 71251099 3.23457 7.5 0.1 0.98 OK
0 instance_test_2.json 5205 44913815 3.59248 7.5 0.1 0.99 OK
0 instance_test_2.json 5198 71460765 3.29591 7.5 0.1 0.995 OK
0 instance_test_2.json 5198 80544155 3.2139 10.0 0.02 0.98 OK
0 instance_test_2.json 5198 29322987 3.26479 10.0 0.02 0.99 OK
0 instance_test_2.json 5219 61117082 3.2423 10.0 0.02 0.995 OK
0 instance_test_2.json 5191 42844625 3.19389 10.0 0.05 0.98 OK
0 instance_test_2.json 5205 82349447 2.07673 10.0 0.05 0.99 OK
0 instance_test_2.json 5205 2106448 3.19268 10.0 0.05 0.995 OK
0 instance_test_2.json 5205 51803194 3.40745 10.0 0.1 0.98 OK
0 instance_test_2.json 5198 42430153 3.22484 10.0 0.1 0.99 OK
0 instance_test_2.json 5205 3757485 3.17162 10.0 0.1 0.995 OK

0 instance_test_3.json 4040 90378898 3.37713 5.0 0.02 0.98 OK
0 instance_test_3.json 3959 10062538 3.43617 5.0 0.02 0.99 OK
0 instance_test_3.json 4027 21752468 3.44673 5.0 0.02 0.995 OK
0 instance_test_3.json 4047 15992359 3.39576 5.0 0.05 0.98 OK
0 instance_test_3.json 4079 75193397 3.41104 5.0 0.05 0.99 OK
0 instance_test_3.json 4038 41637014 2.28993 5.0 0.05 0.995 OK
0 instance_test_3.json 4079 56332307 3.39222 5.0 0.1 0.98 OK
0 instance_test_3.json 4075 6446686 3.37915 5.0 0.1 0.99 OK
0 instance_test_3.json 4007 60056933 3.41492 5.0 0.1 0.995 OK
0 instance_test_3.json 4070 30229912 3.37978 7.5 0.02 0.98 OK
0 instance_test_3.json 4099 54278205 3.39684 7.5 0.02 0.99 OK
0 instance_test_3.json 4077 4751847 3.38024 7.5 0.02 0.995 OK
0 instance_test_3.json 4114 24655387 3.37544 7.5 0.05 0.98 OK
0 instance_test_3.json 4091 98918087 3.38651 7.5 0.05 0.99 OK
0 instance_test_3.json 4112 23800141 3.38213 7.5 0.05 0.995 OK
0 instance_test_3.json 4110 53823735 2.34504 7.5 0.1 0.98 OK
0 instance_test_3.json 4109 56170669 3.39709 7.5 0.1 0.99 OK
0 instance_test_3.json 4135 74909520 3.38308 7.5 0.1 0.995 OK
0 instance_test_3.json 4077 24312198 3.36655 10.0 0.02 0.98 OK
0 instance_test_3.json 4103 24525770 3.39977 10.0 0.02 0.99 OK
0 instance_test_3.json 4124 29638173 3.39074 10.0 0.02 0.995 OK
0 instance_test_3.json 4080 26621255 3.37286 10.0 0.05 0.98 OK
0 instance_test_3.json 4187 17165287 3.38059 10.0 0.05 0.99 OK
0 instance_test_3.json 4038 81251349 3.37624 10.0 0.05 0.995 OK
0 instance_test_3.json 4094 69664487 2.26158 10.0 0.1 0.98 OK
0 instance_test_3.json 4135 69012223 3.39148 10.0 0.1 0.99 OK
0 instance_test_3.json 4122 96198640 3.40346 10.0 0.1 0.995 OK

0 instance_test_4.json 4859 23721454 4.22086 5.0 0.02 0.98 OK
0 instance_test_4.json 4891 50849867 4.24233 5.0 0.02 0.99 OK
0 instance_test_4.json 4876 43579673 4.24294 5.0 0.02 0.995 OK
0 instance_test_4.json 4854 88358276 4.24093 5.0 0.05 0.98 OK
0 instance_test_4.json 4871 64844730 4.26544 5.0 0.05 0.99 OK
0 instance_test_4.json 4822 41987416 3.19273 5.0 0.05 0.995 OK
0 instance_test_4.json 4762 18002480 4.19268 5.0 0.1 0.98 OK
0 instance_test_4.json 4936 54753383 4.24033 5.0 0.1 0.99 OK
0 instance_test_4.json 5026 23413534 4.25558 5.0 0.1 0.995 OK
0 instance_test_4.json 4763 74978926 4.22292 7.5 0.02 0.98 OK
0 instance_test_4.json 4926 35037092 4.3296 7.5 0.02 0.99 OK
0 instance_test_4.json 4877 77206290 4.29275 7.5 0.02 0.995 OK
0 instance_test_4.json 5039 33691277 4.28155 7.5 0.05 0.98 OK
0 instance_test_4.json 5032 32741227 3.14153 7.5 0.05 0.99 OK
0 instance_test_4.json 4968 94175405 4.23353 7.5 0.05 0.995 OK
0 instance_test_4.json 4969 11106653 4.2528 7.5 0.1 0.98 OK
0 instance_test_4.json 5001 1069409 4.24776 7.5 0.1 0.99 OK
0 instance_test_4.json 4849 27664352 4.30332 7.5 0.1 0.995 OK
0 instance_test_4.json 5092 45868078 4.23999 10.0 0.02 0.98 OK
0 instance_test_4.json 5043 78536130 4.32209 10.0 0.02 0.99 OK
0 instance_test_4.json 5017 31403561 3.09767 10.0 0.02 0.995 OK
0 instance_test_4.json 5095 10103879 4.22548 10.0 0.05 0.98 OK
0 instance_test_4.json 5001 88773910 4.23485 10.0 0.05 0.99 OK
0 instance_test_4.json 5094 74290046 4.25342 10.0 0.05 0.995 OK
0 instance_test_4.json 5168 44589131 4.22473 10.0 0.1 0.98 OK
0 instance_test_4.json 5279 81674053 4.21126 10.0 0.1 0.99 OK
0 instance_test_4.json 5280 9070394 4.27449 10.0 0.1 0.995 OK

Trial Instance Cost Seed Time Start_Temp Min_Temp Cooling_Rate Status
0 instance_test_1.json 24144 74959460 4.37541 5.0 0.02 0.98 OK
0 instance_test_1.json -1144940592 69524810 4.09456 5.0 0.02 0.99 OK
0 instance_test_1.json 24848 57897472 4.0087 5.0 0.02 0.995 OK
0 instance_test_1.json 22608 18804637 2.82855 5.0 0.05 0.98 OK
0 instance_test_1.json 23456 7194985 4.02884 5.0 0.05 0.99 OK
0 instance_test_1.json 50023760 43895443 4.02734 5.0 0.05 0.995 OK
0 instance_test_1.json 24848 19208078 4.02342 5.0 0.1 0.98 OK
0 instance_test_1.json -1234940552 57882534 4.00863 5.0 0.1 0.99 OK
0 instance_test_1.json 22576 52593478 4.19683 5.0 0.1 0.995 OK
0 instance_test_1.json 560024912 40582864 4.35515 7.5 0.02 0.98 OK
0 instance_test_1.json 22592 74596124 4.13826 7.5 0.02 0.99 OK
0 instance_test_1.json 22584 34716630 2.87234 7.5 0.02 0.995 OK
0 instance_test_1.json 22560 91590057 4.07118 7.5 0.05 0.98 OK
