#------------------------------------------------------------------------------
# irace: An implementation in R of (Elitist) Iterated Racing
# Version: 4.4.3.dd8d85f
# Copyright (C) 2010-2025
# Manuel Lopez-Ibanez     <manuel.lopez-ibanez@manchester.ac.uk>
# Jeremie Dubois-Lacoste
# Leslie Perez Caceres    <leslie.perez.caceres@ulb.ac.be>
#
# This is free software, and you are welcome to redistribute it under certain
# conditions.  See the GNU General Public License for details. There is NO
# WARRANTY; not even for MERCHANTABILITY or FITNESS FOR A PARTICULAR PURPOSE.
#
# irace builds upon previous code from the race package:
#     race: Racing methods for the selection of the best
#     Copyright (C) 2003 Mauro Birattari
#------------------------------------------------------------------------------
# installed at: /home/fabio/R/x86_64-pc-linux-gnu-library/4.3/irace
# called with: --scenario scenario.txt
# 2026-07-02 12:42:20 CEST: Reading parameter file '/home/fabio/Master_Thesis/parameters.txt'.
# 2026-07-02 12:42:20 CEST: Initialization
# Elitist race
# Elitist new instances: 1
# Elitist limit: 2
# nbIterations: 4
# minNbSurvival: 4
# nbParameters: 5
# seed: 1925801051
# confidence level: 0.95
# budget: 5000
# mu: 5
# deterministic: FALSE

# 2026-07-02 12:42:20 CEST: Iteration 1 of 4
# experimentsUsed: 0
# remainingBudget: 5000
# currentBudget: 1250
# nbConfigurations: 208
# Markers:
     x No test is performed.
     c Configurations are discarded only due to capping.
     - The test is performed and some configurations are discarded.
     = The test is performed but no configuration is discarded.
     ! The test is performed and configurations could be discarded but elite configurations are preserved.
     . Alive configurations were already evaluated on this instance and nothing is discarded.
     : All alive configurations are elite, but some need to be evaluated on this instance.

+-+-----------+-----------+-----------+----------------+-----------+--------+-----+----+------+
| |   Instance|      Alive|       Best|       Mean best| Exp so far|  W time|  rho|KenW|  Qvar|
+-+-----------+-----------+-----------+----------------+-----------+--------+-----+----+------+
|x|          1|        208|          4|     182.0000000|        208|00:02:51|   NA|  NA|    NA|
|x|          2|        208|         44|     1249.000000|        416|00:03:09|+0.37|0.68|0.8349|
|x|          3|        208|         44|     1277.000000|        624|00:04:20|+0.50|0.67|0.6321|
|x|          4|        208|         72|     1093.250000|        832|00:02:34|+0.46|0.60|0.7080|
|-|          5|         39|         72|     1446.200000|       1040|00:04:46|+0.30|0.44|0.9017|
|-|          6|         14|         72|     1244.666667|       1079|00:00:32|-0.03|0.14|0.9233|
|=|          7|         14|         72|     1262.142857|       1093|00:00:29|-0.02|0.13|0.9131|
|=|          8|         14|         72|     1131.750000|       1107|00:00:34|+0.03|0.15|0.9060|
+-+-----------+-----------+-----------+----------------+-----------+--------+-----+----+------+
Best-so-far configuration:          72    mean value:      1131.750000
Description of the best-so-far configuration:
   .ID. start_temp_factor min_temp_factor cooling_rate neighbors_accepted_ratio swap_rate .PARENT.
72   72            0.0342           1e-04       0.9939                   0.2102    0.4513       NA

# 2026-07-02 13:01:40 CEST: Elite configurations (first number is the configuration ID; listed from best to worst according to the sum of ranks):
    start_temp_factor min_temp_factor cooling_rate neighbors_accepted_ratio swap_rate
72             0.0342           1e-04       0.9939                   0.2102    0.4513
116            0.8721           1e-04       0.9959                   0.1516    0.5919
86             0.1250           1e-04       0.9966                   0.2806    0.3576
22             0.0214           1e-04       0.9971                   0.2630    0.6154
# 2026-07-02 13:01:40 CEST: Iteration 2 of 4
# experimentsUsed: 1107
# remainingBudget: 3893
# currentBudget: 1297
# nbConfigurations: 147
# Markers:
     x No test is performed.
     c Configurations are discarded only due to capping.
     - The test is performed and some configurations are discarded.
     = The test is performed but no configuration is discarded.
     ! The test is performed and configurations could be discarded but elite configurations are preserved.
     . Alive configurations were already evaluated on this instance and nothing is discarded.
     : All alive configurations are elite, but some need to be evaluated on this instance.

+-+-----------+-----------+-----------+----------------+-----------+--------+-----+----+------+
| |   Instance|      Alive|       Best|       Mean best| Exp so far|  W time|  rho|KenW|  Qvar|
+-+-----------+-----------+-----------+----------------+-----------+--------+-----+----+------+
