#------------------------------------------------------------------------------
# irace: An implementation in R of (Elitist) Iterated Racing
# Version: 4.4.3.dd8d85f
# Copyright (C) 2010-2025
# Manuel Lopez-Ibanez     <manuel.lopez-ibanez@manchester.ac.uk>
# Jeremie Dubois-Lacoste
# Leslie Perez Caceres    <leslie.perez.caceres@ulb.ac.be>
#
# This is free software, and you are welcome to redistribute it under certain
# conditions.  See the GNU General Public License for details. There is NO
# WARRANTY; not even for MERCHANTABILITY or FITNESS FOR A PARTICULAR PURPOSE.
#
# irace builds upon previous code from the race package:
#     race: Racing methods for the selection of the best
#     Copyright (C) 2003 Mauro Birattari
#------------------------------------------------------------------------------
# installed at: /home/fabio/R/x86_64-pc-linux-gnu-library/4.3/irace
# called with: --scenario scenario_wide.txt
# 2026-07-02 13:46:44 CEST: Reading parameter file '/home/fabio/Master_Thesis/parameters_wide.txt'.
Error: == irace == Domain bounds (1e-06, 1e-04) of parameter 'min_temp_factor' of type 'real' must be representable within the given 'digits=4'; you would need at least 'digits=6' or adjust the domain at '/home/fabio/Master_Thesis/parameters_wide.txt',line 3
Execution halted
